{"C:\\Projects\\SmartPark\\server\\src\\controllers\\admin.controller.js": {"path":"C:\\Projects\\SmartPark\\server\\src\\controllers\\admin.controller.js","statementMap":{"0":{"start":{"line":17,"column":28},"end":{"line":24,"column":2}},"1":{"start":{"line":18,"column":15},"end":{"line":18,"column":40}},"2":{"start":{"line":20,"column":2},"end":{"line":23,"column":5}},"3":{"start":{"line":26,"column":27},"end":{"line":35,"column":2}},"4":{"start":{"line":27,"column":19},"end":{"line":27,"column":44}},"5":{"start":{"line":29,"column":2},"end":{"line":34,"column":5}},"6":{"start":{"line":37,"column":30},"end":{"line":46,"column":2}},"7":{"start":{"line":38,"column":18},"end":{"line":38,"column":58}},"8":{"start":{"line":40,"column":2},"end":{"line":45,"column":5}},"9":{"start":{"line":48,"column":29},"end":{"line":57,"column":2}},"10":{"start":{"line":49,"column":18},"end":{"line":49,"column":74}},"11":{"start":{"line":51,"column":2},"end":{"line":56,"column":5}},"12":{"start":{"line":59,"column":35},"end":{"line":68,"column":2}},"13":{"start":{"line":60,"column":18},"end":{"line":60,"column":63}},"14":{"start":{"line":62,"column":2},"end":{"line":67,"column":5}},"15":{"start":{"line":70,"column":27},"end":{"line":79,"column":2}},"16":{"start":{"line":71,"column":19},"end":{"line":71,"column":62}},"17":{"start":{"line":73,"column":2},"end":{"line":78,"column":5}},"18":{"start":{"line":81,"column":24},"end":{"line":90,"column":2}},"19":{"start":{"line":82,"column":16},"end":{"line":82,"column":38}},"20":{"start":{"line":84,"column":2},"end":{"line":89,"column":5}},"21":{"start":{"line":92,"column":25},"end":{"line":101,"column":2}},"22":{"start":{"line":93,"column":15},"end":{"line":93,"column":75}},"23":{"start":{"line":95,"column":2},"end":{"line":100,"column":5}},"24":{"start":{"line":103,"column":27},"end":{"line":112,"column":2}},"25":{"start":{"line":104,"column":15},"end":{"line":104,"column":52}},"26":{"start":{"line":106,"column":2},"end":{"line":111,"column":5}},"27":{"start":{"line":114,"column":29},"end":{"line":123,"column":2}},"28":{"start":{"line":115,"column":17},"end":{"line":115,"column":56}},"29":{"start":{"line":117,"column":2},"end":{"line":117,"column":79}},"30":{"start":{"line":119,"column":2},"end":{"line":122,"column":5}},"31":{"start":{"line":125,"column":29},"end":{"line":134,"column":2}},"32":{"start":{"line":126,"column":18},"end":{"line":126,"column":57}},"33":{"start":{"line":128,"column":2},"end":{"line":133,"column":5}},"34":{"start":{"line":136,"column":29},"end":{"line":145,"column":2}},"35":{"start":{"line":137,"column":18},"end":{"line":137,"column":75}},"36":{"start":{"line":139,"column":2},"end":{"line":144,"column":5}}},"fnMap":{"0":{"name":"(anonymous_0)","decl":{"start":{"line":17,"column":41},"end":{"line":17,"column":42}},"loc":{"start":{"line":17,"column":62},"end":{"line":24,"column":1}},"line":17},"1":{"name":"(anonymous_1)","decl":{"start":{"line":26,"column":40},"end":{"line":26,"column":41}},"loc":{"start":{"line":26,"column":61},"end":{"line":35,"column":1}},"line":26},"2":{"name":"(anonymous_2)","decl":{"start":{"line":37,"column":43},"end":{"line":37,"column":44}},"loc":{"start":{"line":37,"column":63},"end":{"line":46,"column":1}},"line":37},"3":{"name":"(anonymous_3)","decl":{"start":{"line":48,"column":42},"end":{"line":48,"column":43}},"loc":{"start":{"line":48,"column":62},"end":{"line":57,"column":1}},"line":48},"4":{"name":"(anonymous_4)","decl":{"start":{"line":59,"column":48},"end":{"line":59,"column":49}},"loc":{"start":{"line":59,"column":68},"end":{"line":68,"column":1}},"line":59},"5":{"name":"(anonymous_5)","decl":{"start":{"line":70,"column":40},"end":{"line":70,"column":41}},"loc":{"start":{"line":70,"column":60},"end":{"line":79,"column":1}},"line":70},"6":{"name":"(anonymous_6)","decl":{"start":{"line":81,"column":37},"end":{"line":81,"column":38}},"loc":{"start":{"line":81,"column":58},"end":{"line":90,"column":1}},"line":81},"7":{"name":"(anonymous_7)","decl":{"start":{"line":92,"column":38},"end":{"line":92,"column":39}},"loc":{"start":{"line":92,"column":58},"end":{"line":101,"column":1}},"line":92},"8":{"name":"(anonymous_8)","decl":{"start":{"line":103,"column":40},"end":{"line":103,"column":41}},"loc":{"start":{"line":103,"column":60},"end":{"line":112,"column":1}},"line":103},"9":{"name":"(anonymous_9)","decl":{"start":{"line":114,"column":42},"end":{"line":114,"column":43}},"loc":{"start":{"line":114,"column":62},"end":{"line":123,"column":1}},"line":114},"10":{"name":"(anonymous_10)","decl":{"start":{"line":125,"column":42},"end":{"line":125,"column":43}},"loc":{"start":{"line":125,"column":62},"end":{"line":134,"column":1}},"line":125},"11":{"name":"(anonymous_11)","decl":{"start":{"line":136,"column":42},"end":{"line":136,"column":43}},"loc":{"start":{"line":136,"column":62},"end":{"line":145,"column":1}},"line":136}},"branchMap":{},"s":{"0":2,"1":0,"2":0,"3":2,"4":0,"5":0,"6":2,"7":0,"8":0,"9":2,"10":0,"11":0,"12":2,"13":0,"14":0,"15":2,"16":0,"17":0,"18":2,"19":0,"20":0,"21":2,"22":0,"23":0,"24":2,"25":0,"26":0,"27":2,"28":0,"29":0,"30":0,"31":2,"32":0,"33":0,"34":2,"35":0,"36":0},"f":{"0":0,"1":0,"2":0,"3":0,"4":0,"5":0,"6":0,"7":0,"8":0,"9":0,"10":0,"11":0},"b":{},"_coverageSchema":"1a1c01bbd47fc00a2c39e90264f33305004495a9","hash":"578b405338374e0576cbafd29bf23ac4864af58e"}
,"C:\\Projects\\SmartPark\\server\\src\\controllers\\analytics.controller.js": {"path":"C:\\Projects\\SmartPark\\server\\src\\controllers\\analytics.controller.js","statementMap":{"0":{"start":{"line":4,"column":34},"end":{"line":7,"column":2}},"1":{"start":{"line":5,"column":15},"end":{"line":5,"column":70}},"2":{"start":{"line":6,"column":2},"end":{"line":6,"column":21}},"3":{"start":{"line":9,"column":33},"end":{"line":36,"column":2}},"4":{"start":{"line":11,"column":18},"end":{"line":11,"column":20}},"5":{"start":{"line":14,"column":2},"end":{"line":27,"column":3}},"6":{"start":{"line":15,"column":4},"end":{"line":15,"column":44}},"7":{"start":{"line":16,"column":4},"end":{"line":16,"column":40}},"8":{"start":{"line":17,"column":9},"end":{"line":27,"column":3}},"9":{"start":{"line":19,"column":17},"end":{"line":19,"column":46}},"10":{"start":{"line":20,"column":4},"end":{"line":26,"column":5}},"11":{"start":{"line":21,"column":22},"end":{"line":21,"column":32}},"12":{"start":{"line":22,"column":24},"end":{"line":22,"column":34}},"13":{"start":{"line":23,"column":6},"end":{"line":23,"column":52}},"14":{"start":{"line":24,"column":6},"end":{"line":24,"column":63}},"15":{"start":{"line":25,"column":6},"end":{"line":25,"column":59}},"16":{"start":{"line":30,"column":2},"end":{"line":32,"column":3}},"17":{"start":{"line":31,"column":4},"end":{"line":31,"column":44}},"18":{"start":{"line":34,"column":15},"end":{"line":34,"column":78}},"19":{"start":{"line":35,"column":2},"end":{"line":35,"column":21}},"20":{"start":{"line":38,"column":33},"end":{"line":41,"column":2}},"21":{"start":{"line":39,"column":15},"end":{"line":39,"column":57}},"22":{"start":{"line":40,"column":2},"end":{"line":40,"column":21}}},"fnMap":{"0":{"name":"(anonymous_0)","decl":{"start":{"line":4,"column":47},"end":{"line":4,"column":48}},"loc":{"start":{"line":4,"column":67},"end":{"line":7,"column":1}},"line":4},"1":{"name":"(anonymous_1)","decl":{"start":{"line":9,"column":46},"end":{"line":9,"column":47}},"loc":{"start":{"line":9,"column":66},"end":{"line":36,"column":1}},"line":9},"2":{"name":"(anonymous_2)","decl":{"start":{"line":38,"column":46},"end":{"line":38,"column":47}},"loc":{"start":{"line":38,"column":66},"end":{"line":41,"column":1}},"line":38}},"branchMap":{"0":{"loc":{"start":{"line":14,"column":2},"end":{"line":27,"column":3}},"type":"if","locations":[{"start":{"line":14,"column":2},"end":{"line":27,"column":3}},{"start":{"line":17,"column":9},"end":{"line":27,"column":3}}],"line":14},"1":{"loc":{"start":{"line":14,"column":6},"end":{"line":14,"column":46}},"type":"binary-expr","locations":[{"start":{"line":14,"column":6},"end":{"line":14,"column":25}},{"start":{"line":14,"column":29},"end":{"line":14,"column":46}}],"line":14},"2":{"loc":{"start":{"line":17,"column":9},"end":{"line":27,"column":3}},"type":"if","locations":[{"start":{"line":17,"column":9},"end":{"line":27,"column":3}},{"start":{},"end":{}}],"line":17},"3":{"loc":{"start":{"line":20,"column":4},"end":{"line":26,"column":5}},"type":"if","locations":[{"start":{"line":20,"column":4},"end":{"line":26,"column":5}},{"start":{},"end":{}}],"line":20},"4":{"loc":{"start":{"line":20,"column":8},"end":{"line":20,"column":32}},"type":"binary-expr","locations":[{"start":{"line":20,"column":8},"end":{"line":20,"column":20}},{"start":{"line":20,"column":24},"end":{"line":20,"column":32}}],"line":20},"5":{"loc":{"start":{"line":30,"column":2},"end":{"line":32,"column":3}},"type":"if","locations":[{"start":{"line":30,"column":2},"end":{"line":32,"column":3}},{"start":{},"end":{}}],"line":30}},"s":{"0":2,"1":0,"2":0,"3":2,"4":0,"5":0,"6":0,"7":0,"8":0,"9":0,"10":0,"11":0,"12":0,"13":0,"14":0,"15":0,"16":0,"17":0,"18":0,"19":0,"20":2,"21":0,"22":0},"f":{"0":0,"1":0,"2":0},"b":{"0":[0,0],"1":[0,0],"2":[0,0],"3":[0,0],"4":[0,0],"5":[0,0]},"_coverageSchema":"1a1c01bbd47fc00a2c39e90264f33305004495a9","hash":"bf3f0c2591da2d83b8bf2eab58a7e53db4ca8e6d"}
,"C:\\Projects\\SmartPark\\server\\src\\controllers\\auth.controller.js": {"path":"C:\\Projects\\SmartPark\\server\\src\\controllers\\auth.controller.js","statementMap":{"0":{"start":{"line":12,"column":24},"end":{"line":29,"column":2}},"1":{"start":{"line":13,"column":2},"end":{"line":16,"column":5}},"2":{"start":{"line":18,"column":15},"end":{"line":18,"column":43}},"3":{"start":{"line":20,"column":2},"end":{"line":23,"column":5}},"4":{"start":{"line":25,"column":2},"end":{"line":28,"column":5}},"5":{"start":{"line":31,"column":21},"end":{"line":47,"column":2}},"6":{"start":{"line":32,"column":2},"end":{"line":34,"column":5}},"7":{"start":{"line":36,"column":15},"end":{"line":36,"column":40}},"8":{"start":{"line":38,"column":2},"end":{"line":41,"column":5}},"9":{"start":{"line":43,"column":2},"end":{"line":46,"column":5}},"10":{"start":{"line":49,"column":21},"end":{"line":56,"column":2}},"11":{"start":{"line":50,"column":2},"end":{"line":55,"column":5}},"12":{"start":{"line":58,"column":24},"end":{"line":67,"column":2}},"13":{"start":{"line":59,"column":15},"end":{"line":59,"column":58}},"14":{"start":{"line":61,"column":2},"end":{"line":66,"column":5}},"15":{"start":{"line":69,"column":32},"end":{"line":78,"column":2}},"16":{"start":{"line":70,"column":15},"end":{"line":70,"column":66}},"17":{"start":{"line":72,"column":2},"end":{"line":77,"column":5}},"18":{"start":{"line":80,"column":26},"end":{"line":87,"column":2}},"19":{"start":{"line":81,"column":15},"end":{"line":81,"column":45}},"20":{"start":{"line":83,"column":2},"end":{"line":86,"column":5}}},"fnMap":{"0":{"name":"(anonymous_0)","decl":{"start":{"line":12,"column":37},"end":{"line":12,"column":38}},"loc":{"start":{"line":12,"column":57},"end":{"line":29,"column":1}},"line":12},"1":{"name":"(anonymous_1)","decl":{"start":{"line":31,"column":34},"end":{"line":31,"column":35}},"loc":{"start":{"line":31,"column":54},"end":{"line":47,"column":1}},"line":31},"2":{"name":"(anonymous_2)","decl":{"start":{"line":49,"column":34},"end":{"line":49,"column":35}},"loc":{"start":{"line":49,"column":54},"end":{"line":56,"column":1}},"line":49},"3":{"name":"(anonymous_3)","decl":{"start":{"line":58,"column":37},"end":{"line":58,"column":38}},"loc":{"start":{"line":58,"column":57},"end":{"line":67,"column":1}},"line":58},"4":{"name":"(anonymous_4)","decl":{"start":{"line":69,"column":45},"end":{"line":69,"column":46}},"loc":{"start":{"line":69,"column":65},"end":{"line":78,"column":1}},"line":69},"5":{"name":"(anonymous_5)","decl":{"start":{"line":80,"column":39},"end":{"line":80,"column":40}},"loc":{"start":{"line":80,"column":59},"end":{"line":87,"column":1}},"line":80}},"branchMap":{},"s":{"0":2,"1":7,"2":7,"3":6,"4":6,"5":2,"6":3,"7":3,"8":1,"9":1,"10":2,"11":0,"12":2,"13":0,"14":0,"15":2,"16":0,"17":0,"18":2,"19":0,"20":0},"f":{"0":7,"1":3,"2":0,"3":0,"4":0,"5":0},"b":{},"_coverageSchema":"1a1c01bbd47fc00a2c39e90264f33305004495a9","hash":"dff4ab956001cf8ea099bf708dccb51521191387"}
,"C:\\Projects\\SmartPark\\server\\src\\controllers\\booking.controller.js": {"path":"C:\\Projects\\SmartPark\\server\\src\\controllers\\booking.controller.js","statementMap":{"0":{"start":{"line":8,"column":40},"end":{"line":13,"column":2}},"1":{"start":{"line":9,"column":2},"end":{"line":12,"column":5}},"2":{"start":{"line":15,"column":29},"end":{"line":24,"column":2}},"3":{"start":{"line":16,"column":19},"end":{"line":16,"column":49}},"4":{"start":{"line":18,"column":2},"end":{"line":23,"column":5}},"5":{"start":{"line":26,"column":26},"end":{"line":35,"column":2}},"6":{"start":{"line":27,"column":18},"end":{"line":27,"column":65}},"7":{"start":{"line":29,"column":2},"end":{"line":34,"column":5}},"8":{"start":{"line":37,"column":40},"end":{"line":46,"column":2}},"9":{"start":{"line":38,"column":18},"end":{"line":38,"column":62}},"10":{"start":{"line":40,"column":2},"end":{"line":45,"column":5}}},"fnMap":{"0":{"name":"(anonymous_0)","decl":{"start":{"line":8,"column":53},"end":{"line":8,"column":54}},"loc":{"start":{"line":8,"column":73},"end":{"line":13,"column":1}},"line":8},"1":{"name":"(anonymous_1)","decl":{"start":{"line":15,"column":42},"end":{"line":15,"column":43}},"loc":{"start":{"line":15,"column":62},"end":{"line":24,"column":1}},"line":15},"2":{"name":"(anonymous_2)","decl":{"start":{"line":26,"column":39},"end":{"line":26,"column":40}},"loc":{"start":{"line":26,"column":59},"end":{"line":35,"column":1}},"line":26},"3":{"name":"(anonymous_3)","decl":{"start":{"line":37,"column":53},"end":{"line":37,"column":54}},"loc":{"start":{"line":37,"column":73},"end":{"line":46,"column":1}},"line":37}},"branchMap":{},"s":{"0":2,"1":0,"2":2,"3":0,"4":0,"5":2,"6":0,"7":0,"8":2,"9":0,"10":0},"f":{"0":0,"1":0,"2":0,"3":0},"b":{},"_coverageSchema":"1a1c01bbd47fc00a2c39e90264f33305004495a9","hash":"1cd192a3cbf9f4618025a803508498bdef0a6f6a"}
,"C:\\Projects\\SmartPark\\server\\src\\controllers\\chat.controller.js": {"path":"C:\\Projects\\SmartPark\\server\\src\\controllers\\chat.controller.js","statementMap":{"0":{"start":{"line":18,"column":26},"end":{"line":45,"column":2}},"1":{"start":{"line":19,"column":23},"end":{"line":19,"column":31}},"2":{"start":{"line":21,"column":2},"end":{"line":23,"column":3}},"3":{"start":{"line":22,"column":4},"end":{"line":22,"column":79}},"4":{"start":{"line":25,"column":2},"end":{"line":27,"column":3}},"5":{"start":{"line":26,"column":4},"end":{"line":26,"column":69}},"6":{"start":{"line":30,"column":2},"end":{"line":37,"column":3}},"7":{"start":{"line":31,"column":4},"end":{"line":33,"column":5}},"8":{"start":{"line":32,"column":6},"end":{"line":32,"column":93}},"9":{"start":{"line":34,"column":4},"end":{"line":36,"column":5}},"10":{"start":{"line":35,"column":6},"end":{"line":35,"column":88}},"11":{"start":{"line":39,"column":17},"end":{"line":39,"column":44}},"12":{"start":{"line":41,"column":2},"end":{"line":44,"column":5}}},"fnMap":{"0":{"name":"(anonymous_0)","decl":{"start":{"line":18,"column":39},"end":{"line":18,"column":40}},"loc":{"start":{"line":18,"column":59},"end":{"line":45,"column":1}},"line":18}},"branchMap":{"0":{"loc":{"start":{"line":21,"column":2},"end":{"line":23,"column":3}},"type":"if","locations":[{"start":{"line":21,"column":2},"end":{"line":23,"column":3}},{"start":{},"end":{}}],"line":21},"1":{"loc":{"start":{"line":21,"column":6},"end":{"line":21,"column":43}},"type":"binary-expr","locations":[{"start":{"line":21,"column":6},"end":{"line":21,"column":15}},{"start":{"line":21,"column":19},"end":{"line":21,"column":43}}],"line":21},"2":{"loc":{"start":{"line":25,"column":2},"end":{"line":27,"column":3}},"type":"if","locations":[{"start":{"line":25,"column":2},"end":{"line":27,"column":3}},{"start":{},"end":{}}],"line":25},"3":{"loc":{"start":{"line":31,"column":4},"end":{"line":33,"column":5}},"type":"if","locations":[{"start":{"line":31,"column":4},"end":{"line":33,"column":5}},{"start":{},"end":{}}],"line":31},"4":{"loc":{"start":{"line":31,"column":8},"end":{"line":31,"column":62}},"type":"binary-expr","locations":[{"start":{"line":31,"column":8},"end":{"line":31,"column":17}},{"start":{"line":31,"column":21},"end":{"line":31,"column":62}}],"line":31},"5":{"loc":{"start":{"line":34,"column":4},"end":{"line":36,"column":5}},"type":"if","locations":[{"start":{"line":34,"column":4},"end":{"line":36,"column":5}},{"start":{},"end":{}}],"line":34},"6":{"loc":{"start":{"line":34,"column":8},"end":{"line":34,"column":68}},"type":"binary-expr","locations":[{"start":{"line":34,"column":8},"end":{"line":34,"column":39}},{"start":{"line":34,"column":43},"end":{"line":34,"column":68}}],"line":34}},"s":{"0":2,"1":0,"2":0,"3":0,"4":0,"5":0,"6":0,"7":0,"8":0,"9":0,"10":0,"11":0,"12":0},"f":{"0":0},"b":{"0":[0,0],"1":[0,0],"2":[0,0],"3":[0,0],"4":[0,0],"5":[0,0],"6":[0,0]},"_coverageSchema":"1a1c01bbd47fc00a2c39e90264f33305004495a9","hash":"2a30aafc3670be71c628349b3546022f05a59a61"}
,"C:\\Projects\\SmartPark\\server\\src\\controllers\\health.controller.js": {"path":"C:\\Projects\\SmartPark\\server\\src\\controllers\\health.controller.js","statementMap":{"0":{"start":{"line":2,"column":2},"end":{"line":9,"column":5}}},"fnMap":{"0":{"name":"getHealth","decl":{"start":{"line":1,"column":16},"end":{"line":1,"column":25}},"loc":{"start":{"line":1,"column":37},"end":{"line":10,"column":1}},"line":1}},"branchMap":{},"s":{"0":0},"f":{"0":0},"b":{},"_coverageSchema":"1a1c01bbd47fc00a2c39e90264f33305004495a9","hash":"62e6044f66aab16ea3891662ba5dfe9e935251ed"}
,"C:\\Projects\\SmartPark\\server\\src\\controllers\\notification.controller.js": {"path":"C:\\Projects\\SmartPark\\server\\src\\controllers\\notification.controller.js","statementMap":{"0":{"start":{"line":13,"column":32},"end":{"line":23,"column":2}},"1":{"start":{"line":14,"column":39},"end":{"line":17,"column":4}},"2":{"start":{"line":19,"column":2},"end":{"line":22,"column":5}},"3":{"start":{"line":29,"column":32},"end":{"line":36,"column":2}},"4":{"start":{"line":30,"column":23},"end":{"line":30,"column":68}},"5":{"start":{"line":32,"column":2},"end":{"line":35,"column":5}},"6":{"start":{"line":42,"column":36},"end":{"line":49,"column":2}},"7":{"start":{"line":43,"column":2},"end":{"line":43,"column":36}},"8":{"start":{"line":45,"column":2},"end":{"line":48,"column":5}}},"fnMap":{"0":{"name":"(anonymous_0)","decl":{"start":{"line":13,"column":45},"end":{"line":13,"column":46}},"loc":{"start":{"line":13,"column":65},"end":{"line":23,"column":1}},"line":13},"1":{"name":"(anonymous_1)","decl":{"start":{"line":29,"column":45},"end":{"line":29,"column":46}},"loc":{"start":{"line":29,"column":65},"end":{"line":36,"column":1}},"line":29},"2":{"name":"(anonymous_2)","decl":{"start":{"line":42,"column":49},"end":{"line":42,"column":50}},"loc":{"start":{"line":42,"column":69},"end":{"line":49,"column":1}},"line":42}},"branchMap":{},"s":{"0":2,"1":0,"2":0,"3":2,"4":0,"5":0,"6":2,"7":0,"8":0},"f":{"0":0,"1":0,"2":0},"b":{},"_coverageSchema":"1a1c01bbd47fc00a2c39e90264f33305004495a9","hash":"3e07d7a01a00109b08fc0cf185f9102c0c601547"}
,"C:\\Projects\\SmartPark\\server\\src\\controllers\\owner.controller.js": {"path":"C:\\Projects\\SmartPark\\server\\src\\controllers\\owner.controller.js","statementMap":{"0":{"start":{"line":4,"column":40},"end":{"line":11,"column":2}},"1":{"start":{"line":5,"column":15},"end":{"line":5,"column":67}},"2":{"start":{"line":7,"column":2},"end":{"line":10,"column":5}},"3":{"start":{"line":13,"column":47},"end":{"line":22,"column":2}},"4":{"start":{"line":14,"column":18},"end":{"line":14,"column":69}},"5":{"start":{"line":16,"column":2},"end":{"line":21,"column":5}},"6":{"start":{"line":24,"column":34},"end":{"line":33,"column":2}},"7":{"start":{"line":25,"column":18},"end":{"line":25,"column":75}},"8":{"start":{"line":27,"column":2},"end":{"line":32,"column":5}}},"fnMap":{"0":{"name":"(anonymous_0)","decl":{"start":{"line":4,"column":53},"end":{"line":4,"column":54}},"loc":{"start":{"line":4,"column":73},"end":{"line":11,"column":1}},"line":4},"1":{"name":"(anonymous_1)","decl":{"start":{"line":13,"column":60},"end":{"line":13,"column":61}},"loc":{"start":{"line":13,"column":80},"end":{"line":22,"column":1}},"line":13},"2":{"name":"(anonymous_2)","decl":{"start":{"line":24,"column":47},"end":{"line":24,"column":48}},"loc":{"start":{"line":24,"column":67},"end":{"line":33,"column":1}},"line":24}},"branchMap":{},"s":{"0":2,"1":0,"2":0,"3":2,"4":0,"5":0,"6":2,"7":0,"8":0},"f":{"0":0,"1":0,"2":0},"b":{},"_coverageSchema":"1a1c01bbd47fc00a2c39e90264f33305004495a9","hash":"3e6ad6349d247194e1060147e056212a587c7836"}
,"C:\\Projects\\SmartPark\\server\\src\\controllers\\parking.controller.js": {"path":"C:\\Projects\\SmartPark\\server\\src\\controllers\\parking.controller.js","statementMap":{"0":{"start":{"line":18,"column":36},"end":{"line":27,"column":2}},"1":{"start":{"line":19,"column":18},"end":{"line":19,"column":57}},"2":{"start":{"line":21,"column":2},"end":{"line":26,"column":5}},"3":{"start":{"line":29,"column":40},"end":{"line":36,"column":2}},"4":{"start":{"line":30,"column":15},"end":{"line":30,"column":59}},"5":{"start":{"line":32,"column":2},"end":{"line":35,"column":5}},"6":{"start":{"line":38,"column":40},"end":{"line":45,"column":2}},"7":{"start":{"line":39,"column":15},"end":{"line":39,"column":59}},"8":{"start":{"line":41,"column":2},"end":{"line":44,"column":5}},"9":{"start":{"line":47,"column":36},"end":{"line":56,"column":2}},"10":{"start":{"line":48,"column":19},"end":{"line":48,"column":52}},"11":{"start":{"line":50,"column":2},"end":{"line":55,"column":5}},"12":{"start":{"line":58,"column":33},"end":{"line":67,"column":2}},"13":{"start":{"line":59,"column":18},"end":{"line":59,"column":73}},"14":{"start":{"line":61,"column":2},"end":{"line":66,"column":5}},"15":{"start":{"line":69,"column":36},"end":{"line":78,"column":2}},"16":{"start":{"line":70,"column":18},"end":{"line":70,"column":72}},"17":{"start":{"line":72,"column":2},"end":{"line":77,"column":5}},"18":{"start":{"line":80,"column":42},"end":{"line":89,"column":2}},"19":{"start":{"line":81,"column":18},"end":{"line":81,"column":82}},"20":{"start":{"line":83,"column":2},"end":{"line":88,"column":5}},"21":{"start":{"line":91,"column":41},"end":{"line":100,"column":2}},"22":{"start":{"line":92,"column":18},"end":{"line":92,"column":87}},"23":{"start":{"line":94,"column":2},"end":{"line":99,"column":5}},"24":{"start":{"line":102,"column":45},"end":{"line":111,"column":2}},"25":{"start":{"line":103,"column":18},"end":{"line":103,"column":89}},"26":{"start":{"line":105,"column":2},"end":{"line":110,"column":5}},"27":{"start":{"line":113,"column":36},"end":{"line":122,"column":2}},"28":{"start":{"line":114,"column":18},"end":{"line":114,"column":66}},"29":{"start":{"line":116,"column":2},"end":{"line":121,"column":5}},"30":{"start":{"line":124,"column":37},"end":{"line":133,"column":2}},"31":{"start":{"line":125,"column":18},"end":{"line":125,"column":53}},"32":{"start":{"line":127,"column":2},"end":{"line":132,"column":5}},"33":{"start":{"line":135,"column":36},"end":{"line":144,"column":2}},"34":{"start":{"line":136,"column":18},"end":{"line":136,"column":75}},"35":{"start":{"line":138,"column":2},"end":{"line":143,"column":5}},"36":{"start":{"line":149,"column":46},"end":{"line":160,"column":2}},"37":{"start":{"line":150,"column":40},"end":{"line":150,"column":58}},"38":{"start":{"line":151,"column":26},"end":{"line":151,"column":76}},"39":{"start":{"line":153,"column":2},"end":{"line":159,"column":5}}},"fnMap":{"0":{"name":"(anonymous_0)","decl":{"start":{"line":18,"column":49},"end":{"line":18,"column":50}},"loc":{"start":{"line":18,"column":69},"end":{"line":27,"column":1}},"line":18},"1":{"name":"(anonymous_1)","decl":{"start":{"line":29,"column":53},"end":{"line":29,"column":54}},"loc":{"start":{"line":29,"column":73},"end":{"line":36,"column":1}},"line":29},"2":{"name":"(anonymous_2)","decl":{"start":{"line":38,"column":53},"end":{"line":38,"column":54}},"loc":{"start":{"line":38,"column":73},"end":{"line":45,"column":1}},"line":38},"3":{"name":"(anonymous_3)","decl":{"start":{"line":47,"column":49},"end":{"line":47,"column":50}},"loc":{"start":{"line":47,"column":69},"end":{"line":56,"column":1}},"line":47},"4":{"name":"(anonymous_4)","decl":{"start":{"line":58,"column":46},"end":{"line":58,"column":47}},"loc":{"start":{"line":58,"column":66},"end":{"line":67,"column":1}},"line":58},"5":{"name":"(anonymous_5)","decl":{"start":{"line":69,"column":49},"end":{"line":69,"column":50}},"loc":{"start":{"line":69,"column":69},"end":{"line":78,"column":1}},"line":69},"6":{"name":"(anonymous_6)","decl":{"start":{"line":80,"column":55},"end":{"line":80,"column":56}},"loc":{"start":{"line":80,"column":75},"end":{"line":89,"column":1}},"line":80},"7":{"name":"(anonymous_7)","decl":{"start":{"line":91,"column":54},"end":{"line":91,"column":55}},"loc":{"start":{"line":91,"column":74},"end":{"line":100,"column":1}},"line":91},"8":{"name":"(anonymous_8)","decl":{"start":{"line":102,"column":58},"end":{"line":102,"column":59}},"loc":{"start":{"line":102,"column":78},"end":{"line":111,"column":1}},"line":102},"9":{"name":"(anonymous_9)","decl":{"start":{"line":113,"column":49},"end":{"line":113,"column":50}},"loc":{"start":{"line":113,"column":69},"end":{"line":122,"column":1}},"line":113},"10":{"name":"(anonymous_10)","decl":{"start":{"line":124,"column":50},"end":{"line":124,"column":51}},"loc":{"start":{"line":124,"column":70},"end":{"line":133,"column":1}},"line":124},"11":{"name":"(anonymous_11)","decl":{"start":{"line":135,"column":49},"end":{"line":135,"column":50}},"loc":{"start":{"line":135,"column":69},"end":{"line":144,"column":1}},"line":135},"12":{"name":"(anonymous_12)","decl":{"start":{"line":149,"column":59},"end":{"line":149,"column":60}},"loc":{"start":{"line":149,"column":79},"end":{"line":160,"column":1}},"line":149}},"branchMap":{"0":{"loc":{"start":{"line":59,"column":56},"end":{"line":59,"column":72}},"type":"binary-expr","locations":[{"start":{"line":59,"column":56},"end":{"line":59,"column":64}},{"start":{"line":59,"column":68},"end":{"line":59,"column":72}}],"line":59},"1":{"loc":{"start":{"line":81,"column":56},"end":{"line":81,"column":71}},"type":"binary-expr","locations":[{"start":{"line":81,"column":56},"end":{"line":81,"column":65}},{"start":{"line":81,"column":69},"end":{"line":81,"column":71}}],"line":81},"2":{"loc":{"start":{"line":136,"column":53},"end":{"line":136,"column":74}},"type":"binary-expr","locations":[{"start":{"line":136,"column":53},"end":{"line":136,"column":68}},{"start":{"line":136,"column":72},"end":{"line":136,"column":74}}],"line":136}},"s":{"0":2,"1":0,"2":0,"3":2,"4":2,"5":2,"6":2,"7":0,"8":0,"9":2,"10":0,"11":0,"12":2,"13":0,"14":0,"15":2,"16":0,"17":0,"18":2,"19":0,"20":0,"21":2,"22":0,"23":0,"24":2,"25":0,"26":0,"27":2,"28":0,"29":0,"30":2,"31":0,"32":0,"33":2,"34":0,"35":0,"36":2,"37":0,"38":0,"39":0},"f":{"0":0,"1":2,"2":0,"3":0,"4":0,"5":0,"6":0,"7":0,"8":0,"9":0,"10":0,"11":0,"12":0},"b":{"0":[0,0],"1":[0,0],"2":[0,0]},"_coverageSchema":"1a1c01bbd47fc00a2c39e90264f33305004495a9","hash":"d33258977a2e53fdb43d27707f38ac6952bb85f0"}
,"C:\\Projects\\SmartPark\\server\\src\\controllers\\payment.controller.js": {"path":"C:\\Projects\\SmartPark\\server\\src\\controllers\\payment.controller.js","statementMap":{"0":{"start":{"line":8,"column":41},"end":{"line":15,"column":2}},"1":{"start":{"line":9,"column":17},"end":{"line":9,"column":61}},"2":{"start":{"line":11,"column":2},"end":{"line":14,"column":5}},"3":{"start":{"line":17,"column":36},"end":{"line":24,"column":2}},"4":{"start":{"line":18,"column":17},"end":{"line":18,"column":56}},"5":{"start":{"line":20,"column":2},"end":{"line":23,"column":5}},"6":{"start":{"line":26,"column":37},"end":{"line":34,"column":2}},"7":{"start":{"line":27,"column":18},"end":{"line":27,"column":98}},"8":{"start":{"line":28,"column":17},"end":{"line":28,"column":85}},"9":{"start":{"line":30,"column":2},"end":{"line":33,"column":5}}},"fnMap":{"0":{"name":"(anonymous_0)","decl":{"start":{"line":8,"column":54},"end":{"line":8,"column":55}},"loc":{"start":{"line":8,"column":74},"end":{"line":15,"column":1}},"line":8},"1":{"name":"(anonymous_1)","decl":{"start":{"line":17,"column":49},"end":{"line":17,"column":50}},"loc":{"start":{"line":17,"column":69},"end":{"line":24,"column":1}},"line":17},"2":{"name":"(anonymous_2)","decl":{"start":{"line":26,"column":50},"end":{"line":26,"column":51}},"loc":{"start":{"line":26,"column":70},"end":{"line":34,"column":1}},"line":26}},"branchMap":{"0":{"loc":{"start":{"line":27,"column":18},"end":{"line":27,"column":98}},"type":"cond-expr","locations":[{"start":{"line":27,"column":46},"end":{"line":27,"column":71}},{"start":{"line":27,"column":74},"end":{"line":27,"column":98}}],"line":27}},"s":{"0":2,"1":0,"2":0,"3":2,"4":0,"5":0,"6":2,"7":0,"8":0,"9":0},"f":{"0":0,"1":0,"2":0},"b":{"0":[0,0]},"_coverageSchema":"1a1c01bbd47fc00a2c39e90264f33305004495a9","hash":"be1dffccabc80d233e4bf2f6c61a0a5dac102426"}
,"C:\\Projects\\SmartPark\\server\\src\\controllers\\review.controller.js": {"path":"C:\\Projects\\SmartPark\\server\\src\\controllers\\review.controller.js","statementMap":{"0":{"start":{"line":16,"column":28},"end":{"line":23,"column":2}},"1":{"start":{"line":17,"column":17},"end":{"line":17,"column":55}},"2":{"start":{"line":19,"column":2},"end":{"line":22,"column":5}},"3":{"start":{"line":25,"column":28},"end":{"line":32,"column":2}},"4":{"start":{"line":26,"column":18},"end":{"line":26,"column":47}},"5":{"start":{"line":28,"column":2},"end":{"line":31,"column":5}},"6":{"start":{"line":41,"column":35},"end":{"line":49,"column":2}},"7":{"start":{"line":42,"column":21},"end":{"line":42,"column":46}},"8":{"start":{"line":43,"column":22},"end":{"line":43,"column":75}},"9":{"start":{"line":45,"column":2},"end":{"line":48,"column":5}},"10":{"start":{"line":55,"column":40},"end":{"line":62,"column":2}},"11":{"start":{"line":56,"column":17},"end":{"line":56,"column":62}},"12":{"start":{"line":58,"column":2},"end":{"line":61,"column":5}},"13":{"start":{"line":68,"column":38},"end":{"line":75,"column":2}},"14":{"start":{"line":69,"column":17},"end":{"line":69,"column":48}},"15":{"start":{"line":71,"column":2},"end":{"line":74,"column":5}},"16":{"start":{"line":81,"column":36},"end":{"line":88,"column":2}},"17":{"start":{"line":82,"column":18},"end":{"line":82,"column":39}},"18":{"start":{"line":84,"column":2},"end":{"line":87,"column":5}},"19":{"start":{"line":90,"column":35},"end":{"line":97,"column":2}},"20":{"start":{"line":91,"column":17},"end":{"line":91,"column":50}},"21":{"start":{"line":93,"column":2},"end":{"line":96,"column":5}}},"fnMap":{"0":{"name":"(anonymous_0)","decl":{"start":{"line":16,"column":41},"end":{"line":16,"column":42}},"loc":{"start":{"line":16,"column":61},"end":{"line":23,"column":1}},"line":16},"1":{"name":"(anonymous_1)","decl":{"start":{"line":25,"column":41},"end":{"line":25,"column":42}},"loc":{"start":{"line":25,"column":61},"end":{"line":32,"column":1}},"line":25},"2":{"name":"(anonymous_2)","decl":{"start":{"line":41,"column":48},"end":{"line":41,"column":49}},"loc":{"start":{"line":41,"column":68},"end":{"line":49,"column":1}},"line":41},"3":{"name":"(anonymous_3)","decl":{"start":{"line":55,"column":53},"end":{"line":55,"column":54}},"loc":{"start":{"line":55,"column":73},"end":{"line":62,"column":1}},"line":55},"4":{"name":"(anonymous_4)","decl":{"start":{"line":68,"column":51},"end":{"line":68,"column":52}},"loc":{"start":{"line":68,"column":71},"end":{"line":75,"column":1}},"line":68},"5":{"name":"(anonymous_5)","decl":{"start":{"line":81,"column":49},"end":{"line":81,"column":50}},"loc":{"start":{"line":81,"column":70},"end":{"line":88,"column":1}},"line":81},"6":{"name":"(anonymous_6)","decl":{"start":{"line":90,"column":48},"end":{"line":90,"column":49}},"loc":{"start":{"line":90,"column":68},"end":{"line":97,"column":1}},"line":90}},"branchMap":{"0":{"loc":{"start":{"line":42,"column":21},"end":{"line":42,"column":46}},"type":"binary-expr","locations":[{"start":{"line":42,"column":21},"end":{"line":42,"column":40}},{"start":{"line":42,"column":44},"end":{"line":42,"column":46}}],"line":42}},"s":{"0":2,"1":0,"2":0,"3":2,"4":0,"5":0,"6":2,"7":0,"8":0,"9":0,"10":2,"11":0,"12":0,"13":2,"14":0,"15":0,"16":2,"17":0,"18":0,"19":2,"20":0,"21":0},"f":{"0":0,"1":0,"2":0,"3":0,"4":0,"5":0,"6":0},"b":{"0":[0,0]},"_coverageSchema":"1a1c01bbd47fc00a2c39e90264f33305004495a9","hash":"4d689505a8e9554d5dc455df1fa93d06448501d2"}
,"C:\\Projects\\SmartPark\\server\\src\\controllers\\search.controller.js": {"path":"C:\\Projects\\SmartPark\\server\\src\\controllers\\search.controller.js","statementMap":{"0":{"start":{"line":4,"column":30},"end":{"line":11,"column":2}},"1":{"start":{"line":5,"column":15},"end":{"line":5,"column":61}},"2":{"start":{"line":7,"column":2},"end":{"line":10,"column":5}}},"fnMap":{"0":{"name":"(anonymous_0)","decl":{"start":{"line":4,"column":43},"end":{"line":4,"column":44}},"loc":{"start":{"line":4,"column":63},"end":{"line":11,"column":1}},"line":4}},"branchMap":{},"s":{"0":2,"1":0,"2":0},"f":{"0":0},"b":{},"_coverageSchema":"1a1c01bbd47fc00a2c39e90264f33305004495a9","hash":"a58477538d65077dd1efb08ef7a93fa1bd12e158"}
,"C:\\Projects\\SmartPark\\server\\src\\middleware\\authenticate.js": {"path":"C:\\Projects\\SmartPark\\server\\src\\middleware\\authenticate.js","statementMap":{"0":{"start":{"line":7,"column":28},"end":{"line":41,"column":2}},"1":{"start":{"line":8,"column":21},"end":{"line":8,"column":46}},"2":{"start":{"line":10,"column":2},"end":{"line":12,"column":3}},"3":{"start":{"line":11,"column":4},"end":{"line":11,"column":67}},"4":{"start":{"line":14,"column":16},"end":{"line":14,"column":40}},"5":{"start":{"line":16,"column":2},"end":{"line":40,"column":3}},"6":{"start":{"line":17,"column":20},"end":{"line":17,"column":53}},"7":{"start":{"line":18,"column":17},"end":{"line":18,"column":73}},"8":{"start":{"line":20,"column":4},"end":{"line":22,"column":5}},"9":{"start":{"line":21,"column":6},"end":{"line":21,"column":59}},"10":{"start":{"line":24,"column":4},"end":{"line":26,"column":5}},"11":{"start":{"line":25,"column":6},"end":{"line":25,"column":70}},"12":{"start":{"line":28,"column":4},"end":{"line":30,"column":5}},"13":{"start":{"line":29,"column":6},"end":{"line":29,"column":63}},"14":{"start":{"line":32,"column":4},"end":{"line":32,"column":20}},"15":{"start":{"line":33,"column":4},"end":{"line":33,"column":11}},"16":{"start":{"line":35,"column":4},"end":{"line":37,"column":5}},"17":{"start":{"line":36,"column":6},"end":{"line":36,"column":18}},"18":{"start":{"line":39,"column":4},"end":{"line":39,"column":74}}},"fnMap":{"0":{"name":"(anonymous_0)","decl":{"start":{"line":7,"column":41},"end":{"line":7,"column":42}},"loc":{"start":{"line":7,"column":68},"end":{"line":41,"column":1}},"line":7}},"branchMap":{"0":{"loc":{"start":{"line":10,"column":2},"end":{"line":12,"column":3}},"type":"if","locations":[{"start":{"line":10,"column":2},"end":{"line":12,"column":3}},{"start":{},"end":{}}],"line":10},"1":{"loc":{"start":{"line":20,"column":4},"end":{"line":22,"column":5}},"type":"if","locations":[{"start":{"line":20,"column":4},"end":{"line":22,"column":5}},{"start":{},"end":{}}],"line":20},"2":{"loc":{"start":{"line":24,"column":4},"end":{"line":26,"column":5}},"type":"if","locations":[{"start":{"line":24,"column":4},"end":{"line":26,"column":5}},{"start":{},"end":{}}],"line":24},"3":{"loc":{"start":{"line":28,"column":4},"end":{"line":30,"column":5}},"type":"if","locations":[{"start":{"line":28,"column":4},"end":{"line":30,"column":5}},{"start":{},"end":{}}],"line":28},"4":{"loc":{"start":{"line":35,"column":4},"end":{"line":37,"column":5}},"type":"if","locations":[{"start":{"line":35,"column":4},"end":{"line":37,"column":5}},{"start":{},"end":{}}],"line":35}},"s":{"0":2,"1":7,"2":7,"3":3,"4":4,"5":4,"6":4,"7":3,"8":3,"9":0,"10":3,"11":0,"12":3,"13":0,"14":3,"15":3,"16":1,"17":0,"18":1},"f":{"0":7},"b":{"0":[3,4],"1":[0,3],"2":[0,3],"3":[0,3],"4":[0,1]},"_coverageSchema":"1a1c01bbd47fc00a2c39e90264f33305004495a9","hash":"3e6d10d712ab6bcda83e5f29663415ec7894ac6d"}
,"C:\\Projects\\SmartPark\\server\\src\\middleware\\authorizeRoles.js": {"path":"C:\\Projects\\SmartPark\\server\\src\\middleware\\authorizeRoles.js","statementMap":{"0":{"start":{"line":4,"column":2},"end":{"line":16,"column":4}},"1":{"start":{"line":5,"column":4},"end":{"line":8,"column":5}},"2":{"start":{"line":6,"column":6},"end":{"line":6,"column":63}},"3":{"start":{"line":7,"column":6},"end":{"line":7,"column":13}},"4":{"start":{"line":10,"column":4},"end":{"line":13,"column":5}},"5":{"start":{"line":11,"column":6},"end":{"line":11,"column":87}},"6":{"start":{"line":12,"column":6},"end":{"line":12,"column":13}},"7":{"start":{"line":15,"column":4},"end":{"line":15,"column":11}}},"fnMap":{"0":{"name":"authorizeRoles","decl":{"start":{"line":3,"column":16},"end":{"line":3,"column":30}},"loc":{"start":{"line":3,"column":41},"end":{"line":17,"column":1}},"line":3},"1":{"name":"(anonymous_1)","decl":{"start":{"line":4,"column":9},"end":{"line":4,"column":10}},"loc":{"start":{"line":4,"column":30},"end":{"line":16,"column":3}},"line":4}},"branchMap":{"0":{"loc":{"start":{"line":5,"column":4},"end":{"line":8,"column":5}},"type":"if","locations":[{"start":{"line":5,"column":4},"end":{"line":8,"column":5}},{"start":{},"end":{}}],"line":5},"1":{"loc":{"start":{"line":10,"column":4},"end":{"line":13,"column":5}},"type":"if","locations":[{"start":{"line":10,"column":4},"end":{"line":13,"column":5}},{"start":{},"end":{}}],"line":10}},"s":{"0":52,"1":3,"2":0,"3":0,"4":3,"5":1,"6":1,"7":2},"f":{"0":52,"1":3},"b":{"0":[0,3],"1":[1,2]},"_coverageSchema":"1a1c01bbd47fc00a2c39e90264f33305004495a9","hash":"e1f595866ae001a82c4154797c5c9a5bb622965b"}
,"C:\\Projects\\SmartPark\\server\\src\\middleware\\errorHandler.js": {"path":"C:\\Projects\\SmartPark\\server\\src\\middleware\\errorHandler.js","statementMap":{"0":{"start":{"line":4,"column":21},"end":{"line":4,"column":44}},"1":{"start":{"line":6,"column":2},"end":{"line":10,"column":5}}},"fnMap":{"0":{"name":"errorHandler","decl":{"start":{"line":3,"column":16},"end":{"line":3,"column":28}},"loc":{"start":{"line":3,"column":54},"end":{"line":11,"column":1}},"line":3}},"branchMap":{"0":{"loc":{"start":{"line":4,"column":21},"end":{"line":4,"column":44}},"type":"binary-expr","locations":[{"start":{"line":4,"column":21},"end":{"line":4,"column":37}},{"start":{"line":4,"column":41},"end":{"line":4,"column":44}}],"line":4},"1":{"loc":{"start":{"line":8,"column":13},"end":{"line":8,"column":106}},"type":"cond-expr","locations":[{"start":{"line":8,"column":67},"end":{"line":8,"column":90}},{"start":{"line":8,"column":93},"end":{"line":8,"column":106}}],"line":8},"2":{"loc":{"start":{"line":8,"column":13},"end":{"line":8,"column":64}},"type":"binary-expr","locations":[{"start":{"line":8,"column":13},"end":{"line":8,"column":31}},{"start":{"line":8,"column":35},"end":{"line":8,"column":64}}],"line":8},"3":{"loc":{"start":{"line":9,"column":12},"end":{"line":9,"column":30}},"type":"binary-expr","locations":[{"start":{"line":9,"column":12},"end":{"line":9,"column":24}},{"start":{"line":9,"column":28},"end":{"line":9,"column":30}}],"line":9}},"s":{"0":12,"1":12},"f":{"0":12},"b":{"0":[12,0],"1":[0,12],"2":[12,0],"3":[12,0]},"_coverageSchema":"1a1c01bbd47fc00a2c39e90264f33305004495a9","hash":"3e4e98b7824bb6cd7ea52ff8921d18590cd885c3"}
,"C:\\Projects\\SmartPark\\server\\src\\middleware\\notFoundHandler.js": {"path":"C:\\Projects\\SmartPark\\server\\src\\middleware\\notFoundHandler.js","statementMap":{"0":{"start":{"line":2,"column":2},"end":{"line":5,"column":5}}},"fnMap":{"0":{"name":"notFoundHandler","decl":{"start":{"line":1,"column":16},"end":{"line":1,"column":31}},"loc":{"start":{"line":1,"column":42},"end":{"line":6,"column":1}},"line":1}},"branchMap":{},"s":{"0":0},"f":{"0":0},"b":{},"_coverageSchema":"1a1c01bbd47fc00a2c39e90264f33305004495a9","hash":"035296f9ece1ce9f9119efecd38ff78abfb0f3cc"}
,"C:\\Projects\\SmartPark\\server\\src\\middleware\\optionalAuthenticate.js": {"path":"C:\\Projects\\SmartPark\\server\\src\\middleware\\optionalAuthenticate.js","statementMap":{"0":{"start":{"line":6,"column":36},"end":{"line":26,"column":2}},"1":{"start":{"line":7,"column":21},"end":{"line":7,"column":46}},"2":{"start":{"line":9,"column":2},"end":{"line":12,"column":3}},"3":{"start":{"line":10,"column":4},"end":{"line":10,"column":11}},"4":{"start":{"line":11,"column":4},"end":{"line":11,"column":11}},"5":{"start":{"line":14,"column":2},"end":{"line":23,"column":3}},"6":{"start":{"line":15,"column":20},"end":{"line":15,"column":72}},"7":{"start":{"line":16,"column":17},"end":{"line":16,"column":73}},"8":{"start":{"line":18,"column":4},"end":{"line":20,"column":5}},"9":{"start":{"line":19,"column":6},"end":{"line":19,"column":22}},"10":{"start":{"line":25,"column":2},"end":{"line":25,"column":9}}},"fnMap":{"0":{"name":"(anonymous_0)","decl":{"start":{"line":6,"column":49},"end":{"line":6,"column":50}},"loc":{"start":{"line":6,"column":76},"end":{"line":26,"column":1}},"line":6}},"branchMap":{"0":{"loc":{"start":{"line":9,"column":2},"end":{"line":12,"column":3}},"type":"if","locations":[{"start":{"line":9,"column":2},"end":{"line":12,"column":3}},{"start":{},"end":{}}],"line":9},"1":{"loc":{"start":{"line":18,"column":4},"end":{"line":20,"column":5}},"type":"if","locations":[{"start":{"line":18,"column":4},"end":{"line":20,"column":5}},{"start":{},"end":{}}],"line":18},"2":{"loc":{"start":{"line":18,"column":8},"end":{"line":18,"column":40}},"type":"binary-expr","locations":[{"start":{"line":18,"column":8},"end":{"line":18,"column":12}},{"start":{"line":18,"column":16},"end":{"line":18,"column":40}}],"line":18}},"s":{"0":2,"1":0,"2":0,"3":0,"4":0,"5":0,"6":0,"7":0,"8":0,"9":0,"10":0},"f":{"0":0},"b":{"0":[0,0],"1":[0,0],"2":[0,0]},"_coverageSchema":"1a1c01bbd47fc00a2c39e90264f33305004495a9","hash":"61ead5b117e8052eee3be313306146b369446e3d"}
,"C:\\Projects\\SmartPark\\server\\src\\middleware\\rateLimiter.js": {"path":"C:\\Projects\\SmartPark\\server\\src\\middleware\\rateLimiter.js","statementMap":{"0":{"start":{"line":3,"column":20},"end":{"line":3,"column":46}},"1":{"start":{"line":3,"column":40},"end":{"line":3,"column":46}},"2":{"start":{"line":6,"column":2},"end":{"line":12,"column":8}},"3":{"start":{"line":15,"column":2},"end":{"line":20,"column":8}}},"fnMap":{"0":{"name":"(anonymous_0)","decl":{"start":{"line":3,"column":20},"end":{"line":3,"column":21}},"loc":{"start":{"line":3,"column":40},"end":{"line":3,"column":46}},"line":3}},"branchMap":{"0":{"loc":{"start":{"line":6,"column":2},"end":{"line":12,"column":8}},"type":"cond-expr","locations":[{"start":{"line":7,"column":6},"end":{"line":7,"column":17}},{"start":{"line":8,"column":6},"end":{"line":12,"column":8}}],"line":6},"1":{"loc":{"start":{"line":15,"column":2},"end":{"line":20,"column":8}},"type":"cond-expr","locations":[{"start":{"line":16,"column":6},"end":{"line":16,"column":17}},{"start":{"line":17,"column":6},"end":{"line":20,"column":8}}],"line":15}},"s":{"0":2,"1":33,"2":2,"3":2},"f":{"0":33},"b":{"0":[2,0],"1":[2,0]},"_coverageSchema":"1a1c01bbd47fc00a2c39e90264f33305004495a9","hash":"81f147f0c85f9ee76ab61d22de39071e83464f93"}
,"C:\\Projects\\SmartPark\\server\\src\\middleware\\requireDatabase.js": {"path":"C:\\Projects\\SmartPark\\server\\src\\middleware\\requireDatabase.js","statementMap":{"0":{"start":{"line":5,"column":2},"end":{"line":8,"column":3}},"1":{"start":{"line":6,"column":4},"end":{"line":6,"column":67}},"2":{"start":{"line":7,"column":4},"end":{"line":7,"column":11}},"3":{"start":{"line":10,"column":2},"end":{"line":10,"column":9}}},"fnMap":{"0":{"name":"requireDatabase","decl":{"start":{"line":4,"column":16},"end":{"line":4,"column":31}},"loc":{"start":{"line":4,"column":50},"end":{"line":11,"column":1}},"line":4}},"branchMap":{"0":{"loc":{"start":{"line":5,"column":2},"end":{"line":8,"column":3}},"type":"if","locations":[{"start":{"line":5,"column":2},"end":{"line":8,"column":3}},{"start":{},"end":{}}],"line":5}},"s":{"0":21,"1":0,"2":0,"3":21},"f":{"0":21},"b":{"0":[0,21]},"_coverageSchema":"1a1c01bbd47fc00a2c39e90264f33305004495a9","hash":"44e9d8de1b6782c0ef2a3e6f570e8dc982e9bc4b"}
,"C:\\Projects\\SmartPark\\server\\src\\middleware\\uploadParkingImages.js": {"path":"C:\\Projects\\SmartPark\\server\\src\\middleware\\uploadParkingImages.js","statementMap":{"0":{"start":{"line":4,"column":15},"end":{"line":18,"column":2}},"1":{"start":{"line":11,"column":4},"end":{"line":14,"column":5}},"2":{"start":{"line":12,"column":6},"end":{"line":12,"column":71}},"3":{"start":{"line":13,"column":6},"end":{"line":13,"column":13}},"4":{"start":{"line":16,"column":4},"end":{"line":16,"column":25}},"5":{"start":{"line":21,"column":2},"end":{"line":33,"column":5}},"6":{"start":{"line":22,"column":4},"end":{"line":25,"column":5}},"7":{"start":{"line":23,"column":6},"end":{"line":23,"column":13}},"8":{"start":{"line":24,"column":6},"end":{"line":24,"column":13}},"9":{"start":{"line":27,"column":4},"end":{"line":30,"column":5}},"10":{"start":{"line":28,"column":6},"end":{"line":28,"column":48}},"11":{"start":{"line":29,"column":6},"end":{"line":29,"column":13}},"12":{"start":{"line":32,"column":4},"end":{"line":32,"column":16}}},"fnMap":{"0":{"name":"(anonymous_0)","decl":{"start":{"line":10,"column":2},"end":{"line":10,"column":3}},"loc":{"start":{"line":10,"column":35},"end":{"line":17,"column":3}},"line":10},"1":{"name":"uploadParkingImages","decl":{"start":{"line":20,"column":16},"end":{"line":20,"column":35}},"loc":{"start":{"line":20,"column":52},"end":{"line":34,"column":1}},"line":20},"2":{"name":"(anonymous_2)","decl":{"start":{"line":21,"column":38},"end":{"line":21,"column":39}},"loc":{"start":{"line":21,"column":49},"end":{"line":33,"column":3}},"line":21}},"branchMap":{"0":{"loc":{"start":{"line":11,"column":4},"end":{"line":14,"column":5}},"type":"if","locations":[{"start":{"line":11,"column":4},"end":{"line":14,"column":5}},{"start":{},"end":{}}],"line":11},"1":{"loc":{"start":{"line":22,"column":4},"end":{"line":25,"column":5}},"type":"if","locations":[{"start":{"line":22,"column":4},"end":{"line":25,"column":5}},{"start":{},"end":{}}],"line":22},"2":{"loc":{"start":{"line":27,"column":4},"end":{"line":30,"column":5}},"type":"if","locations":[{"start":{"line":27,"column":4},"end":{"line":30,"column":5}},{"start":{},"end":{}}],"line":27}},"s":{"0":2,"1":0,"2":0,"3":0,"4":0,"5":0,"6":0,"7":0,"8":0,"9":0,"10":0,"11":0,"12":0},"f":{"0":0,"1":0,"2":0},"b":{"0":[0,0],"1":[0,0],"2":[0,0]},"_coverageSchema":"1a1c01bbd47fc00a2c39e90264f33305004495a9","hash":"3fcfc73823fea088da881827df91ca1c73a08a7f"}
,"C:\\Projects\\SmartPark\\server\\src\\middleware\\validateRequest.js": {"path":"C:\\Projects\\SmartPark\\server\\src\\middleware\\validateRequest.js","statementMap":{"0":{"start":{"line":4,"column":2},"end":{"line":28,"column":4}},"1":{"start":{"line":5,"column":19},"end":{"line":5,"column":48}},"2":{"start":{"line":7,"column":4},"end":{"line":19,"column":5}},"3":{"start":{"line":8,"column":6},"end":{"line":17,"column":8}},"4":{"start":{"line":12,"column":46},"end":{"line":15,"column":11}},"5":{"start":{"line":18,"column":6},"end":{"line":18,"column":13}},"6":{"start":{"line":21,"column":4},"end":{"line":25,"column":5}},"7":{"start":{"line":22,"column":6},"end":{"line":22,"column":39}},"8":{"start":{"line":24,"column":6},"end":{"line":24,"column":32}},"9":{"start":{"line":27,"column":4},"end":{"line":27,"column":11}}},"fnMap":{"0":{"name":"validateRequest","decl":{"start":{"line":3,"column":16},"end":{"line":3,"column":31}},"loc":{"start":{"line":3,"column":57},"end":{"line":29,"column":1}},"line":3},"1":{"name":"(anonymous_1)","decl":{"start":{"line":4,"column":9},"end":{"line":4,"column":10}},"loc":{"start":{"line":4,"column":30},"end":{"line":28,"column":3}},"line":4},"2":{"name":"(anonymous_2)","decl":{"start":{"line":12,"column":34},"end":{"line":12,"column":35}},"loc":{"start":{"line":12,"column":46},"end":{"line":15,"column":11}},"line":12}},"branchMap":{"0":{"loc":{"start":{"line":3,"column":40},"end":{"line":3,"column":55}},"type":"default-arg","locations":[{"start":{"line":3,"column":49},"end":{"line":3,"column":55}}],"line":3},"1":{"loc":{"start":{"line":7,"column":4},"end":{"line":19,"column":5}},"type":"if","locations":[{"start":{"line":7,"column":4},"end":{"line":19,"column":5}},{"start":{},"end":{}}],"line":7},"2":{"loc":{"start":{"line":21,"column":4},"end":{"line":25,"column":5}},"type":"if","locations":[{"start":{"line":21,"column":4},"end":{"line":25,"column":5}},{"start":{"line":23,"column":11},"end":{"line":25,"column":5}}],"line":21}},"s":{"0":60,"1":16,"2":16,"3":4,"4":16,"5":4,"6":12,"7":2,"8":10,"9":12},"f":{"0":60,"1":16,"2":16},"b":{"0":[30],"1":[4,12],"2":[2,10]},"_coverageSchema":"1a1c01bbd47fc00a2c39e90264f33305004495a9","hash":"395a34f62b432a7afc0573a91441f01c4419ad24"}
,"C:\\Projects\\SmartPark\\server\\src\\services\\admin.service.js": {"path":"C:\\Projects\\SmartPark\\server\\src\\services\\admin.service.js","statementMap":{"0":{"start":{"line":10,"column":23},"end":{"line":10,"column":51}},"1":{"start":{"line":11,"column":23},"end":{"line":11,"column":51}},"2":{"start":{"line":12,"column":20},"end":{"line":12,"column":42}},"3":{"start":{"line":15,"column":4},"end":{"line":23,"column":6}},"4":{"start":{"line":24,"column":29},"end":{"line":24,"column":81}},"5":{"start":{"line":26,"column":2},"end":{"line":43,"column":4}},"6":{"start":{"line":33,"column":63},"end":{"line":33,"column":80}},"7":{"start":{"line":38,"column":38},"end":{"line":38,"column":60}},"8":{"start":{"line":39,"column":37},"end":{"line":39,"column":58}},"9":{"start":{"line":40,"column":37},"end":{"line":40,"column":58}},"10":{"start":{"line":41,"column":40},"end":{"line":41,"column":67}},"11":{"start":{"line":47,"column":23},"end":{"line":47,"column":51}},"12":{"start":{"line":48,"column":23},"end":{"line":48,"column":51}},"13":{"start":{"line":49,"column":19},"end":{"line":49,"column":70}},"14":{"start":{"line":50,"column":29},"end":{"line":50,"column":81}},"15":{"start":{"line":51,"column":24},"end":{"line":51,"column":79}},"16":{"start":{"line":53,"column":19},"end":{"line":57,"column":5}},"17":{"start":{"line":53,"column":56},"end":{"line":57,"column":3}},"18":{"start":{"line":59,"column":2},"end":{"line":62,"column":4}},"19":{"start":{"line":66,"column":2},"end":{"line":66,"column":34}},"20":{"start":{"line":70,"column":2},"end":{"line":70,"column":41}},"21":{"start":{"line":74,"column":2},"end":{"line":74,"column":39}},"22":{"start":{"line":78,"column":23},"end":{"line":78,"column":51}},"23":{"start":{"line":79,"column":17},"end":{"line":79,"column":19}},"24":{"start":{"line":81,"column":2},"end":{"line":83,"column":3}},"25":{"start":{"line":82,"column":4},"end":{"line":82,"column":33}},"26":{"start":{"line":85,"column":2},"end":{"line":87,"column":3}},"27":{"start":{"line":86,"column":4},"end":{"line":86,"column":35}},"28":{"start":{"line":89,"column":2},"end":{"line":91,"column":3}},"29":{"start":{"line":90,"column":4},"end":{"line":90,"column":29}},"30":{"start":{"line":93,"column":22},"end":{"line":93,"column":47}},"31":{"start":{"line":95,"column":2},"end":{"line":99,"column":3}},"32":{"start":{"line":96,"column":4},"end":{"line":98,"column":47}},"33":{"start":{"line":101,"column":19},"end":{"line":101,"column":77}},"34":{"start":{"line":103,"column":2},"end":{"line":103,"column":45}},"35":{"start":{"line":114,"column":27},"end":{"line":117,"column":3}},"36":{"start":{"line":115,"column":25},"end":{"line":115,"column":64}},"37":{"start":{"line":119,"column":2},"end":{"line":129,"column":5}},"38":{"start":{"line":120,"column":23},"end":{"line":120,"column":42}},"39":{"start":{"line":121,"column":20},"end":{"line":121,"column":58}},"40":{"start":{"line":122,"column":4},"end":{"line":128,"column":19}},"41":{"start":{"line":133,"column":2},"end":{"line":137,"column":4}},"42":{"start":{"line":134,"column":42},"end":{"line":134,"column":82}},"43":{"start":{"line":135,"column":43},"end":{"line":135,"column":84}},"44":{"start":{"line":136,"column":43},"end":{"line":136,"column":84}},"45":{"start":{"line":141,"column":2},"end":{"line":143,"column":3}},"46":{"start":{"line":142,"column":4},"end":{"line":142,"column":14}},"47":{"start":{"line":145,"column":16},"end":{"line":145,"column":34}},"48":{"start":{"line":146,"column":16},"end":{"line":146,"column":115}},"49":{"start":{"line":148,"column":2},"end":{"line":148,"column":39}},"50":{"start":{"line":152,"column":2},"end":{"line":160,"column":4}},"51":{"start":{"line":164,"column":2},"end":{"line":184,"column":4}},"52":{"start":{"line":192,"column":20},"end":{"line":192,"column":42}},"53":{"start":{"line":193,"column":16},"end":{"line":193,"column":79}},"54":{"start":{"line":195,"column":2},"end":{"line":195,"column":39}},"55":{"start":{"line":199,"column":20},"end":{"line":199,"column":42}},"56":{"start":{"line":201,"column":2},"end":{"line":203,"column":3}},"57":{"start":{"line":202,"column":4},"end":{"line":202,"column":49}},"58":{"start":{"line":205,"column":2},"end":{"line":207,"column":3}},"59":{"start":{"line":206,"column":4},"end":{"line":206,"column":68}},"60":{"start":{"line":209,"column":15},"end":{"line":209,"column":92}},"61":{"start":{"line":211,"column":2},"end":{"line":213,"column":3}},"62":{"start":{"line":212,"column":4},"end":{"line":212,"column":49}},"63":{"start":{"line":215,"column":2},"end":{"line":215,"column":34}},"64":{"start":{"line":219,"column":20},"end":{"line":219,"column":42}},"65":{"start":{"line":221,"column":2},"end":{"line":223,"column":3}},"66":{"start":{"line":222,"column":4},"end":{"line":222,"column":49}},"67":{"start":{"line":225,"column":15},"end":{"line":225,"column":89}},"68":{"start":{"line":227,"column":2},"end":{"line":229,"column":3}},"69":{"start":{"line":228,"column":4},"end":{"line":228,"column":49}},"70":{"start":{"line":231,"column":2},"end":{"line":231,"column":34}},"71":{"start":{"line":239,"column":23},"end":{"line":239,"column":51}},"72":{"start":{"line":241,"column":2},"end":{"line":243,"column":3}},"73":{"start":{"line":242,"column":4},"end":{"line":242,"column":60}},"74":{"start":{"line":245,"column":18},"end":{"line":245,"column":58}},"75":{"start":{"line":247,"column":2},"end":{"line":249,"column":3}},"76":{"start":{"line":248,"column":4},"end":{"line":248,"column":60}},"77":{"start":{"line":251,"column":2},"end":{"line":251,"column":31}},"78":{"start":{"line":259,"column":23},"end":{"line":259,"column":51}},"79":{"start":{"line":260,"column":23},"end":{"line":260,"column":51}},"80":{"start":{"line":261,"column":27},"end":{"line":261,"column":72}},"81":{"start":{"line":263,"column":2},"end":{"line":319,"column":5}},"82":{"start":{"line":264,"column":4},"end":{"line":266,"column":5}},"83":{"start":{"line":265,"column":6},"end":{"line":265,"column":54}},"84":{"start":{"line":268,"column":20},"end":{"line":268,"column":68}},"85":{"start":{"line":270,"column":4},"end":{"line":272,"column":5}},"86":{"start":{"line":271,"column":6},"end":{"line":271,"column":54}},"87":{"start":{"line":274,"column":4},"end":{"line":276,"column":5}},"88":{"start":{"line":275,"column":6},"end":{"line":275,"column":44}},"89":{"start":{"line":278,"column":4},"end":{"line":280,"column":5}},"90":{"start":{"line":279,"column":6},"end":{"line":279,"column":94}},"91":{"start":{"line":282,"column":4},"end":{"line":288,"column":5}},"92":{"start":{"line":283,"column":6},"end":{"line":283,"column":35}},"93":{"start":{"line":284,"column":6},"end":{"line":284,"column":36}},"94":{"start":{"line":285,"column":6},"end":{"line":285,"column":38}},"95":{"start":{"line":290,"column":4},"end":{"line":290,"column":46}},"96":{"start":{"line":293,"column":20},"end":{"line":293,"column":81}},"97":{"start":{"line":294,"column":4},"end":{"line":316,"column":5}},"98":{"start":{"line":295,"column":41},"end":{"line":295,"column":79}},"99":{"start":{"line":296,"column":24},"end":{"line":296,"column":59}},"100":{"start":{"line":297,"column":28},"end":{"line":297,"column":87}},"101":{"start":{"line":300,"column":17},"end":{"line":300,"column":24}},"102":{"start":{"line":301,"column":6},"end":{"line":315,"column":7}},"103":{"start":{"line":302,"column":26},"end":{"line":310,"column":9}},"104":{"start":{"line":311,"column":8},"end":{"line":311,"column":108}},"105":{"start":{"line":312,"column":8},"end":{"line":312,"column":52}},"106":{"start":{"line":314,"column":8},"end":{"line":314,"column":104}},"107":{"start":{"line":318,"column":4},"end":{"line":318,"column":42}},"108":{"start":{"line":327,"column":18},"end":{"line":327,"column":47}},"109":{"start":{"line":329,"column":2},"end":{"line":338,"column":3}},"110":{"start":{"line":331,"column":4},"end":{"line":333,"column":7}},"111":{"start":{"line":332,"column":6},"end":{"line":332,"column":35}},"112":{"start":{"line":335,"column":4},"end":{"line":335,"column":18}},"113":{"start":{"line":337,"column":4},"end":{"line":337,"column":31}},"114":{"start":{"line":342,"column":2},"end":{"line":344,"column":3}},"115":{"start":{"line":343,"column":4},"end":{"line":343,"column":21}},"116":{"start":{"line":346,"column":21},"end":{"line":346,"column":99}},"117":{"start":{"line":346,"column":47},"end":{"line":346,"column":98}},"118":{"start":{"line":347,"column":15},"end":{"line":350,"column":4}},"119":{"start":{"line":352,"column":2},"end":{"line":352,"column":76}},"120":{"start":{"line":352,"column":35},"end":{"line":352,"column":73}},"121":{"start":{"line":356,"column":2},"end":{"line":358,"column":3}},"122":{"start":{"line":357,"column":4},"end":{"line":357,"column":22}},"123":{"start":{"line":360,"column":2},"end":{"line":360,"column":36}},"124":{"start":{"line":364,"column":25},"end":{"line":366,"column":11}},"125":{"start":{"line":368,"column":2},"end":{"line":368,"column":63}}},"fnMap":{"0":{"name":"getAdminDashboard","decl":{"start":{"line":9,"column":22},"end":{"line":9,"column":39}},"loc":{"start":{"line":9,"column":51},"end":{"line":44,"column":1}},"line":9},"1":{"name":"(anonymous_1)","decl":{"start":{"line":33,"column":50},"end":{"line":33,"column":51}},"loc":{"start":{"line":33,"column":63},"end":{"line":33,"column":80}},"line":33},"2":{"name":"(anonymous_2)","decl":{"start":{"line":38,"column":28},"end":{"line":38,"column":29}},"loc":{"start":{"line":38,"column":38},"end":{"line":38,"column":60}},"line":38},"3":{"name":"(anonymous_3)","decl":{"start":{"line":39,"column":27},"end":{"line":39,"column":28}},"loc":{"start":{"line":39,"column":37},"end":{"line":39,"column":58}},"line":39},"4":{"name":"(anonymous_4)","decl":{"start":{"line":40,"column":27},"end":{"line":40,"column":28}},"loc":{"start":{"line":40,"column":37},"end":{"line":40,"column":58}},"line":40},"5":{"name":"(anonymous_5)","decl":{"start":{"line":41,"column":30},"end":{"line":41,"column":31}},"loc":{"start":{"line":41,"column":40},"end":{"line":41,"column":67}},"line":41},"6":{"name":"listAdminParkings","decl":{"start":{"line":46,"column":22},"end":{"line":46,"column":39}},"loc":{"start":{"line":46,"column":51},"end":{"line":63,"column":1}},"line":46},"7":{"name":"(anonymous_7)","decl":{"start":{"line":53,"column":42},"end":{"line":53,"column":43}},"loc":{"start":{"line":53,"column":56},"end":{"line":57,"column":3}},"line":53},"8":{"name":"approveAdminParking","decl":{"start":{"line":65,"column":22},"end":{"line":65,"column":41}},"loc":{"start":{"line":65,"column":57},"end":{"line":67,"column":1}},"line":65},"9":{"name":"rejectAdminParking","decl":{"start":{"line":69,"column":22},"end":{"line":69,"column":40}},"loc":{"start":{"line":69,"column":64},"end":{"line":71,"column":1}},"line":69},"10":{"name":"toggleAdminParkingActive","decl":{"start":{"line":73,"column":22},"end":{"line":73,"column":46}},"loc":{"start":{"line":73,"column":62},"end":{"line":75,"column":1}},"line":73},"11":{"name":"listAdminBookings","decl":{"start":{"line":77,"column":22},"end":{"line":77,"column":39}},"loc":{"start":{"line":77,"column":63},"end":{"line":104,"column":1}},"line":77},"12":{"name":"serializeParkingsWithLiveSlots","decl":{"start":{"line":111,"column":15},"end":{"line":111,"column":45}},"loc":{"start":{"line":111,"column":67},"end":{"line":130,"column":1}},"line":111},"13":{"name":"(anonymous_13)","decl":{"start":{"line":115,"column":17},"end":{"line":115,"column":18}},"loc":{"start":{"line":115,"column":25},"end":{"line":115,"column":64}},"line":115},"14":{"name":"(anonymous_14)","decl":{"start":{"line":119,"column":22},"end":{"line":119,"column":23}},"loc":{"start":{"line":119,"column":29},"end":{"line":129,"column":3}},"line":119},"15":{"name":"groupParkingsByStatus","decl":{"start":{"line":132,"column":9},"end":{"line":132,"column":30}},"loc":{"start":{"line":132,"column":41},"end":{"line":138,"column":1}},"line":132},"16":{"name":"(anonymous_16)","decl":{"start":{"line":134,"column":29},"end":{"line":134,"column":30}},"loc":{"start":{"line":134,"column":42},"end":{"line":134,"column":82}},"line":134},"17":{"name":"(anonymous_17)","decl":{"start":{"line":135,"column":30},"end":{"line":135,"column":31}},"loc":{"start":{"line":135,"column":43},"end":{"line":135,"column":84}},"line":135},"18":{"name":"(anonymous_18)","decl":{"start":{"line":136,"column":30},"end":{"line":136,"column":31}},"loc":{"start":{"line":136,"column":43},"end":{"line":136,"column":84}},"line":136},"19":{"name":"resolveAdminUsers","decl":{"start":{"line":140,"column":15},"end":{"line":140,"column":32}},"loc":{"start":{"line":140,"column":44},"end":{"line":149,"column":1}},"line":140},"20":{"name":"serializeAdminUser","decl":{"start":{"line":151,"column":9},"end":{"line":151,"column":27}},"loc":{"start":{"line":151,"column":34},"end":{"line":161,"column":1}},"line":151},"21":{"name":"serializeAdminBooking","decl":{"start":{"line":163,"column":9},"end":{"line":163,"column":30}},"loc":{"start":{"line":163,"column":40},"end":{"line":185,"column":1}},"line":163},"22":{"name":"listAdminUsers","decl":{"start":{"line":191,"column":22},"end":{"line":191,"column":36}},"loc":{"start":{"line":191,"column":48},"end":{"line":196,"column":1}},"line":191},"23":{"name":"blockAdminUser","decl":{"start":{"line":198,"column":22},"end":{"line":198,"column":36}},"loc":{"start":{"line":198,"column":71},"end":{"line":216,"column":1}},"line":198},"24":{"name":"unblockAdminUser","decl":{"start":{"line":218,"column":22},"end":{"line":218,"column":38}},"loc":{"start":{"line":218,"column":54},"end":{"line":232,"column":1}},"line":218},"25":{"name":"deleteAdminParking","decl":{"start":{"line":238,"column":22},"end":{"line":238,"column":40}},"loc":{"start":{"line":238,"column":56},"end":{"line":252,"column":1}},"line":238},"26":{"name":"cancelAdminBooking","decl":{"start":{"line":258,"column":22},"end":{"line":258,"column":40}},"loc":{"start":{"line":258,"column":56},"end":{"line":320,"column":1}},"line":258},"27":{"name":"(anonymous_27)","decl":{"start":{"line":263,"column":26},"end":{"line":263,"column":27}},"loc":{"start":{"line":263,"column":45},"end":{"line":319,"column":3}},"line":263},"28":{"name":"withAdminTransaction","decl":{"start":{"line":326,"column":15},"end":{"line":326,"column":35}},"loc":{"start":{"line":326,"column":42},"end":{"line":339,"column":1}},"line":326},"29":{"name":"(anonymous_29)","decl":{"start":{"line":331,"column":34},"end":{"line":331,"column":35}},"loc":{"start":{"line":331,"column":46},"end":{"line":333,"column":5}},"line":331},"30":{"name":"getBookingCountsByParking","decl":{"start":{"line":341,"column":15},"end":{"line":341,"column":40}},"loc":{"start":{"line":341,"column":65},"end":{"line":353,"column":1}},"line":341},"31":{"name":"(anonymous_31)","decl":{"start":{"line":346,"column":34},"end":{"line":346,"column":35}},"loc":{"start":{"line":346,"column":47},"end":{"line":346,"column":98}},"line":346},"32":{"name":"(anonymous_32)","decl":{"start":{"line":352,"column":26},"end":{"line":352,"column":27}},"loc":{"start":{"line":352,"column":35},"end":{"line":352,"column":73}},"line":352},"33":{"name":"getParkingStatus","decl":{"start":{"line":355,"column":9},"end":{"line":355,"column":25}},"loc":{"start":{"line":355,"column":35},"end":{"line":361,"column":1}},"line":355},"34":{"name":"buildAdminParkingQuery","decl":{"start":{"line":363,"column":9},"end":{"line":363,"column":31}},"loc":{"start":{"line":363,"column":39},"end":{"line":369,"column":1}},"line":363}},"branchMap":{"0":{"loc":{"start":{"line":9,"column":40},"end":{"line":9,"column":49}},"type":"default-arg","locations":[{"start":{"line":9,"column":47},"end":{"line":9,"column":49}}],"line":9},"1":{"loc":{"start":{"line":10,"column":23},"end":{"line":10,"column":51}},"type":"binary-expr","locations":[{"start":{"line":10,"column":23},"end":{"line":10,"column":40}},{"start":{"line":10,"column":44},"end":{"line":10,"column":51}}],"line":10},"2":{"loc":{"start":{"line":11,"column":23},"end":{"line":11,"column":51}},"type":"binary-expr","locations":[{"start":{"line":11,"column":23},"end":{"line":11,"column":40}},{"start":{"line":11,"column":44},"end":{"line":11,"column":51}}],"line":11},"3":{"loc":{"start":{"line":12,"column":20},"end":{"line":12,"column":42}},"type":"binary-expr","locations":[{"start":{"line":12,"column":20},"end":{"line":12,"column":34}},{"start":{"line":12,"column":38},"end":{"line":12,"column":42}}],"line":12},"4":{"loc":{"start":{"line":46,"column":40},"end":{"line":46,"column":49}},"type":"default-arg","locations":[{"start":{"line":46,"column":47},"end":{"line":46,"column":49}}],"line":46},"5":{"loc":{"start":{"line":47,"column":23},"end":{"line":47,"column":51}},"type":"binary-expr","locations":[{"start":{"line":47,"column":23},"end":{"line":47,"column":40}},{"start":{"line":47,"column":44},"end":{"line":47,"column":51}}],"line":47},"6":{"loc":{"start":{"line":48,"column":23},"end":{"line":48,"column":51}},"type":"binary-expr","locations":[{"start":{"line":48,"column":23},"end":{"line":48,"column":40}},{"start":{"line":48,"column":44},"end":{"line":48,"column":51}}],"line":48},"7":{"loc":{"start":{"line":55,"column":18},"end":{"line":55,"column":52}},"type":"binary-expr","locations":[{"start":{"line":55,"column":18},"end":{"line":55,"column":47}},{"start":{"line":55,"column":51},"end":{"line":55,"column":52}}],"line":55},"8":{"loc":{"start":{"line":65,"column":46},"end":{"line":65,"column":55}},"type":"default-arg","locations":[{"start":{"line":65,"column":53},"end":{"line":65,"column":55}}],"line":65},"9":{"loc":{"start":{"line":69,"column":53},"end":{"line":69,"column":62}},"type":"default-arg","locations":[{"start":{"line":69,"column":60},"end":{"line":69,"column":62}}],"line":69},"10":{"loc":{"start":{"line":73,"column":51},"end":{"line":73,"column":60}},"type":"default-arg","locations":[{"start":{"line":73,"column":58},"end":{"line":73,"column":60}}],"line":73},"11":{"loc":{"start":{"line":77,"column":40},"end":{"line":77,"column":50}},"type":"default-arg","locations":[{"start":{"line":77,"column":48},"end":{"line":77,"column":50}}],"line":77},"12":{"loc":{"start":{"line":77,"column":52},"end":{"line":77,"column":61}},"type":"default-arg","locations":[{"start":{"line":77,"column":59},"end":{"line":77,"column":61}}],"line":77},"13":{"loc":{"start":{"line":78,"column":23},"end":{"line":78,"column":51}},"type":"binary-expr","locations":[{"start":{"line":78,"column":23},"end":{"line":78,"column":40}},{"start":{"line":78,"column":44},"end":{"line":78,"column":51}}],"line":78},"14":{"loc":{"start":{"line":81,"column":2},"end":{"line":83,"column":3}},"type":"if","locations":[{"start":{"line":81,"column":2},"end":{"line":83,"column":3}},{"start":{},"end":{}}],"line":81},"15":{"loc":{"start":{"line":85,"column":2},"end":{"line":87,"column":3}},"type":"if","locations":[{"start":{"line":85,"column":2},"end":{"line":87,"column":3}},{"start":{},"end":{}}],"line":85},"16":{"loc":{"start":{"line":89,"column":2},"end":{"line":91,"column":3}},"type":"if","locations":[{"start":{"line":89,"column":2},"end":{"line":91,"column":3}},{"start":{},"end":{}}],"line":89},"17":{"loc":{"start":{"line":95,"column":2},"end":{"line":99,"column":3}},"type":"if","locations":[{"start":{"line":95,"column":2},"end":{"line":99,"column":3}},{"start":{},"end":{}}],"line":95},"18":{"loc":{"start":{"line":111,"column":56},"end":{"line":111,"column":65}},"type":"default-arg","locations":[{"start":{"line":111,"column":63},"end":{"line":111,"column":65}}],"line":111},"19":{"loc":{"start":{"line":122,"column":11},"end":{"line":128,"column":18}},"type":"cond-expr","locations":[{"start":{"line":123,"column":8},"end":{"line":127,"column":9}},{"start":{"line":128,"column":8},"end":{"line":128,"column":18}}],"line":122},"20":{"loc":{"start":{"line":141,"column":2},"end":{"line":143,"column":3}},"type":"if","locations":[{"start":{"line":141,"column":2},"end":{"line":143,"column":3}},{"start":{},"end":{}}],"line":141},"21":{"loc":{"start":{"line":146,"column":16},"end":{"line":146,"column":115}},"type":"cond-expr","locations":[{"start":{"line":146,"column":51},"end":{"line":146,"column":101}},{"start":{"line":146,"column":104},"end":{"line":146,"column":115}}],"line":146},"22":{"loc":{"start":{"line":153,"column":8},"end":{"line":153,"column":41}},"type":"binary-expr","locations":[{"start":{"line":153,"column":8},"end":{"line":153,"column":30}},{"start":{"line":153,"column":34},"end":{"line":153,"column":41}}],"line":153},"23":{"loc":{"start":{"line":157,"column":11},"end":{"line":157,"column":27}},"type":"binary-expr","locations":[{"start":{"line":157,"column":11},"end":{"line":157,"column":21}},{"start":{"line":157,"column":25},"end":{"line":157,"column":27}}],"line":157},"24":{"loc":{"start":{"line":165,"column":8},"end":{"line":165,"column":47}},"type":"binary-expr","locations":[{"start":{"line":165,"column":8},"end":{"line":165,"column":33}},{"start":{"line":165,"column":37},"end":{"line":165,"column":47}}],"line":165},"25":{"loc":{"start":{"line":167,"column":10},"end":{"line":167,"column":91}},"type":"binary-expr","locations":[{"start":{"line":167,"column":10},"end":{"line":167,"column":41}},{"start":{"line":167,"column":45},"end":{"line":167,"column":71}},{"start":{"line":167,"column":75},"end":{"line":167,"column":91}}],"line":167},"26":{"loc":{"start":{"line":168,"column":14},"end":{"line":168,"column":38}},"type":"binary-expr","locations":[{"start":{"line":168,"column":14},"end":{"line":168,"column":32}},{"start":{"line":168,"column":36},"end":{"line":168,"column":38}}],"line":168},"27":{"loc":{"start":{"line":169,"column":15},"end":{"line":169,"column":40}},"type":"binary-expr","locations":[{"start":{"line":169,"column":15},"end":{"line":169,"column":34}},{"start":{"line":169,"column":38},"end":{"line":169,"column":40}}],"line":169},"28":{"loc":{"start":{"line":170,"column":14},"end":{"line":170,"column":38}},"type":"binary-expr","locations":[{"start":{"line":170,"column":14},"end":{"line":170,"column":32}},{"start":{"line":170,"column":36},"end":{"line":170,"column":38}}],"line":170},"29":{"loc":{"start":{"line":171,"column":13},"end":{"line":171,"column":103}},"type":"binary-expr","locations":[{"start":{"line":171,"column":13},"end":{"line":171,"column":47}},{"start":{"line":171,"column":51},"end":{"line":171,"column":80}},{"start":{"line":171,"column":84},"end":{"line":171,"column":103}}],"line":171},"30":{"loc":{"start":{"line":172,"column":18},"end":{"line":172,"column":46}},"type":"binary-expr","locations":[{"start":{"line":172,"column":18},"end":{"line":172,"column":40}},{"start":{"line":172,"column":44},"end":{"line":172,"column":46}}],"line":172},"31":{"loc":{"start":{"line":173,"column":17},"end":{"line":173,"column":44}},"type":"binary-expr","locations":[{"start":{"line":173,"column":17},"end":{"line":173,"column":38}},{"start":{"line":173,"column":42},"end":{"line":173,"column":44}}],"line":173},"32":{"loc":{"start":{"line":174,"column":18},"end":{"line":174,"column":46}},"type":"binary-expr","locations":[{"start":{"line":174,"column":18},"end":{"line":174,"column":40}},{"start":{"line":174,"column":44},"end":{"line":174,"column":46}}],"line":174},"33":{"loc":{"start":{"line":191,"column":37},"end":{"line":191,"column":46}},"type":"default-arg","locations":[{"start":{"line":191,"column":44},"end":{"line":191,"column":46}}],"line":191},"34":{"loc":{"start":{"line":192,"column":20},"end":{"line":192,"column":42}},"type":"binary-expr","locations":[{"start":{"line":192,"column":20},"end":{"line":192,"column":34}},{"start":{"line":192,"column":38},"end":{"line":192,"column":42}}],"line":192},"35":{"loc":{"start":{"line":198,"column":60},"end":{"line":198,"column":69}},"type":"default-arg","locations":[{"start":{"line":198,"column":67},"end":{"line":198,"column":69}}],"line":198},"36":{"loc":{"start":{"line":199,"column":20},"end":{"line":199,"column":42}},"type":"binary-expr","locations":[{"start":{"line":199,"column":20},"end":{"line":199,"column":34}},{"start":{"line":199,"column":38},"end":{"line":199,"column":42}}],"line":199},"37":{"loc":{"start":{"line":201,"column":2},"end":{"line":203,"column":3}},"type":"if","locations":[{"start":{"line":201,"column":2},"end":{"line":203,"column":3}},{"start":{},"end":{}}],"line":201},"38":{"loc":{"start":{"line":205,"column":2},"end":{"line":207,"column":3}},"type":"if","locations":[{"start":{"line":205,"column":2},"end":{"line":207,"column":3}},{"start":{},"end":{}}],"line":205},"39":{"loc":{"start":{"line":211,"column":2},"end":{"line":213,"column":3}},"type":"if","locations":[{"start":{"line":211,"column":2},"end":{"line":213,"column":3}},{"start":{},"end":{}}],"line":211},"40":{"loc":{"start":{"line":218,"column":43},"end":{"line":218,"column":52}},"type":"default-arg","locations":[{"start":{"line":218,"column":50},"end":{"line":218,"column":52}}],"line":218},"41":{"loc":{"start":{"line":219,"column":20},"end":{"line":219,"column":42}},"type":"binary-expr","locations":[{"start":{"line":219,"column":20},"end":{"line":219,"column":34}},{"start":{"line":219,"column":38},"end":{"line":219,"column":42}}],"line":219},"42":{"loc":{"start":{"line":221,"column":2},"end":{"line":223,"column":3}},"type":"if","locations":[{"start":{"line":221,"column":2},"end":{"line":223,"column":3}},{"start":{},"end":{}}],"line":221},"43":{"loc":{"start":{"line":227,"column":2},"end":{"line":229,"column":3}},"type":"if","locations":[{"start":{"line":227,"column":2},"end":{"line":229,"column":3}},{"start":{},"end":{}}],"line":227},"44":{"loc":{"start":{"line":238,"column":45},"end":{"line":238,"column":54}},"type":"default-arg","locations":[{"start":{"line":238,"column":52},"end":{"line":238,"column":54}}],"line":238},"45":{"loc":{"start":{"line":239,"column":23},"end":{"line":239,"column":51}},"type":"binary-expr","locations":[{"start":{"line":239,"column":23},"end":{"line":239,"column":40}},{"start":{"line":239,"column":44},"end":{"line":239,"column":51}}],"line":239},"46":{"loc":{"start":{"line":241,"column":2},"end":{"line":243,"column":3}},"type":"if","locations":[{"start":{"line":241,"column":2},"end":{"line":243,"column":3}},{"start":{},"end":{}}],"line":241},"47":{"loc":{"start":{"line":247,"column":2},"end":{"line":249,"column":3}},"type":"if","locations":[{"start":{"line":247,"column":2},"end":{"line":249,"column":3}},{"start":{},"end":{}}],"line":247},"48":{"loc":{"start":{"line":258,"column":45},"end":{"line":258,"column":54}},"type":"default-arg","locations":[{"start":{"line":258,"column":52},"end":{"line":258,"column":54}}],"line":258},"49":{"loc":{"start":{"line":259,"column":23},"end":{"line":259,"column":51}},"type":"binary-expr","locations":[{"start":{"line":259,"column":23},"end":{"line":259,"column":40}},{"start":{"line":259,"column":44},"end":{"line":259,"column":51}}],"line":259},"50":{"loc":{"start":{"line":260,"column":23},"end":{"line":260,"column":51}},"type":"binary-expr","locations":[{"start":{"line":260,"column":23},"end":{"line":260,"column":40}},{"start":{"line":260,"column":44},"end":{"line":260,"column":51}}],"line":260},"51":{"loc":{"start":{"line":261,"column":27},"end":{"line":261,"column":72}},"type":"binary-expr","locations":[{"start":{"line":261,"column":27},"end":{"line":261,"column":48}},{"start":{"line":261,"column":52},"end":{"line":261,"column":72}}],"line":261},"52":{"loc":{"start":{"line":264,"column":4},"end":{"line":266,"column":5}},"type":"if","locations":[{"start":{"line":264,"column":4},"end":{"line":266,"column":5}},{"start":{},"end":{}}],"line":264},"53":{"loc":{"start":{"line":270,"column":4},"end":{"line":272,"column":5}},"type":"if","locations":[{"start":{"line":270,"column":4},"end":{"line":272,"column":5}},{"start":{},"end":{}}],"line":270},"54":{"loc":{"start":{"line":274,"column":4},"end":{"line":276,"column":5}},"type":"if","locations":[{"start":{"line":274,"column":4},"end":{"line":276,"column":5}},{"start":{},"end":{}}],"line":274},"55":{"loc":{"start":{"line":278,"column":4},"end":{"line":280,"column":5}},"type":"if","locations":[{"start":{"line":278,"column":4},"end":{"line":280,"column":5}},{"start":{},"end":{}}],"line":278},"56":{"loc":{"start":{"line":282,"column":4},"end":{"line":288,"column":5}},"type":"if","locations":[{"start":{"line":282,"column":4},"end":{"line":288,"column":5}},{"start":{},"end":{}}],"line":282},"57":{"loc":{"start":{"line":294,"column":4},"end":{"line":316,"column":5}},"type":"if","locations":[{"start":{"line":294,"column":4},"end":{"line":316,"column":5}},{"start":{},"end":{}}],"line":294},"58":{"loc":{"start":{"line":301,"column":6},"end":{"line":315,"column":7}},"type":"if","locations":[{"start":{"line":301,"column":6},"end":{"line":315,"column":7}},{"start":{"line":313,"column":13},"end":{"line":315,"column":7}}],"line":301},"59":{"loc":{"start":{"line":342,"column":2},"end":{"line":344,"column":3}},"type":"if","locations":[{"start":{"line":342,"column":2},"end":{"line":344,"column":3}},{"start":{},"end":{}}],"line":342},"60":{"loc":{"start":{"line":342,"column":6},"end":{"line":342,"column":70}},"type":"binary-expr","locations":[{"start":{"line":342,"column":6},"end":{"line":342,"column":22}},{"start":{"line":342,"column":26},"end":{"line":342,"column":70}}],"line":342},"61":{"loc":{"start":{"line":356,"column":2},"end":{"line":358,"column":3}},"type":"if","locations":[{"start":{"line":356,"column":2},"end":{"line":358,"column":3}},{"start":{},"end":{}}],"line":356},"62":{"loc":{"start":{"line":364,"column":25},"end":{"line":366,"column":11}},"type":"cond-expr","locations":[{"start":{"line":365,"column":6},"end":{"line":365,"column":48}},{"start":{"line":366,"column":6},"end":{"line":366,"column":11}}],"line":364}},"s":{"0":0,"1":0,"2":0,"3":0,"4":0,"5":0,"6":0,"7":0,"8":0,"9":0,"10":0,"11":0,"12":0,"13":0,"14":0,"15":0,"16":0,"17":0,"18":0,"19":0,"20":0,"21":0,"22":0,"23":0,"24":0,"25":0,"26":0,"27":0,"28":0,"29":0,"30":0,"31":0,"32":0,"33":0,"34":0,"35":0,"36":0,"37":0,"38":0,"39":0,"40":0,"41":0,"42":0,"43":0,"44":0,"45":0,"46":0,"47":0,"48":0,"49":0,"50":0,"51":0,"52":0,"53":0,"54":0,"55":0,"56":0,"57":0,"58":0,"59":0,"60":0,"61":0,"62":0,"63":0,"64":0,"65":0,"66":0,"67":0,"68":0,"69":0,"70":0,"71":0,"72":0,"73":0,"74":0,"75":0,"76":0,"77":0,"78":0,"79":0,"80":0,"81":0,"82":0,"83":0,"84":0,"85":0,"86":0,"87":0,"88":0,"89":0,"90":0,"91":0,"92":0,"93":0,"94":0,"95":0,"96":0,"97":0,"98":0,"99":0,"100":0,"101":0,"102":0,"103":0,"104":0,"105":0,"106":0,"107":0,"108":0,"109":0,"110":0,"111":0,"112":0,"113":0,"114":0,"115":0,"116":0,"117":0,"118":0,"119":0,"120":0,"121":0,"122":0,"123":0,"124":0,"125":0},"f":{"0":0,"1":0,"2":0,"3":0,"4":0,"5":0,"6":0,"7":0,"8":0,"9":0,"10":0,"11":0,"12":
[...]
end":{"line":63,"column":72}},"10":{"start":{"line":67,"column":2},"end":{"line":69,"column":3}},"11":{"start":{"line":68,"column":4},"end":{"line":68,"column":73}},"12":{"start":{"line":72,"column":19},"end":{"line":72,"column":77}},"13":{"start":{"line":74,"column":2},"end":{"line":76,"column":3}},"14":{"start":{"line":75,"column":4},"end":{"line":75,"column":73}},"15":{"start":{"line":78,"column":17},"end":{"line":84,"column":4}},"16":{"start":{"line":86,"column":20},"end":{"line":89,"column":11}},"17":{"start":{"line":91,"column":2},"end":{"line":91,"column":36}},"18":{"start":{"line":99,"column":22},"end":{"line":99,"column":48}},"19":{"start":{"line":101,"column":18},"end":{"line":104,"column":11}},"20":{"start":{"line":106,"column":2},"end":{"line":106,"column":38}},"21":{"start":{"line":117,"column":22},"end":{"line":117,"column":48}},"22":{"start":{"line":118,"column":23},"end":{"line":118,"column":51}},"23":{"start":{"line":120,"column":2},"end":{"line":122,"column":3}},"24":{"start":{"line":121,"column":4},"end":{"line":121,"column":60}},"25":{"start":{"line":124,"column":18},"end":{"line":124,"column":63}},"26":{"start":{"line":126,"column":2},"end":{"line":128,"column":3}},"27":{"start":{"line":127,"column":4},"end":{"line":127,"column":60}},"28":{"start":{"line":130,"column":27},"end":{"line":149,"column":4}},"29":{"start":{"line":151,"column":20},"end":{"line":151,"column":90}},"30":{"start":{"line":154,"column":23},"end":{"line":154,"column":55}},"31":{"start":{"line":155,"column":2},"end":{"line":157,"column":3}},"32":{"start":{"line":156,"column":4},"end":{"line":156,"column":49}},"33":{"start":{"line":159,"column":2},"end":{"line":168,"column":4}},"34":{"start":{"line":176,"column":22},"end":{"line":176,"column":48}},"35":{"start":{"line":177,"column":23},"end":{"line":177,"column":51}},"36":{"start":{"line":180,"column":19},"end":{"line":180,"column":83}},"37":{"start":{"line":181,"column":21},"end":{"line":181,"column":47}},"38":{"start":{"line":181,"column":41},"end":{"line":181,"column":46}},"39":{"start":{"line":183,"column":2},"end":{"line":185,"column":3}},"40":{"start":{"line":184,"column":4},"end":{"line":184,"column":87}},"41":{"start":{"line":187,"column":27},"end":{"line":204,"column":4}},"42":{"start":{"line":206,"column":20},"end":{"line":206,"column":69}},"43":{"start":{"line":209,"column":21},"end":{"line":218,"column":4}},"44":{"start":{"line":220,"column":26},"end":{"line":228,"column":3}},"45":{"start":{"line":221,"column":29},"end":{"line":227,"column":5}},"46":{"start":{"line":230,"column":2},"end":{"line":243,"column":4}},"47":{"start":{"line":238,"column":35},"end":{"line":242,"column":5}},"48":{"start":{"line":251,"column":22},"end":{"line":251,"column":48}},"49":{"start":{"line":253,"column":18},"end":{"line":257,"column":11}},"50":{"start":{"line":259,"column":2},"end":{"line":259,"column":38}},"51":{"start":{"line":267,"column":22},"end":{"line":267,"column":48}},"52":{"start":{"line":269,"column":2},"end":{"line":271,"column":3}},"53":{"start":{"line":270,"column":4},"end":{"line":270,"column":51}},"54":{"start":{"line":273,"column":17},"end":{"line":273,"column":63}},"55":{"start":{"line":275,"column":2},"end":{"line":277,"column":3}},"56":{"start":{"line":276,"column":4},"end":{"line":276,"column":51}},"57":{"start":{"line":279,"column":2},"end":{"line":279,"column":39}},"58":{"start":{"line":287,"column":22},"end":{"line":287,"column":48}},"59":{"start":{"line":289,"column":19},"end":{"line":289,"column":81}},"60":{"start":{"line":289,"column":45},"end":{"line":289,"column":80}},"61":{"start":{"line":291,"column":2},"end":{"line":293,"column":3}},"62":{"start":{"line":292,"column":4},"end":{"line":292,"column":14}},"63":{"start":{"line":295,"column":18},"end":{"line":298,"column":10}},"64":{"start":{"line":300,"column":2},"end":{"line":300,"column":50}},"65":{"start":{"line":300,"column":28},"end":{"line":300,"column":48}}},"fnMap":{"0":{"name":"serializeReview","decl":{"start":{"line":12,"column":16},"end":{"line":12,"column":31}},"loc":{"start":{"line":12,"column":40},"end":{"line":33,"column":1}},"line":12},"1":{"name":"createReview","decl":{"start":{"line":47,"column":22},"end":{"line":47,"column":34}},"loc":{"start":{"line":47,"column":59},"end":{"line":92,"column":1}},"line":47},"2":{"name":"listMyReviews","decl":{"start":{"line":98,"column":22},"end":{"line":98,"column":35}},"loc":{"start":{"line":98,"column":53},"end":{"line":107,"column":1}},"line":98},"3":{"name":"getParkingReviews","decl":{"start":{"line":116,"column":22},"end":{"line":116,"column":39}},"loc":{"start":{"line":116,"column":62},"end":{"line":169,"column":1}},"line":116},"4":{"name":"getOwnerReviews","decl":{"start":{"line":175,"column":22},"end":{"line":175,"column":37}},"loc":{"start":{"line":175,"column":55},"end":{"line":244,"column":1}},"line":175},"5":{"name":"(anonymous_5)","decl":{"start":{"line":181,"column":34},"end":{"line":181,"column":35}},"loc":{"start":{"line":181,"column":41},"end":{"line":181,"column":46}},"line":181},"6":{"name":"(anonymous_6)","decl":{"start":{"line":221,"column":19},"end":{"line":221,"column":20}},"loc":{"start":{"line":221,"column":29},"end":{"line":227,"column":5}},"line":221},"7":{"name":"(anonymous_7)","decl":{"start":{"line":238,"column":27},"end":{"line":238,"column":28}},"loc":{"start":{"line":238,"column":35},"end":{"line":242,"column":5}},"line":238},"8":{"name":"getAllReviews","decl":{"start":{"line":250,"column":22},"end":{"line":250,"column":35}},"loc":{"start":{"line":250,"column":47},"end":{"line":260,"column":1}},"line":250},"9":{"name":"deleteReview","decl":{"start":{"line":266,"column":22},"end":{"line":266,"column":34}},"loc":{"start":{"line":266,"column":50},"end":{"line":280,"column":1}},"line":266},"10":{"name":"getReviewedBookingIds","decl":{"start":{"line":286,"column":22},"end":{"line":286,"column":43}},"loc":{"start":{"line":286,"column":75},"end":{"line":301,"column":1}},"line":286},"11":{"name":"(anonymous_11)","decl":{"start":{"line":289,"column":37},"end":{"line":289,"column":38}},"loc":{"start":{"line":289,"column":45},"end":{"line":289,"column":80}},"line":289},"12":{"name":"(anonymous_12)","decl":{"start":{"line":300,"column":21},"end":{"line":300,"column":22}},"loc":{"start":{"line":300,"column":28},"end":{"line":300,"column":48}},"line":300}},"branchMap":{"0":{"loc":{"start":{"line":15,"column":10},"end":{"line":20,"column":33}},"type":"cond-expr","locations":[{"start":{"line":16,"column":8},"end":{"line":19,"column":9}},{"start":{"line":20,"column":8},"end":{"line":20,"column":33}}],"line":15},"1":{"loc":{"start":{"line":18,"column":16},"end":{"line":18,"column":45}},"type":"binary-expr","locations":[{"start":{"line":18,"column":16},"end":{"line":18,"column":32}},{"start":{"line":18,"column":36},"end":{"line":18,"column":45}}],"line":18},"2":{"loc":{"start":{"line":21,"column":13},"end":{"line":26,"column":36}},"type":"cond-expr","locations":[{"start":{"line":22,"column":8},"end":{"line":25,"column":9}},{"start":{"line":26,"column":8},"end":{"line":26,"column":36}}],"line":21},"3":{"loc":{"start":{"line":24,"column":17},"end":{"line":24,"column":43}},"type":"binary-expr","locations":[{"start":{"line":24,"column":17},"end":{"line":24,"column":37}},{"start":{"line":24,"column":41},"end":{"line":24,"column":43}}],"line":24},"4":{"loc":{"start":{"line":27,"column":13},"end":{"line":27,"column":78}},"type":"binary-expr","locations":[{"start":{"line":27,"column":13},"end":{"line":27,"column":46}},{"start":{"line":27,"column":50},"end":{"line":27,"column":78}}],"line":27},"5":{"loc":{"start":{"line":29,"column":13},"end":{"line":29,"column":33}},"type":"binary-expr","locations":[{"start":{"line":29,"column":13},"end":{"line":29,"column":27}},{"start":{"line":29,"column":31},"end":{"line":29,"column":33}}],"line":29},"6":{"loc":{"start":{"line":47,"column":48},"end":{"line":47,"column":57}},"type":"default-arg","locations":[{"start":{"line":47,"column":55},"end":{"line":47,"column":57}}],"line":47},"7":{"loc":{"start":{"line":48,"column":23},"end":{"line":48,"column":51}},"type":"binary-expr","locations":[{"start":{"line":48,"column":23},"end":{"line":48,"column":40}},{"start":{"line":48,"column":44},"end":{"line":48,"column":51}}],"line":48},"8":{"loc":{"start":{"line":49,"column":22},"end":{"line":49,"column":48}},"type":"binary-expr","locations":[{"start":{"line":49,"column":22},"end":{"line":49,"column":38}},{"start":{"line":49,"column":42},"end":{"line":49,"column":48}}],"line":49},"9":{"loc":{"start":{"line":52,"column":2},"end":{"line":54,"column":3}},"type":"if","locations":[{"start":{"line":52,"column":2},"end":{"line":54,"column":3}},{"start":{},"end":{}}],"line":52},"10":{"loc":{"start":{"line":58,"column":2},"end":{"line":60,"column":3}},"type":"if","locations":[{"start":{"line":58,"column":2},"end":{"line":60,"column":3}},{"start":{},"end":{}}],"line":58},"11":{"loc":{"start":{"line":62,"column":2},"end":{"line":64,"column":3}},"type":"if","locations":[{"start":{"line":62,"column":2},"end":{"line":64,"column":3}},{"start":{},"end":{}}],"line":62},"12":{"loc":{"start":{"line":67,"column":2},"end":{"line":69,"column":3}},"type":"if","locations":[{"start":{"line":67,"column":2},"end":{"line":69,"column":3}},{"start":{},"end":{}}],"line":67},"13":{"loc":{"start":{"line":74,"column":2},"end":{"line":76,"column":3}},"type":"if","locations":[{"start":{"line":74,"column":2},"end":{"line":76,"column":3}},{"start":{},"end":{}}],"line":74},"14":{"loc":{"start":{"line":83,"column":13},"end":{"line":83,"column":32}},"type":"binary-expr","locations":[{"start":{"line":83,"column":13},"end":{"line":83,"column":26}},{"start":{"line":83,"column":30},"end":{"line":83,"column":32}}],"line":83},"15":{"loc":{"start":{"line":98,"column":42},"end":{"line":98,"column":51}},"type":"default-arg","locations":[{"start":{"line":98,"column":49},"end":{"line":98,"column":51}}],"line":98},"16":{"loc":{"start":{"line":99,"column":22},"end":{"line":99,"column":48}},"type":"binary-expr","locations":[{"start":{"line":99,"column":22},"end":{"line":99,"column":38}},{"start":{"line":99,"column":42},"end":{"line":99,"column":48}}],"line":99},"17":{"loc":{"start":{"line":116,"column":51},"end":{"line":116,"column":60}},"type":"default-arg","locations":[{"start":{"line":116,"column":58},"end":{"line":116,"column":60}}],"line":116},"18":{"loc":{"start":{"line":117,"column":22},"end":{"line":117,"column":48}},"type":"binary-expr","locations":[{"start":{"line":117,"column":22},"end":{"line":117,"column":38}},{"start":{"line":117,"column":42},"end":{"line":117,"column":48}}],"line":117},"19":{"loc":{"start":{"line":118,"column":23},"end":{"line":118,"column":51}},"type":"binary-expr","locations":[{"start":{"line":118,"column":23},"end":{"line":118,"column":40}},{"start":{"line":118,"column":44},"end":{"line":118,"column":51}}],"line":118},"20":{"loc":{"start":{"line":120,"column":2},"end":{"line":122,"column":3}},"type":"if","locations":[{"start":{"line":120,"column":2},"end":{"line":122,"column":3}},{"start":{},"end":{}}],"line":120},"21":{"loc":{"start":{"line":126,"column":2},"end":{"line":128,"column":3}},"type":"if","locations":[{"start":{"line":126,"column":2},"end":{"line":128,"column":3}},{"start":{},"end":{}}],"line":126},"22":{"loc":{"start":{"line":151,"column":20},"end":{"line":151,"column":90}},"type":"binary-expr","locations":[{"start":{"line":151,"column":20},"end":{"line":151,"column":28}},{"start":{"line":151,"column":32},"end":{"line":151,"column":90}}],"line":151},"23":{"loc":{"start":{"line":156,"column":23},"end":{"line":156,"column":43}},"type":"binary-expr","locations":[{"start":{"line":156,"column":23},"end":{"line":156,"column":38}},{"start":{"line":156,"column":42},"end":{"line":156,"column":43}}],"line":156},"24":{"loc":{"start":{"line":162,"column":21},"end":{"line":164,"column":11}},"type":"cond-expr","locations":[{"start":{"line":163,"column":10},"end":{"line":163,"column":52}},{"start":{"line":164,"column":10},"end":{"line":164,"column":11}}],"line":162},"25":{"loc":{"start":{"line":175,"column":44},"end":{"line":175,"column":53}},"type":"default-arg","locations":[{"start":{"line":175,"column":51},"end":{"line":175,"column":53}}],"line":175},"26":{"loc":{"start":{"line":176,"column":22},"end":{"line":176,"column":48}},"type":"binary-expr","locations":[{"start":{"line":176,"column":22},"end":{"line":176,"column":38}},{"start":{"line":176,"column":42},"end":{"line":176,"column":48}}],"line":176},"27":{"loc":{"start":{"line":177,"column":23},"end":{"line":177,"column":51}},"type":"binary-expr","locations":[{"start":{"line":177,"column":23},"end":{"line":177,"column":40}},{"start":{"line":177,"column":44},"end":{"line":177,"column":51}}],"line":177},"28":{"loc":{"start":{"line":183,"column":2},"end":{"line":185,"column":3}},"type":"if","locations":[{"start":{"line":183,"column":2},"end":{"line":185,"column":3}},{"start":{},"end":{}}],"line":183},"29":{"loc":{"start":{"line":206,"column":20},"end":{"line":206,"column":69}},"type":"binary-expr","locations":[{"start":{"line":206,"column":20},"end":{"line":206,"column":28}},{"start":{"line":206,"column":32},"end":{"line":206,"column":69}}],"line":206},"30":{"loc":{"start":{"line":233,"column":21},"end":{"line":235,"column":11}},"type":"cond-expr","locations":[{"start":{"line":234,"column":10},"end":{"line":234,"column":52}},{"start":{"line":235,"column":10},"end":{"line":235,"column":11}}],"line":233},"31":{"loc":{"start":{"line":241,"column":10},"end":{"line":241,"column":84}},"type":"binary-expr","locations":[{"start":{"line":241,"column":10},"end":{"line":241,"column":43}},{"start":{"line":241,"column":47},"end":{"line":241,"column":84}}],"line":241},"32":{"loc":{"start":{"line":250,"column":36},"end":{"line":250,"column":45}},"type":"default-arg","locations":[{"start":{"line":250,"column":43},"end":{"line":250,"column":45}}],"line":250},"33":{"loc":{"start":{"line":251,"column":22},"end":{"line":251,"column":48}},"type":"binary-expr","locations":[{"start":{"line":251,"column":22},"end":{"line":251,"column":38}},{"start":{"line":251,"column":42},"end":{"line":251,"column":48}}],"line":251},"34":{"loc":{"start":{"line":266,"column":39},"end":{"line":266,"column":48}},"type":"default-arg","locations":[{"start":{"line":266,"column":46},"end":{"line":266,"column":48}}],"line":266},"35":{"loc":{"start":{"line":267,"column":22},"end":{"line":267,"column":48}},"type":"binary-expr","locations":[{"start":{"line":267,"column":22},"end":{"line":267,"column":38}},{"start":{"line":267,"column":42},"end":{"line":267,"column":48}}],"line":267},"36":{"loc":{"start":{"line":269,"column":2},"end":{"line":271,"column":3}},"type":"if","locations":[{"start":{"line":269,"column":2},"end":{"line":271,"column":3}},{"start":{},"end":{}}],"line":269},"37":{"loc":{"start":{"line":275,"column":2},"end":{"line":277,"column":3}},"type":"if","locations":[{"start":{"line":275,"column":2},"end":{"line":277,"column":3}},{"start":{},"end":{}}],"line":275},"38":{"loc":{"start":{"line":286,"column":64},"end":{"line":286,"column":73}},"type":"default-arg","locations":[{"start":{"line":286,"column":71},"end":{"line":286,"column":73}}],"line":286},"39":{"loc":{"start":{"line":287,"column":22},"end":{"line":287,"column":48}},"type":"binary-expr","locations":[{"start":{"line":287,"column":22},"end":{"line":287,"column":38}},{"start":{"line":287,"column":42},"end":{"line":287,"column":48}}],"line":287},"40":{"loc":{"start":{"line":291,"column":2},"end":{"line":293,"column":3}},"type":"if","locations":[{"start":{"line":291,"column":2},"end":{"line":293,"column":3}},{"start":{},"end":{}}],"line":291}},"s":{"0":0,"1":0,"2":0,"3":0,"4":0,"5":0,"6":0,"7":0,"8":0,"9":0,"10":0,"11":0,"12":0,"13":0,"14":0,"15":0,"16":0,"17":0,"18":0,"19":0,"20":0,"21":0,"22":0,"23":0,"24":0,"25":0,"26":0,"27":0,"28":0,"29":0,"30":0,"31":0,"32":0,"33":0,"34":0,"35":0,"36":0,"37":0,"38":0,"39":0,"40":0,"41":0,"42":0,"43":0,"44":0,"45":0,"46":0,"47":0,"48":0,"49":0,"50":0,"51":0,"52":0,"53":0,"54":0,"55":0,"56":0,"57":0,"58":0,"59":0,"60":0,"61":0,"62":0,"63":0,"64":0,"65":0},"f":{"0":0,"1":0,"2":0,"3":0,"4":0,"5":0,"6":0,"7":0,"8":0,"9":0,"10":0,"11":0,"12":0},"b":{"0":[0,0],"1":[0,0],"2":[0,0],"3":[0,0],"4":[0,0],"5":[0,0],"6":[0],"7":[0,0],"8":[0,0],"9":[0,0],"10":[0,0],"11":[0,0],"12":[0,0],"13":[0,0],"14":[0,0],"15":[0],"16":[0,0],"17":[0],"18":[0,0],"19":[0,0],"20":[0,0],"21":[0,0],"22":[0,0],"23":[0,0],"24":[0,0],"25":[0],"26":[0,0],"27":[0,0],"28":[0,0],"29":[0,0],"30":[0,0],"31":[0,0],"32":[0],"33":[0,0],"34":[0],"35":[0,0],"36":[0,0],"37":[0,0],"38":[0],"39":[0,0],"40":[0,0]},"_coverageSchema":"1a1c01bbd47fc00a2c39e90264f33305004495a9","hash":"1138586109d8f8695755a70aec694768c9bb1492"}
,"C:\\Projects\\SmartPark\\server\\src\\services\\search.service.js": {"path":"C:\\Projects\\SmartPark\\server\\src\\services\\search.service.js","statementMap":{"0":{"start":{"line":4,"column":23},"end":{"line":4,"column":51}},"1":{"start":{"line":5,"column":12},"end":{"line":5,"column":40}},"2":{"start":{"line":7,"column":2},"end":{"line":11,"column":3}},"3":{"start":{"line":8,"column":4},"end":{"line":10,"column":6}},"4":{"start":{"line":13,"column":18},"end":{"line":13,"column":56}},"5":{"start":{"line":14,"column":27},"end":{"line":17,"column":3}},"6":{"start":{"line":19,"column":41},"end":{"line":23,"column":4}},"7":{"start":{"line":25,"column":2},"end":{"line":36,"column":4}},"8":{"start":{"line":27,"column":60},"end":{"line":27,"column":83}},"9":{"start":{"line":28,"column":59},"end":{"line":28,"column":82}},"10":{"start":{"line":29,"column":41},"end":{"line":34,"column":7}},"11":{"start":{"line":40,"column":2},"end":{"line":40,"column":54}}},"fnMap":{"0":{"name":"getSearchSuggestions","decl":{"start":{"line":3,"column":22},"end":{"line":3,"column":42}},"loc":{"start":{"line":3,"column":61},"end":{"line":37,"column":1}},"line":3},"1":{"name":"(anonymous_1)","decl":{"start":{"line":27,"column":48},"end":{"line":27,"column":49}},"loc":{"start":{"line":27,"column":60},"end":{"line":27,"column":83}},"line":27},"2":{"name":"(anonymous_2)","decl":{"start":{"line":28,"column":47},"end":{"line":28,"column":48}},"loc":{"start":{"line":28,"column":59},"end":{"line":28,"column":82}},"line":28},"3":{"name":"(anonymous_3)","decl":{"start":{"line":29,"column":27},"end":{"line":29,"column":28}},"loc":{"start":{"line":29,"column":41},"end":{"line":34,"column":7}},"line":29},"4":{"name":"escapeRegExp","decl":{"start":{"line":39,"column":9},"end":{"line":39,"column":21}},"loc":{"start":{"line":39,"column":29},"end":{"line":41,"column":1}},"line":39}},"branchMap":{"0":{"loc":{"start":{"line":3,"column":50},"end":{"line":3,"column":59}},"type":"default-arg","locations":[{"start":{"line":3,"column":57},"end":{"line":3,"column":59}}],"line":3},"1":{"loc":{"start":{"line":4,"column":23},"end":{"line":4,"column":51}},"type":"binary-expr","locations":[{"start":{"line":4,"column":23},"end":{"line":4,"column":40}},{"start":{"line":4,"column":44},"end":{"line":4,"column":51}}],"line":4},"2":{"loc":{"start":{"line":7,"column":2},"end":{"line":11,"column":3}},"type":"if","locations":[{"start":{"line":7,"column":2},"end":{"line":11,"column":3}},{"start":{},"end":{}}],"line":7},"3":{"loc":{"start":{"line":7,"column":6},"end":{"line":7,"column":24}},"type":"binary-expr","locations":[{"start":{"line":7,"column":6},"end":{"line":7,"column":8}},{"start":{"line":7,"column":12},"end":{"line":7,"column":24}}],"line":7}},"s":{"0":0,"1":0,"2":0,"3":0,"4":0,"5":0,"6":0,"7":0,"8":0,"9":0,"10":0,"11":0},"f":{"0":0,"1":0,"2":0,"3":0,"4":0},"b":{"0":[0],"1":[0,0],"2":[0,0],"3":[0,0]},"_coverageSchema":"1a1c01bbd47fc00a2c39e90264f33305004495a9","hash":"c910b399a13dbcc19047d539c981505b389d1ef0"}
,"C:\\Projects\\SmartPark\\server\\src\\services\\slot.service.js": {"path":"C:\\Projects\\SmartPark\\server\\src\\services\\slot.service.js","statementMap":{},"fnMap":{},"branchMap":{},"s":{},"f":{},"b":{}}
}
