TN:
SF:src\controllers\admin.controller.js
FN:17,(anonymous_0)
FN:26,(anonymous_1)
FN:37,(anonymous_2)
FN:48,(anonymous_3)
FN:59,(anonymous_4)
FN:70,(anonymous_5)
FN:81,(anonymous_6)
FN:92,(anonymous_7)
FN:103,(anonymous_8)
FN:114,(anonymous_9)
FN:125,(anonymous_10)
FN:136,(anonymous_11)
FNF:12
FNH:0
FNDA:0,(anonymous_0)
FNDA:0,(anonymous_1)
FNDA:0,(anonymous_2)
FNDA:0,(anonymous_3)
FNDA:0,(anonymous_4)
FNDA:0,(anonymous_5)
FNDA:0,(anonymous_6)
FNDA:0,(anonymous_7)
FNDA:0,(anonymous_8)
FNDA:0,(anonymous_9)
FNDA:0,(anonymous_10)
FNDA:0,(anonymous_11)
DA:17,2
DA:18,0
DA:20,0
DA:26,2
DA:27,0
DA:29,0
DA:37,2
DA:38,0
DA:40,0
DA:48,2
DA:49,0
DA:51,0
DA:59,2
DA:60,0
DA:62,0
DA:70,2
DA:71,0
DA:73,0
DA:81,2
DA:82,0
DA:84,0
DA:92,2
DA:93,0
DA:95,0
DA:103,2
DA:104,0
DA:106,0
DA:114,2
DA:115,0
DA:117,0
DA:119,0
DA:125,2
DA:126,0
DA:128,0
DA:136,2
DA:137,0
DA:139,0
LF:37
LH:12
BRF:0
BRH:0
end_of_record
TN:
SF:src\controllers\analytics.controller.js
FN:4,(anonymous_0)
FN:9,(anonymous_1)
FN:38,(anonymous_2)
FNF:3
FNH:0
FNDA:0,(anonymous_0)
FNDA:0,(anonymous_1)
FNDA:0,(anonymous_2)
DA:4,2
DA:5,0
DA:6,0
DA:9,2
DA:11,0
DA:14,0
DA:15,0
DA:16,0
DA:17,0
DA:19,0
DA:20,0
DA:21,0
DA:22,0
DA:23,0
DA:24,0
DA:25,0
DA:30,0
DA:31,0
DA:34,0
DA:35,0
DA:38,2
DA:39,0
DA:40,0
LF:23
LH:3
BRDA:14,0,0,0
BRDA:14,0,1,0
BRDA:14,1,0,0
BRDA:14,1,1,0
BRDA:17,2,0,0
BRDA:17,2,1,0
BRDA:20,3,0,0
BRDA:20,3,1,0
BRDA:20,4,0,0
BRDA:20,4,1,0
BRDA:30,5,0,0
BRDA:30,5,1,0
BRF:12
BRH:0
end_of_record
TN:
SF:src\controllers\auth.controller.js
FN:12,(anonymous_0)
FN:31,(anonymous_1)
FN:49,(anonymous_2)
FN:58,(anonymous_3)
FN:69,(anonymous_4)
FN:80,(anonymous_5)
FNF:6
FNH:2
FNDA:7,(anonymous_0)
FNDA:3,(anonymous_1)
FNDA:0,(anonymous_2)
FNDA:0,(anonymous_3)
FNDA:0,(anonymous_4)
FNDA:0,(anonymous_5)
DA:12,2
DA:13,7
DA:18,7
DA:20,6
DA:25,6
DA:31,2
DA:32,3
DA:36,3
DA:38,1
DA:43,1
DA:49,2
DA:50,0
DA:58,2
DA:59,0
DA:61,0
DA:69,2
DA:70,0
DA:72,0
DA:80,2
DA:81,0
DA:83,0
LF:21
LH:14
BRF:0
BRH:0
end_of_record
TN:
SF:src\controllers\booking.controller.js
FN:8,(anonymous_0)
FN:15,(anonymous_1)
FN:26,(anonymous_2)
FN:37,(anonymous_3)
FNF:4
FNH:0
FNDA:0,(anonymous_0)
FNDA:0,(anonymous_1)
FNDA:0,(anonymous_2)
FNDA:0,(anonymous_3)
DA:8,2
DA:9,0
DA:15,2
DA:16,0
DA:18,0
DA:26,2
DA:27,0
DA:29,0
DA:37,2
DA:38,0
DA:40,0
LF:11
LH:4
BRF:0
BRH:0
end_of_record
TN:
SF:src\controllers\chat.controller.js
FN:18,(anonymous_0)
FNF:1
FNH:0
FNDA:0,(anonymous_0)
DA:18,2
DA:19,0
DA:21,0
DA:22,0
DA:25,0
DA:26,0
DA:30,0
DA:31,0
DA:32,0
DA:34,0
DA:35,0
DA:39,0
DA:41,0
LF:13
LH:1
BRDA:21,0,0,0
BRDA:21,0,1,0
BRDA:21,1,0,0
BRDA:21,1,1,0
BRDA:25,2,0,0
BRDA:25,2,1,0
BRDA:31,3,0,0
BRDA:31,3,1,0
BRDA:31,4,0,0
BRDA:31,4,1,0
BRDA:34,5,0,0
BRDA:34,5,1,0
BRDA:34,6,0,0
BRDA:34,6,1,0
BRF:14
BRH:0
end_of_record
TN:
SF:src\controllers\health.controller.js
FN:1,getHealth
FNF:1
FNH:0
FNDA:0,getHealth
DA:2,0
LF:1
LH:0
BRF:0
BRH:0
end_of_record
TN:
SF:src\controllers\notification.controller.js
FN:13,(anonymous_0)
FN:29,(anonymous_1)
FN:42,(anonymous_2)
FNF:3
FNH:0
FNDA:0,(anonymous_0)
FNDA:0,(anonymous_1)
FNDA:0,(anonymous_2)
DA:13,2
DA:14,0
DA:19,0
DA:29,2
DA:30,0
DA:32,0
DA:42,2
DA:43,0
DA:45,0
LF:9
LH:3
BRF:0
BRH:0
end_of_record
TN:
SF:src\controllers\owner.controller.js
FN:4,(anonymous_0)
FN:13,(anonymous_1)
FN:24,(anonymous_2)
FNF:3
FNH:0
FNDA:0,(anonymous_0)
FNDA:0,(anonymous_1)
FNDA:0,(anonymous_2)
DA:4,2
DA:5,0
DA:7,0
DA:13,2
DA:14,0
DA:16,0
DA:24,2
DA:25,0
DA:27,0
LF:9
LH:3
BRF:0
BRH:0
end_of_record
TN:
SF:src\controllers\parking.controller.js
FN:18,(anonymous_0)
FN:29,(anonymous_1)
FN:38,(anonymous_2)
FN:47,(anonymous_3)
FN:58,(anonymous_4)
FN:69,(anonymous_5)
FN:80,(anonymous_6)
FN:91,(anonymous_7)
FN:102,(anonymous_8)
FN:113,(anonymous_9)
FN:124,(anonymous_10)
FN:135,(anonymous_11)
FN:149,(anonymous_12)
FNF:13
FNH:1
FNDA:0,(anonymous_0)
FNDA:2,(anonymous_1)
FNDA:0,(anonymous_2)
FNDA:0,(anonymous_3)
FNDA:0,(anonymous_4)
FNDA:0,(anonymous_5)
FNDA:0,(anonymous_6)
FNDA:0,(anonymous_7)
FNDA:0,(anonymous_8)
FNDA:0,(anonymous_9)
FNDA:0,(anonymous_10)
FNDA:0,(anonymous_11)
FNDA:0,(anonymous_12)
DA:18,2
DA:19,0
DA:21,0
DA:29,2
DA:30,2
DA:32,2
DA:38,2
DA:39,0
DA:41,0
DA:47,2
DA:48,0
DA:50,0
DA:58,2
DA:59,0
DA:61,0
DA:69,2
DA:70,0
DA:72,0
DA:80,2
DA:81,0
DA:83,0
DA:91,2
DA:92,0
DA:94,0
DA:102,2
DA:103,0
DA:105,0
DA:113,2
DA:114,0
DA:116,0
DA:124,2
DA:125,0
DA:127,0
DA:135,2
DA:136,0
DA:138,0
DA:149,2
DA:150,0
DA:151,0
DA:153,0
LF:40
LH:15
BRDA:59,0,0,0
BRDA:59,0,1,0
BRDA:81,1,0,0
BRDA:81,1,1,0
BRDA:136,2,0,0
BRDA:136,2,1,0
BRF:6
BRH:0
end_of_record
TN:
SF:src\controllers\payment.controller.js
FN:8,(anonymous_0)
FN:17,(anonymous_1)
FN:26,(anonymous_2)
FNF:3
FNH:0
FNDA:0,(anonymous_0)
FNDA:0,(anonymous_1)
FNDA:0,(anonymous_2)
DA:8,2
DA:9,0
DA:11,0
DA:17,2
DA:18,0
DA:20,0
DA:26,2
DA:27,0
DA:28,0
DA:30,0
LF:10
LH:3
BRDA:27,0,0,0
BRDA:27,0,1,0
BRF:2
BRH:0
end_of_record
TN:
SF:src\controllers\review.controller.js
FN:16,(anonymous_0)
FN:25,(anonymous_1)
FN:41,(anonymous_2)
FN:55,(anonymous_3)
FN:68,(anonymous_4)
FN:81,(anonymous_5)
FN:90,(anonymous_6)
FNF:7
FNH:0
FNDA:0,(anonymous_0)
FNDA:0,(anonymous_1)
FNDA:0,(anonymous_2)
FNDA:0,(anonymous_3)
FNDA:0,(anonymous_4)
FNDA:0,(anonymous_5)
FNDA:0,(anonymous_6)
DA:16,2
DA:17,0
DA:19,0
DA:25,2
DA:26,0
DA:28,0
DA:41,2
DA:42,0
DA:43,0
DA:45,0
DA:55,2
DA:56,0
DA:58,0
DA:68,2
DA:69,0
DA:71,0
DA:81,2
DA:82,0
DA:84,0
DA:90,2
DA:91,0
DA:93,0
LF:22
LH:7
BRDA:42,0,0,0
BRDA:42,0,1,0
BRF:2
BRH:0
end_of_record
TN:
SF:src\controllers\search.controller.js
FN:4,(anonymous_0)
FNF:1
FNH:0
FNDA:0,(anonymous_0)
DA:4,2
DA:5,0
DA:7,0
LF:3
LH:1
BRF:0
BRH:0
end_of_record
TN:
SF:src\middleware\authenticate.js
FN:7,(anonymous_0)
FNF:1
FNH:1
FNDA:7,(anonymous_0)
DA:7,2
DA:8,7
DA:10,7
DA:11,3
DA:14,4
DA:16,4
DA:17,4
DA:18,3
DA:20,3
DA:21,0
DA:24,3
DA:25,0
DA:28,3
DA:29,0
DA:32,3
DA:33,3
DA:35,1
DA:36,0
DA:39,1
LF:19
LH:15
BRDA:10,0,0,3
BRDA:10,0,1,4
BRDA:20,1,0,0
BRDA:20,1,1,3
BRDA:24,2,0,0
BRDA:24,2,1,3
BRDA:28,3,0,0
BRDA:28,3,1,3
BRDA:35,4,0,0
BRDA:35,4,1,1
BRF:10
BRH:6
end_of_record
TN:
SF:src\middleware\authorizeRoles.js
FN:3,authorizeRoles
FN:4,(anonymous_1)
FNF:2
FNH:2
FNDA:52,authorizeRoles
FNDA:3,(anonymous_1)
DA:4,52
DA:5,3
DA:6,0
DA:7,0
DA:10,3
DA:11,1
DA:12,1
DA:15,2
LF:8
LH:6
BRDA:5,0,0,0
BRDA:5,0,1,3
BRDA:10,1,0,1
BRDA:10,1,1,2
BRF:4
BRH:3
end_of_record
TN:
SF:src\middleware\errorHandler.js
FN:3,errorHandler
FNF:1
FNH:1
FNDA:12,errorHandler
DA:4,12
DA:6,12
LF:2
LH:2
BRDA:4,0,0,12
BRDA:4,0,1,0
BRDA:8,1,0,0
BRDA:8,1,1,12
BRDA:8,2,0,12
BRDA:8,2,1,0
BRDA:9,3,0,12
BRDA:9,3,1,0
BRF:8
BRH:4
end_of_record
TN:
SF:src\middleware\notFoundHandler.js
FN:1,notFoundHandler
FNF:1
FNH:0
FNDA:0,notFoundHandler
DA:2,0
LF:1
LH:0
BRF:0
BRH:0
end_of_record
TN:
SF:src\middleware\optionalAuthenticate.js
FN:6,(anonymous_0)
FNF:1
FNH:0
FNDA:0,(anonymous_0)
DA:6,2
DA:7,0
DA:9,0
DA:10,0
DA:11,0
DA:14,0
DA:15,0
DA:16,0
DA:18,0
DA:19,0
DA:25,0
LF:11
LH:1
BRDA:9,0,0,0
BRDA:9,0,1,0
BRDA:18,1,0,0
BRDA:18,1,1,0
BRDA:18,2,0,0
BRDA:18,2,1,0
BRF:6
BRH:0
end_of_record
TN:
SF:src\middleware\rateLimiter.js
FN:3,(anonymous_0)
FNF:1
FNH:1
FNDA:33,(anonymous_0)
DA:3,33
DA:6,2
DA:15,2
LF:3
LH:3
BRDA:6,0,0,2
BRDA:6,0,1,0
BRDA:15,1,0,2
BRDA:15,1,1,0
BRF:4
BRH:2
end_of_record
TN:
SF:src\middleware\requireDatabase.js
FN:4,requireDatabase
FNF:1
FNH:1
FNDA:21,requireDatabase
DA:5,21
DA:6,0
DA:7,0
DA:10,21
LF:4
LH:2
BRDA:5,0,0,0
BRDA:5,0,1,21
BRF:2
BRH:1
end_of_record
TN:
SF:src\middleware\uploadParkingImages.js
FN:10,(anonymous_0)
FN:20,uploadParkingImages
FN:21,(anonymous_2)
FNF:3
FNH:0
FNDA:0,(anonymous_0)
FNDA:0,uploadParkingImages
FNDA:0,(anonymous_2)
DA:4,2
DA:11,0
DA:12,0
DA:13,0
DA:16,0
DA:21,0
DA:22,0
DA:23,0
DA:24,0
DA:27,0
DA:28,0
DA:29,0
DA:32,0
LF:13
LH:1
BRDA:11,0,0,0
BRDA:11,0,1,0
BRDA:22,1,0,0
BRDA:22,1,1,0
BRDA:27,2,0,0
BRDA:27,2,1,0
BRF:6
BRH:0
end_of_record
TN:
SF:src\middleware\validateRequest.js
FN:3,validateRequest
FN:4,(anonymous_1)
FN:12,(anonymous_2)
FNF:3
FNH:3
FNDA:60,validateRequest
FNDA:16,(anonymous_1)
FNDA:16,(anonymous_2)
DA:4,60
DA:5,16
DA:7,16
DA:8,4
DA:12,16
DA:18,4
DA:21,12
DA:22,2
DA:24,10
DA:27,12
LF:10
LH:10
BRDA:3,0,0,30
BRDA:7,1,0,4
BRDA:7,1,1,12
BRDA:21,2,0,2
BRDA:21,2,1,10
BRF:5
BRH:5
end_of_record
TN:
SF:src\services\admin.service.js
FN:9,getAdminDashboard
FN:33,(anonymous_1)
FN:38,(anonymous_2)
FN:39,(anonymous_3)
FN:40,(anonymous_4)
FN:41,(anonymous_5)
FN:46,listAdminParkings
FN:53,(anonymous_7)
FN:65,approveAdminParking
FN:69,rejectAdminParking
FN:73,toggleAdminParkingActive
FN:77,listAdminBookings
FN:111,serializeParkingsWithLiveSlots
FN:115,(anonymous_13)
FN:119,(anonymous_14)
FN:132,groupParkingsByStatus
FN:134,(anonymous_16)
FN:135,(anonymous_17)
FN:136,(anonymous_18)
FN:140,resolveAdminUsers
FN:151,serializeAdminUser
FN:163,serializeAdminBooking
FN:191,listAdminUsers
FN:198,blockAdminUser
FN:218,unblockAdminUser
FN:238,deleteAdminParking
FN:258,cancelAdminBooking
FN:263,(anonymous_27)
FN:326,withAdminTransaction
FN:331,(anonymous_29)
FN:341,getBookingCountsByParking
FN:346,(anonymous_31)
FN:352,(anonymous_32)
FN:355,getParkingStatus
FN:363,buildAdminParkingQuery
FNF:35
FNH:0
FNDA:0,getAdminDashboard
FNDA:0,(anonymous_1)
FNDA:0,(anonymous_2)
FNDA:0,(anonymous_3)
FNDA:0,(anonymous_4)
FNDA:0,(anonymous_5)
FNDA:0,listAdminParkings
FNDA:0,(anonymous_7)
FNDA:0,approveAdminParking
FNDA:0,rejectAdminParking
FNDA:0,toggleAdminParkingActive
FNDA:0,listAdminBookings
FNDA:0,serializeParkingsWithLiveSlots
FNDA:0,(anonymous_13)
FNDA:0,(anonymous_14)
FNDA:0,groupParkingsByStatus
FNDA:0,(anonymous_16)
FNDA:0,(anonymous_17)
FNDA:0,(anonymous_18)
FNDA:0,resolveAdminUsers
FNDA:0,serializeAdminUser
FNDA:0,serializeAdminBooking
FNDA:0,listAdminUsers
FNDA:0,blockAdminUser
FNDA:0,unblockAdminUser
FNDA:0,deleteAdminParking
FNDA:0,cancelAdminBooking
FNDA:0,(anonymous_27)
FNDA:0,withAdminTransaction
FNDA:0,(anonymous_29)
FNDA:0,getBookingCountsByParking
FNDA:0,(anonymous_31)
FNDA:0,(anonymous_32)
FNDA:0,getParkingStatus
FNDA:0,buildAdminParkingQuery
DA:10,0
DA:11,0
DA:12,0
DA:15,0
DA:24,0
DA:26,0
DA:33,0
DA:38,0
DA:39,0
DA:40,0
DA:41,0
DA:47,0
DA:48,0
DA:49,0
DA:50,0
DA:51,0
DA:53,0
DA:59,0
DA:66,0
DA:70,0
DA:74,0
DA:78,0
DA:79,0
DA:81,0
DA:82,0
DA:85,0
DA:86,0
DA:89,0
DA:90,0
DA:93,0
DA:95,0
DA:96,0
DA:101,0
DA:103,0
DA:114,0
DA:115,0
DA:119,0
DA:120,0
DA:121,0
DA:122,0
DA:133,0
DA:134,0
DA:135,0
DA:136,0
DA:141,0
DA:142,0
DA:145,0
DA:146,0
DA:148,0
DA:152,0
DA:164,0
DA:192,0
DA:193,0
DA:195,0
DA:199,0
DA:201,0
DA:202,0
DA:205,0
DA:206,0
DA:209,0
DA:211,0
DA:212,0
DA:215,0
DA:219,0
DA:221,0
DA:222,0
DA:225,0
DA:227,0
DA:228,0
DA:231,0
DA:239,0
DA:241,0
DA:242,0
DA:245,0
DA:247,0
DA:248,0
DA:251,0
DA:259,0
DA:260,0
DA:261,0
DA:263,0
DA:264,0
DA:265,0
DA:268,0
DA:270,0
DA:271,0
DA:274,0
DA:275,0
DA:278,0
DA:279,0
DA:282,0
DA:283,0
DA:284,0
DA:285,0
DA:290,0
DA:293,0
DA:294,0
DA:295,0
DA:296,0
DA:297,0
DA:300,0
DA:301,0
DA:302,0
DA:311,0
DA:312,0
DA:314,0
DA:318,0
DA:327,0
DA:329,0
DA:331,0
DA:332,0
DA:335,0
DA:337,0
DA:342,0
DA:343,0
DA:346,0
DA:347,0
DA:352,0
DA:356,0
DA:357,0
DA:360,0
DA:364,0
DA:368,0
LF:123
LH:0
BRDA:9,0,0,0
BRDA:10,1,0,0
BRDA:10,1,1,0
BRDA:11,2,0,0
BRDA:11,2,1,0
BRDA:12,3,0,0
BRDA:12,3,1,0
BRDA:46,4,0,0
BRDA:47,5,0,0
BRDA:47,5,1,0
BRDA:48,6,0,0
BRDA:48,6,1,0
BRDA:55,7,0,0
BRDA:55,7,1,0
BRDA:65,8,0,0
BRDA:69,9,0,0
BRDA:73,10,0,0
BRDA:77,11,0,0
BRDA:77,12,0,0
BRDA:78,13,0,0
BRDA:78,13,1,0
BRDA:81,14,0,0
BRDA:81,14,1,0
BRDA:85,15,0,0
BRDA:85,15,1,0
BRDA:89,16,0,0
BRDA:89,16,1,0
BRDA:95,17,0,0
BRDA:95,17,1,0
BRDA:111,18,0,0
BRDA:122,19,0,0
BRDA:122,19,1,0
BRDA:141,20,0,0
BRDA:141,20,1,0
BRDA:146,21,0,0
BRDA:146,21,1,0
BRDA:153,22,0,0
BRDA:153,22,1,0
BRDA:157,23,0,0
BRDA:157,23,1,0
BRDA:165,24,0,0
BRDA:165,24,1,0
BRDA:167,25,0,0
BRDA:167,25,1,0
BRDA:167,25,2,0
BRDA:168,26,0,0
BRDA:168,26,1,0
BRDA:169,27,0,0
BRDA:169,27,1,0
BRDA:170,28,0,0
BRDA:170,28,1,0
BRDA:171,29,0,0
BRDA:171,29,1,0
BRDA:171,29,2,0
BRDA:172,30,0,0
BRDA:172,30,1,0
BRDA:173,31,0,0
BRDA:173,31,1,0
BRDA:174,32,0,0
BRDA:174,32,1,0
BRDA:191,33,0,0
BRDA:192,34,0,0
BRDA:192,34,1,0
BRDA:198,35,0,0
BRDA:199,36,0,0
BRDA:199,36,1,0
BRDA:201,37,0,0
BRDA:201,37,1,0
BRDA:205,38,0,0
BRDA:205,38,1,0
BRDA:211,39,0,0
BRDA:211,39,1,0
BRDA:218,40,0,0
BRDA:219,41,0,0
BRDA:219,41,1,0
BRDA:221,42,0,0
BRDA:221,42,1,0
BRDA:227,43,0,0
BRDA:227,43,1,0
BRDA:238,44,0,0
BRDA:239,45,0,0
BRDA:239,45,1,0
BRDA:241,46,0,0
BRDA:241,46,1,0
BRDA:247,47,0,0
BRDA:247,47,1,0
BRDA:258,48,0,0
BRDA:259,49,0,0
BRDA:259,49,1,0
BRDA:260,50,0,0
BRDA:260,50,1,0
BRDA:261,51,0,0
BRDA:261,51,1,0
BRDA:264,52,0,0
BRDA:264,52,1,0
BRDA:270,53,0,0
BRDA:270,53,1,0
BRDA:274,54,0,0
BRDA:274,54,1,0
BRDA:278,55,0,0
BRDA:278,55,1,0
BRDA:282,56,0,0
BRDA:282,56,1,0
BRDA:294,57,0,0
BRDA:294,57,1,0
BRDA:301,58,0,0
BRDA:301,58,1,0
BRDA:342,59,0,0
BRDA:342,59,1,0
BRDA:342,60,0,0
BRDA:342,60,1,0
BRDA:356,61,0,0
BRDA:356,61,1,0
BRDA:364,62,0,0
BRDA:364,62,1,0
BRF:115
BRH:0
end_of_record
TN:
SF:src\services\analytics.service.js
FN:21,getDriverAnalytics
FN:69,getOwnerAnalytics
FN:71,(anonymous_2)
FN:119,(anonymous_3)
FN:122,(anonymous_4)
FN:124,(anonymous_5)
FN:178,calculateRevenueStats
FN:206,calculateBookingStatusCounts
FN:225,(anonymous_8)
FN:245,calculateRevenueTrend
FN:266,(anonymous_10)
FN:276,calculateBookingsTrend
FN:293,(anonymous_12)
FN:308,(anonymous_13)
FN:314,calculatePeakHours
FN:337,(anonymous_15)
FN:346,calculateListingPerformance
FN:377,(anonymous_17)
FN:404,(anonymous_18)
FN:406,(anonymous_19)
FN:416,(anonymous_20)
FN:422,calculateCustomerInsights
FN:429,(anonymous_22)
FN:441,(anonymous_23)
FN:476,getRecentActivity
FN:484,(anonymous_25)
FN:502,getEmptyOwnerAnalytics
FN:536,calculateOwnerAnalytics
FN:541,(anonymous_28)
FN:613,(anonymous_29)
FN:622,(anonymous_30)
FN:637,(anonymous_31)
FN:642,(anonymous_32)
FN:663,(anonymous_33)
FN:664,(anonymous_34)
FN:665,(anonymous_35)
FN:666,(anonymous_36)
FN:667,(anonymous_37)
FN:690,findOwnerParkingsForAnalytics
FN:695,findLean
FN:710,getAdminAnalytics
FNF:41
FNH:0
FNDA:0,getDriverAnalytics
FNDA:0,getOwnerAnalytics
FNDA:0,(anonymous_2)
FNDA:0,(anonymous_3)
FNDA:0,(anonymous_4)
FNDA:0,(anonymous_5)
FNDA:0,calculateRevenueStats
FNDA:0,calculateBookingStatusCounts
FNDA:0,(anonymous_8)
FNDA:0,calculateRevenueTrend
FNDA:0,(anonymous_10)
FNDA:0,calculateBookingsTrend
FNDA:0,(anonymous_12)
FNDA:0,(anonymous_13)
FNDA:0,calculatePeakHours
FNDA:0,(anonymous_15)
FNDA:0,calculateListingPerformance
FNDA:0,(anonymous_17)
FNDA:0,(anonymous_18)
FNDA:0,(anonymous_19)
FNDA:0,(anonymous_20)
FNDA:0,calculateCustomerInsights
FNDA:0,(anonymous_22)
FNDA:0,(anonymous_23)
FNDA:0,getRecentActivity
FNDA:0,(anonymous_25)
FNDA:0,getEmptyOwnerAnalytics
FNDA:0,calculateOwnerAnalytics
FNDA:0,(anonymous_28)
FNDA:0,(anonymous_29)
FNDA:0,(anonymous_30)
FNDA:0,(anonymous_31)
FNDA:0,(anonymous_32)
FNDA:0,(anonymous_33)
FNDA:0,(anonymous_34)
FNDA:0,(anonymous_35)
FNDA:0,(anonymous_36)
FNDA:0,(anonymous_37)
FNDA:0,findOwnerParkingsForAnalytics
FNDA:0,findLean
FNDA:0,getAdminAnalytics
DA:9,2
DA:10,2
DA:11,2
DA:12,2
DA:15,2
DA:22,0
DA:48,0
DA:70,0
DA:71,0
DA:73,0
DA:74,0
DA:78,0
DA:81,0
DA:82,0
DA:85,0
DA:86,0
DA:87,0
DA:88,0
DA:92,0
DA:93,0
DA:106,0
DA:118,0
DA:119,0
DA:122,0
DA:123,0
DA:124,0
DA:127,0
DA:128,0
DA:129,0
DA:130,0
DA:131,0
DA:132,0
DA:133,0
DA:135,0
DA:179,0
DA:186,0
DA:197,0
DA:207,0
DA:217,0
DA:225,0
DA:226,0
DA:227,0
DA:228,0
DA:229,0
DA:230,0
DA:231,0
DA:232,0
DA:233,0
DA:234,0
DA:235,0
DA:239,0
DA:246,0
DA:253,0
DA:266,0
DA:277,0
DA:292,0
DA:293,0
DA:294,0
DA:295,0
DA:296,0
DA:299,0
DA:300,0
DA:301,0
DA:302,0
DA:303,0
DA:304,0
DA:308,0
DA:315,0
DA:320,0
DA:337,0
DA:347,0
DA:376,0
DA:377,0
DA:378,0
DA:379,0
DA:380,0
DA:389,0
DA:390,0
DA:392,0
DA:393,0
DA:394,0
DA:395,0
DA:400,0
DA:404,0
DA:406,0
DA:407,0
DA:408,0
DA:416,0
DA:423,0
DA:428,0
DA:429,0
DA:441,0
DA:462,0
DA:463,0
DA:465,0
DA:477,0
DA:484,0
DA:503,0
DA:537,0
DA:538,0
DA:540,0
DA:541,0
DA:543,0
DA:544,0
DA:564,0
DA:571,0
DA:612,0
DA:613,0
DA:622,0
DA:623,0
DA:624,0
DA:626,0
DA:636,0
DA:637,0
DA:642,0
DA:643,0
DA:653,0
DA:663,0
DA:664,0
DA:665,0
DA:666,0
DA:667,0
DA:669,0
DA:680,0
DA:691,0
DA:692,0
DA:696,0
DA:697,0
DA:700,0
DA:701,0
DA:702,0
DA:703,0
DA:707,0
DA:712,0
DA:722,0
LF:135
LH:5
BRDA:50,0,0,0
BRDA:50,0,1,0
BRDA:69,1,0,0
BRDA:73,2,0,0
BRDA:73,2,1,0
BRDA:81,3,0,0
BRDA:81,3,1,0
BRDA:81,4,0,0
BRDA:81,4,1,0
BRDA:92,5,0,0
BRDA:92,5,1,0
BRDA:122,6,0,0
BRDA:122,6,1,0
BRDA:124,7,0,0
BRDA:124,7,1,0
BRDA:132,8,0,0
BRDA:132,8,1,0
BRDA:133,9,0,0
BRDA:133,9,1,0
BRDA:198,10,0,0
BRDA:198,10,1,0
BRDA:199,11,0,0
BRDA:199,11,1,0
BRDA:226,12,0,0
BRDA:226,12,1,0
BRDA:228,13,0,0
BRDA:228,13,1,0
BRDA:230,14,0,0
BRDA:230,14,1,0
BRDA:232,15,0,0
BRDA:232,15,1,0
BRDA:234,16,0,0
BRDA:234,16,1,0
BRDA:295,17,0,0
BRDA:295,17,1,0
BRDA:299,18,0,0
BRDA:299,18,1,0
BRDA:301,19,0,0
BRDA:301,19,1,0
BRDA:303,20,0,0
BRDA:303,20,1,0
BRDA:379,21,0,0
BRDA:379,21,1,0
BRDA:392,22,0,0
BRDA:392,22,1,0
BRDA:394,23,0,0
BRDA:394,23,1,0
BRDA:410,24,0,0
BRDA:410,24,1,0
BRDA:411,25,0,0
BRDA:411,25,1,0
BRDA:412,26,0,0
BRDA:412,26,1,0
BRDA:441,27,0,0
BRDA:441,27,1,0
BRDA:462,28,0,0
BRDA:462,28,1,0
BRDA:468,29,0,0
BRDA:468,29,1,0
BRDA:476,30,0,0
BRDA:486,31,0,0
BRDA:486,31,1,0
BRDA:487,32,0,0
BRDA:487,32,1,0
BRDA:489,33,0,0
BRDA:489,33,1,0
BRDA:490,34,0,0
BRDA:490,34,1,0
BRDA:536,35,0,0
BRDA:537,36,0,0
BRDA:537,36,1,0
BRDA:538,37,0,0
BRDA:538,37,1,0
BRDA:543,38,0,0
BRDA:543,38,1,0
BRDA:624,39,0,0
BRDA:624,39,1,0
BRDA:643,40,0,0
BRDA:643,40,1,0
BRDA:663,41,0,0
BRDA:663,41,1,0
BRDA:682,42,0,0
BRDA:682,42,1,0
BRDA:683,43,0,0
BRDA:683,43,1,0
BRDA:696,44,0,0
BRDA:696,44,1,0
BRDA:700,45,0,0
BRDA:700,45,1,0
BRDA:702,46,0,0
BRDA:702,46,1,0
BRF:91
BRH:0
end_of_record
TN:
SF:src\services\auth.service.js
FN:11,getSafeUser
FN:51,registerUser
FN:74,(anonymous_2)
FN:101,loginUser
FN:141,updateCurrentUser
FN:179,updateCurrentUserPassword
FN:212,googleAuthUser
FN:261,(anonymous_7)
FNF:8
FNH:4
FNDA:7,getSafeUser
FNDA:7,registerUser
FNDA:6,(anonymous_2)
FNDA:3,loginUser
FNDA:0,updateCurrentUser
FNDA:0,updateCurrentUserPassword
FNDA:0,googleAuthUser
FNDA:0,(anonymous_7)
DA:12,7
DA:52,7
DA:56,7
DA:58,7
DA:59,1
DA:62,1
DA:65,6
DA:68,6
DA:72,6
DA:75,6
DA:76,6
DA:80,6
DA:88,6
DA:90,6
DA:95,6
DA:102,3
DA:106,3
DA:108,3
DA:109,1
DA:112,1
DA:115,2
DA:116,0
DA:119,2
DA:121,2
DA:122,1
DA:125,1
DA:128,1
DA:130,1
DA:135,1
DA:142,0
DA:143,0
DA:145,0
DA:146,0
DA:148,0
DA:149,0
DA:153,0
DA:154,0
DA:155,0
DA:156,0
DA:157,0
DA:162,0
DA:163,0
DA:166,0
DA:167,0
DA:170,0
DA:171,0
DA:174,0
DA:176,0
DA:180,0
DA:181,0
DA:183,0
DA:184,0
DA:187,0
DA:189,0
DA:190,0
DA:193,0
DA:194,0
DA:196,0
DA:213,0
DA:215,0
DA:216,0
DA:219,0
DA:220,0
DA:224,0
DA:227,0
DA:228,0
DA:232,0
DA:234,0
DA:237,0
DA:239,0
DA:240,0
DA:244,0
DA:246,0
DA:247,0
DA:249,0
DA:251,0
DA:252,0
DA:253,0
DA:255,0
DA:259,0
DA:262,0
DA:263,0
DA:267,0
DA:279,0
DA:280,0
DA:283,0
DA:285,0
DA:290,0
LF:88
LH:28
BRDA:20,0,0,7
BRDA:20,0,1,0
BRDA:22,1,0,7
BRDA:22,1,1,0
BRDA:23,2,0,7
BRDA:23,2,1,0
BRDA:24,3,0,7
BRDA:24,3,1,0
BRDA:25,4,0,7
BRDA:25,4,1,0
BRDA:28,5,0,7
BRDA:28,5,1,0
BRDA:29,6,0,7
BRDA:29,6,1,0
BRDA:31,7,0,7
BRDA:31,7,1,0
BRDA:32,8,0,7
BRDA:32,8,1,0
BRDA:33,9,0,7
BRDA:33,9,1,0
BRDA:34,10,0,7
BRDA:34,10,1,0
BRDA:38,11,0,7
BRDA:38,11,1,0
BRDA:39,12,0,7
BRDA:39,12,1,0
BRDA:40,13,0,7
BRDA:40,13,1,0
BRDA:41,14,0,7
BRDA:41,14,1,0
BRDA:42,15,0,7
BRDA:42,15,1,0
BRDA:45,16,0,7
BRDA:45,16,1,0
BRDA:46,17,0,7
BRDA:46,17,1,0
BRDA:58,18,0,1
BRDA:58,18,1,6
BRDA:68,19,0,0
BRDA:68,19,1,6
BRDA:69,20,0,0
BRDA:69,20,1,6
BRDA:86,21,0,6
BRDA:86,21,1,6
BRDA:108,22,0,1
BRDA:108,22,1,2
BRDA:115,23,0,0
BRDA:115,23,1,2
BRDA:121,24,0,1
BRDA:121,24,1,1
BRDA:141,25,0,0
BRDA:142,26,0,0
BRDA:142,26,1,0
BRDA:145,27,0,0
BRDA:145,27,1,0
BRDA:148,28,0,0
BRDA:148,28,1,0
BRDA:148,29,0,0
BRDA:148,29,1,0
BRDA:155,30,0,0
BRDA:155,30,1,0
BRDA:156,31,0,0
BRDA:156,31,1,0
BRDA:162,32,0,0
BRDA:162,32,1,0
BRDA:162,33,0,0
BRDA:162,33,1,0
BRDA:166,34,0,0
BRDA:166,34,1,0
BRDA:166,35,0,0
BRDA:166,35,1,0
BRDA:170,36,0,0
BRDA:170,36,1,0
BRDA:170,37,0,0
BRDA:170,37,1,0
BRDA:179,38,0,0
BRDA:180,39,0,0
BRDA:180,39,1,0
BRDA:183,40,0,0
BRDA:183,40,1,0
BRDA:189,41,0,0
BRDA:189,41,1,0
BRDA:212,42,0,0
BRDA:213,43,0,0
BRDA:213,43,1,0
BRDA:215,44,0,0
BRDA:215,44,1,0
BRDA:219,45,0,0
BRDA:219,45,1,0
BRDA:239,46,0,0
BRDA:239,46,1,0
BRDA:246,47,0,0
BRDA:246,47,1,0
BRDA:249,48,0,0
BRDA:249,48,1,0
BRDA:252,49,0,0
BRDA:252,49,1,0
BRDA:252,50,0,0
BRDA:252,50,1,0
BRDA:269,51,0,0
BRDA:269,51,1,0
BRDA:273,52,0,0
BRDA:273,52,1,0
BRDA:279,53,0,0
BRDA:279,53,1,0
BRF:105
BRH:29
end_of_record
TN:
SF:src\services\booking.service.js
FN:29,isFutureBooking
FN:47,computeBookingStatus
FN:83,reconcileExpiredBookings
FN:138,serializeBooking
FN:169,buildBookingOverlapFilter
FN:173,calculateTotalAmount
FN:182,createBooking
FN:186,createConfirmedBooking
FN:211,(anonymous_8)
FN:250,(anonymous_9)
FN:307,listMyBookings
FN:314,listAllBookings
FN:335,getBookingDetail
FN:346,cancelBooking
FN:351,(anonymous_14)
FN:415,(anonymous_15)
FN:474,withTransaction
FN:479,(anonymous_17)
FN:489,findBookableParking
FN:507,findBookingById
FN:524,lockParkingForCapacityCheck
FN:549,canAccessBooking
FN:553,getMinutes
FN:558,isBeforeBookingStart
FN:562,getKolkataDateTimeMs
FN:568,getKolkataNowParts
FNF:26
FNH:0
FNDA:0,isFutureBooking
FNDA:0,computeBookingStatus
FNDA:0,reconcileExpiredBookings
FNDA:0,serializeBooking
FNDA:0,buildBookingOverlapFilter
FNDA:0,calculateTotalAmount
FNDA:0,createBooking
FNDA:0,createConfirmedBooking
FNDA:0,(anonymous_8)
FNDA:0,(anonymous_9)
FNDA:0,listMyBookings
FNDA:0,listAllBookings
FNDA:0,getBookingDetail
FNDA:0,cancelBooking
FNDA:0,(anonymous_14)
FNDA:0,(anonymous_15)
FNDA:0,withTransaction
FNDA:0,(anonymous_17)
FNDA:0,findBookableParking
FNDA:0,findBookingById
FNDA:0,lockParkingForCapacityCheck
FNDA:0,canAccessBooking
FNDA:0,getMinutes
FNDA:0,isBeforeBookingStart
FNDA:0,getKolkataDateTimeMs
FNDA:0,getKolkataNowParts
DA:16,2
DA:17,2
DA:30,0
DA:31,0
DA:32,0
DA:49,0
DA:50,0
DA:53,0
DA:54,0
DA:55,0
DA:56,0
DA:58,0
DA:59,0
DA:60,0
DA:63,0
DA:84,0
DA:86,0
DA:92,0
DA:104,0
DA:107,0
DA:108,0
DA:111,0
DA:112,0
DA:113,0
DA:115,0
DA:116,0
DA:117,0
DA:119,0
DA:120,0
DA:121,0
DA:129,0
DA:130,0
DA:135,0
DA:139,0
DA:170,0
DA:174,0
DA:175,0
DA:177,0
DA:179,0
DA:183,0
DA:188,0
DA:189,0
DA:193,0
DA:194,0
DA:195,0
DA:199,0
DA:200,0
DA:203,0
DA:204,0
DA:205,0
DA:206,0
DA:207,0
DA:208,0
DA:211,0
DA:213,0
DA:216,0
DA:217,0
DA:221,0
DA:222,0
DA:233,0
DA:235,0
DA:236,0
DA:239,0
DA:241,0
DA:244,0
DA:248,0
DA:251,0
DA:252,0
DA:257,0
DA:281,0
DA:284,0
DA:285,0
DA:286,0
DA:287,0
DA:288,0
DA:297,0
DA:298,0
DA:300,0
DA:303,0
DA:308,0
DA:309,0
DA:311,0
DA:315,0
DA:316,0
DA:318,0
DA:319,0
DA:322,0
DA:323,0
DA:326,0
DA:327,0
DA:330,0
DA:332,0
DA:336,0
DA:337,0
DA:339,0
DA:340,0
DA:343,0
DA:347,0
DA:348,0
DA:349,0
DA:351,0
DA:352,0
DA:354,0
DA:355,0
DA:358,0
DA:359,0
DA:362,0
DA:363,0
DA:366,0
DA:367,0
DA:371,0
DA:372,0
DA:373,0
DA:376,0
DA:377,0
DA:379,0
DA:380,0
DA:381,0
DA:382,0
DA:383,0
DA:388,0
DA:391,0
DA:392,0
DA:393,0
DA:396,0
DA:397,0
DA:398,0
DA:407,0
DA:408,0
DA:410,0
DA:415,0
DA:416,0
DA:417,0
DA:418,0
DA:419,0
DA:422,0
DA:429,0
DA:430,0
DA:437,0
DA:441,0
DA:442,0
DA:449,0
DA:453,0
DA:454,0
DA:455,0
DA:463,0
DA:465,0
DA:470,0
DA:475,0
DA:477,0
DA:479,0
DA:480,0
DA:483,0
DA:485,0
DA:490,0
DA:491,0
DA:494,0
DA:500,0
DA:501,0
DA:504,0
DA:508,0
DA:509,0
DA:512,0
DA:513,0
DA:515,0
DA:516,0
DA:519,0
DA:525,0
DA:526,0
DA:529,0
DA:540,0
DA:544,0
DA:545,0
DA:550,0
DA:554,0
DA:555,0
DA:559,0
DA:563,0
DA:564,0
DA:565,0
DA:569,0
DA:570,0
LF:182
LH:2
BRDA:49,0,0,0
BRDA:49,0,1,0
BRDA:49,1,0,0
BRDA:49,1,1,0
BRDA:58,2,0,0
BRDA:58,2,1,0
BRDA:59,3,0,0
BRDA:59,3,1,0
BRDA:59,4,0,0
BRDA:59,4,1,0
BRDA:83,5,0,0
BRDA:84,6,0,0
BRDA:84,6,1,0
BRDA:104,7,0,0
BRDA:104,7,1,0
BRDA:107,8,0,0
BRDA:107,8,1,0
BRDA:116,9,0,0
BRDA:116,9,1,0
BRDA:120,10,0,0
BRDA:120,10,1,0
BRDA:142,11,0,0
BRDA:142,11,1,0
BRDA:143,12,0,0
BRDA:143,12,1,0
BRDA:151,13,0,0
BRDA:151,13,1,0
BRDA:151,14,0,0
BRDA:151,14,1,0
BRDA:152,15,0,0
BRDA:152,15,1,0
BRDA:153,16,0,0
BRDA:153,16,1,0
BRDA:177,17,0,0
BRDA:177,17,1,0
BRDA:177,17,2,0
BRDA:182,18,0,0
BRDA:186,19,0,0
BRDA:188,20,0,0
BRDA:188,20,1,0
BRDA:194,21,0,0
BRDA:194,21,1,0
BRDA:199,22,0,0
BRDA:199,22,1,0
BRDA:203,23,0,0
BRDA:203,23,1,0
BRDA:204,24,0,0
BRDA:204,24,1,0
BRDA:205,25,0,0
BRDA:205,25,1,0
BRDA:206,26,0,0
BRDA:206,26,1,0
BRDA:207,27,0,0
BRDA:207,27,1,0
BRDA:208,28,0,0
BRDA:208,28,1,0
BRDA:216,29,0,0
BRDA:216,29,1,0
BRDA:235,30,0,0
BRDA:235,30,1,0
BRDA:239,31,0,0
BRDA:239,31,1,0
BRDA:241,32,0,0
BRDA:241,32,1,0
BRDA:272,33,0,0
BRDA:272,33,1,0
BRDA:273,34,0,0
BRDA:273,34,1,0
BRDA:274,35,0,0
BRDA:274,35,1,0
BRDA:285,36,0,0
BRDA:285,36,1,0
BRDA:307,37,0,0
BRDA:308,38,0,0
BRDA:308,38,1,0
BRDA:314,39,0,0
BRDA:314,40,0,0
BRDA:315,41,0,0
BRDA:315,41,1,0
BRDA:318,42,0,0
BRDA:318,42,1,0
BRDA:322,43,0,0
BRDA:322,43,1,0
BRDA:326,44,0,0
BRDA:326,44,1,0
BRDA:335,45,0,0
BRDA:336,46,0,0
BRDA:336,46,1,0
BRDA:339,47,0,0
BRDA:339,47,1,0
BRDA:346,48,0,0
BRDA:347,49,0,0
BRDA:347,49,1,0
BRDA:348,50,0,0
BRDA:348,50,1,0
BRDA:349,51,0,0
BRDA:349,51,1,0
BRDA:354,52,0,0
BRDA:354,52,1,0
BRDA:358,53,0,0
BRDA:358,53,1,0
BRDA:362,54,0,0
BRDA:362,54,1,0
BRDA:366,55,0,0
BRDA:366,55,1,0
BRDA:372,56,0,0
BRDA:372,56,1,0
BRDA:376,57,0,0
BRDA:376,57,1,0
BRDA:379,58,0,0
BRDA:379,58,1,0
BRDA:382,59,0,0
BRDA:382,59,1,0
BRDA:391,60,0,0
BRDA:391,60,1,0
BRDA:397,61,0,0
BRDA:397,61,1,0
BRDA:419,62,0,0
BRDA:419,62,1,0
BRDA:429,63,0,0
BRDA:429,63,1,0
BRDA:441,64,0,0
BRDA:441,64,1,0
BRDA:490,65,0,0
BRDA:490,65,1,0
BRDA:500,66,0,0
BRDA:500,66,1,0
BRDA:508,67,0,0
BRDA:508,67,1,0
BRDA:513,68,0,0
BRDA:513,68,1,0
BRDA:515,69,0,0
BRDA:515,69,1,0
BRDA:525,70,0,0
BRDA:525,70,1,0
BRDA:540,71,0,0
BRDA:540,71,1,0
BRDA:540,72,0,0
BRDA:540,72,1,0
BRDA:544,73,0,0
BRDA:544,73,1,0
BRDA:550,74,0,0
BRDA:550,74,1,0
BRDA:568,75,0,0
BRF:144
BRH:0
end_of_record
TN:
SF:src\services\chat.service.js
FN:26,getClient
FN:56,geocodeLocation
FN:173,executeTool
FN:198,(anonymous_3)
FN:242,processChat
FN:253,(anonymous_5)
FN:286,(anonymous_6)
FNF:7
FNH:0
FNDA:0,getClient
FNDA:0,geocodeLocation
FNDA:0,executeTool
FNDA:0,(anonymous_3)
FNDA:0,processChat
FNDA:0,(anonymous_5)
FNDA:0,(anonymous_6)
DA:24,2
DA:27,0
DA:28,0
DA:34,0
DA:35,0
DA:41,0
DA:57,0
DA:58,0
DA:59,0
DA:61,0
DA:68,0
DA:70,0
DA:71,0
DA:73,0
DA:78,0
DA:87,2
DA:149,2
DA:174,0
DA:175,0
DA:177,0
DA:178,0
DA:182,0
DA:184,0
DA:186,0
DA:193,0
DA:194,0
DA:196,0
DA:198,0
DA:216,0
DA:217,0
DA:226,0
DA:229,0
DA:243,0
DA:245,0
DA:246,0
DA:249,0
DA:251,0
DA:253,0
DA:259,0
DA:260,0
DA:262,0
DA:263,0
DA:265,0
DA:274,0
DA:275,0
DA:278,0
DA:279,0
DA:285,0
DA:287,0
DA:288,0
DA:289,0
DA:290,0
DA:296,0
DA:305,0
DA:306,0
DA:310,0
DA:312,0
DA:313,0
DA:319,0
DA:321,0
DA:325,0
LF:61
LH:3
BRDA:27,0,0,0
BRDA:27,0,1,0
BRDA:34,1,0,0
BRDA:34,1,1,0
BRDA:68,2,0,0
BRDA:68,2,1,0
BRDA:71,3,0,0
BRDA:71,3,1,0
BRDA:71,4,0,0
BRDA:71,4,1,0
BRDA:174,5,0,0
BRDA:174,5,1,0
BRDA:175,6,0,0
BRDA:175,6,1,0
BRDA:177,7,0,0
BRDA:177,7,1,0
BRDA:184,8,0,0
BRDA:184,8,1,0
BRDA:193,9,0,0
BRDA:193,9,1,0
BRDA:194,10,0,0
BRDA:194,10,1,0
BRDA:199,11,0,0
BRDA:199,11,1,0
BRDA:207,12,0,0
BRDA:207,12,1,0
BRDA:209,13,0,0
BRDA:209,13,1,0
BRDA:210,14,0,0
BRDA:210,14,1,0
BRDA:211,15,0,0
BRDA:211,15,1,0
BRDA:212,16,0,0
BRDA:212,16,1,0
BRDA:216,17,0,0
BRDA:216,17,1,0
BRDA:245,18,0,0
BRDA:245,18,1,0
BRDA:245,19,0,0
BRDA:245,19,1,0
BRDA:255,20,0,0
BRDA:255,20,1,0
BRDA:275,21,0,0
BRDA:275,21,1,0
BRDA:278,22,0,0
BRDA:278,22,1,0
BRDA:281,23,0,0
BRDA:281,23,1,0
BRDA:288,24,0,0
BRDA:288,24,1,0
BRDA:299,25,0,0
BRDA:299,25,1,0
BRDA:310,26,0,0
BRDA:310,26,1,0
BRF:54
BRH:0
end_of_record
TN:
SF:src\services\notification.service.js
FN:17,serializeNotification
FN:42,createNotification
FN:68,getUserNotifications
FN:84,markAsRead
FN:106,markAllAsRead
FN:116,getUnreadCount
FNF:6
FNH:0
FNDA:0,serializeNotification
FNDA:0,createNotification
FNDA:0,getUserNotifications
FNDA:0,markAsRead
FNDA:0,markAllAsRead
FNDA:0,getUnreadCount
DA:13,2
DA:18,0
DA:43,0
DA:45,0
DA:47,0
DA:50,0
DA:53,0
DA:54,0
DA:55,0
DA:58,0
DA:61,0
DA:69,0
DA:71,0
DA:77,0
DA:85,0
DA:87,0
DA:89,0
DA:90,0
DA:93,0
DA:94,0
DA:97,0
DA:98,0
DA:100,0
DA:107,0
DA:109,0
DA:117,0
DA:118,0
LF:27
LH:1
BRDA:42,0,0,0
BRDA:43,1,0,0
BRDA:43,1,1,0
BRDA:54,2,0,0
BRDA:54,2,1,0
BRDA:58,3,0,0
BRDA:58,3,1,0
BRDA:68,4,0,0
BRDA:69,5,0,0
BRDA:69,5,1,0
BRDA:84,6,0,0
BRDA:85,7,0,0
BRDA:85,7,1,0
BRDA:89,8,0,0
BRDA:89,8,1,0
BRDA:93,9,0,0
BRDA:93,9,1,0
BRDA:106,10,0,0
BRDA:107,11,0,0
BRDA:107,11,1,0
BRDA:116,12,0,0
BRDA:117,13,0,0
BRDA:117,13,1,0
BRF:23
BRH:0
end_of_record
TN:
SF:src\services\occupancy.service.js
FN:56,calculateOccupiedSlots
FN:91,calculateOccupiedSlotsForMany
FN:95,(anonymous_2)
FN:117,(anonymous_3)
FN:132,calculateAvailableSlots
FN:155,calculateReservedSlots
FN:187,calculateReservedSlotsForMany
FN:194,(anonymous_7)
FN:213,(anonymous_8)
FN:231,calculateCurrentOccupancy
FN:274,calculateUpcomingLoad
FN:321,calculateUtilization
FN:343,calculateOccupancyMetrics
FN:376,calculateOccupancyMetricsForMany
FN:385,(anonymous_14)
FN:458,(anonymous_15)
FN:462,(anonymous_16)
FN:466,(anonymous_17)
FN:514,buildOccupancyFilter
FN:536,validateSlotAvailability
FN:572,getKolkataNowParts
FNF:21
FNH:4
FNDA:0,calculateOccupiedSlots
FNDA:0,calculateOccupiedSlotsForMany
FNDA:0,(anonymous_2)
FNDA:0,(anonymous_3)
FNDA:0,calculateAvailableSlots
FNDA:0,calculateReservedSlots
FNDA:0,calculateReservedSlotsForMany
FNDA:0,(anonymous_7)
FNDA:0,(anonymous_8)
FNDA:0,calculateCurrentOccupancy
FNDA:0,calculateUpcomingLoad
FNDA:2,calculateUtilization
FNDA:0,calculateOccupancyMetrics
FNDA:2,calculateOccupancyMetricsForMany
FNDA:2,(anonymous_14)
FNDA:0,(anonymous_15)
FNDA:0,(anonymous_16)
FNDA:0,(anonymous_17)
FNDA:0,buildOccupancyFilter
FNDA:0,validateSlotAvailability
FNDA:2,getKolkataNowParts
DA:16,2
DA:32,2
DA:38,2
DA:57,0
DA:59,0
DA:69,0
DA:74,0
DA:92,0
DA:94,0
DA:95,0
DA:97,0
DA:117,0
DA:133,0
DA:134,0
DA:156,0
DA:157,0
DA:159,0
DA:161,0
DA:169,0
DA:174,0
DA:188,0
DA:190,0
DA:191,0
DA:192,0
DA:194,0
DA:196,0
DA:213,0
DA:232,0
DA:233,0
DA:235,0
DA:237,0
DA:255,0
DA:260,0
DA:275,0
DA:276,0
DA:278,0
DA:280,0
DA:297,0
DA:308,0
DA:322,2
DA:323,0
DA:326,2
DA:327,2
DA:344,0
DA:351,0
DA:352,0
DA:354,0
DA:377,2
DA:378,0
DA:381,2
DA:382,2
DA:384,2
DA:385,2
DA:388,2
DA:407,2
DA:432,2
DA:457,2
DA:458,0
DA:461,2
DA:462,0
DA:465,2
DA:466,0
DA:473,2
DA:475,2
DA:476,2
DA:477,2
DA:478,2
DA:479,2
DA:480,2
DA:481,2
DA:484,2
DA:485,2
DA:487,2
DA:499,2
DA:515,0
DA:537,0
DA:538,0
DA:540,0
DA:541,0
DA:548,0
DA:549,0
DA:559,0
DA:573,2
DA:574,2
LF:84
LH:31
BRDA:56,0,0,0
BRDA:57,1,0,0
BRDA:57,1,1,0
BRDA:74,2,0,0
BRDA:74,2,1,0
BRDA:91,3,0,0
BRDA:92,4,0,0
BRDA:92,4,1,0
BRDA:94,5,0,0
BRDA:94,5,1,0
BRDA:132,6,0,0
BRDA:155,7,0,0
BRDA:156,8,0,0
BRDA:156,8,1,0
BRDA:157,9,0,0
BRDA:157,9,1,0
BRDA:174,10,0,0
BRDA:174,10,1,0
BRDA:187,11,0,0
BRDA:188,12,0,0
BRDA:188,12,1,0
BRDA:190,13,0,0
BRDA:190,13,1,0
BRDA:191,14,0,0
BRDA:191,14,1,0
BRDA:231,15,0,0
BRDA:232,16,0,0
BRDA:232,16,1,0
BRDA:233,17,0,0
BRDA:233,17,1,0
BRDA:260,18,0,0
BRDA:260,18,1,0
BRDA:274,19,0,0
BRDA:275,20,0,0
BRDA:275,20,1,0
BRDA:276,21,0,0
BRDA:276,21,1,0
BRDA:309,22,0,0
BRDA:309,22,1,0
BRDA:310,23,0,0
BRDA:310,23,1,0
BRDA:322,24,0,0
BRDA:322,24,1,2
BRDA:343,25,0,0
BRDA:376,26,0,0
BRDA:377,27,0,0
BRDA:377,27,1,2
BRDA:381,28,0,2
BRDA:381,28,1,2
BRDA:382,29,0,2
BRDA:382,29,1,2
BRDA:478,30,0,2
BRDA:478,30,1,2
BRDA:480,31,0,2
BRDA:480,31,1,2
BRDA:481,32,0,2
BRDA:481,32,1,2
BRDA:536,33,0,0
BRDA:540,34,0,0
BRDA:540,34,1,0
BRDA:548,35,0,0
BRDA:548,35,1,0
BRDA:552,36,0,0
BRDA:552,36,1,0
BRDA:572,37,0,0
BRF:65
BRH:12
end_of_record
TN:
SF:src\services\owner.service.js
FN:10,getOwnerBookings
FN:51,(anonymous_1)
FN:53,(anonymous_2)
FN:77,completeOwnerBooking
FN:81,(anonymous_4)
FN:83,(anonymous_5)
FN:126,(anonymous_6)
FN:152,withOwnerTransaction
FN:157,(anonymous_8)
FN:172,verifyBookingByCode
FN:209,getOwnerParkingIds
FN:211,(anonymous_11)
FN:224,getOwnerParkings
FN:229,findBookingForOwner
FN:251,buildOwnerSummary
FN:265,(anonymous_15)
FN:266,(anonymous_16)
FN:267,(anonymous_17)
FN:268,(anonymous_18)
FN:274,serializeOwnerBooking
FNF:20
FNH:0
FNDA:0,getOwnerBookings
FNDA:0,(anonymous_1)
FNDA:0,(anonymous_2)
FNDA:0,completeOwnerBooking
FNDA:0,(anonymous_4)
FNDA:0,(anonymous_5)
FNDA:0,(anonymous_6)
FNDA:0,withOwnerTransaction
FNDA:0,(anonymous_8)
FNDA:0,verifyBookingByCode
FNDA:0,getOwnerParkingIds
FNDA:0,(anonymous_11)
FNDA:0,getOwnerParkings
FNDA:0,findBookingForOwner
FNDA:0,buildOwnerSummary
FNDA:0,(anonymous_15)
FNDA:0,(anonymous_16)
FNDA:0,(anonymous_17)
FNDA:0,(anonymous_18)
FNDA:0,serializeOwnerBooking
DA:11,0
DA:12,0
DA:14,0
DA:15,0
DA:22,0
DA:26,0
DA:27,0
DA:30,0
DA:33,0
DA:34,0
DA:39,0
DA:45,0
DA:50,0
DA:51,0
DA:53,0
DA:54,0
DA:55,0
DA:57,0
DA:70,0
DA:78,0
DA:79,0
DA:80,0
DA:81,0
DA:83,0
DA:84,0
DA:86,0
DA:87,0
DA:90,0
DA:91,0
DA:94,0
DA:95,0
DA:99,0
DA:102,0
DA:103,0
DA:104,0
DA:105,0
DA:108,0
DA:109,0
DA:110,0
DA:119,0
DA:120,0
DA:122,0
DA:126,0
DA:127,0
DA:128,0
DA:129,0
DA:131,0
DA:133,0
DA:140,0
DA:142,0
DA:148,0
DA:153,0
DA:155,0
DA:157,0
DA:158,0
DA:161,0
DA:163,0
DA:173,0
DA:175,0
DA:176,0
DA:180,0
DA:182,0
DA:183,0
DA:188,0
DA:190,0
DA:191,0
DA:195,0
DA:197,0
DA:198,0
DA:200,0
DA:201,0
DA:206,0
DA:210,0
DA:211,0
DA:213,0
DA:214,0
DA:217,0
DA:218,0
DA:221,0
DA:225,0
DA:226,0
DA:230,0
DA:231,0
DA:234,0
DA:235,0
DA:237,0
DA:238,0
DA:241,0
DA:242,0
DA:244,0
DA:245,0
DA:248,0
DA:252,0
DA:253,0
DA:254,0
DA:256,0
DA:265,0
DA:266,0
DA:267,0
DA:268,0
DA:275,0
LF:101
LH:0
BRDA:10,0,0,0
BRDA:10,1,0,0
BRDA:11,2,0,0
BRDA:11,2,1,0
BRDA:14,3,0,0
BRDA:14,3,1,0
BRDA:26,4,0,0
BRDA:26,4,1,0
BRDA:33,5,0,0
BRDA:33,5,1,0
BRDA:51,6,0,0
BRDA:51,6,1,0
BRDA:59,7,0,0
BRDA:59,7,1,0
BRDA:77,8,0,0
BRDA:78,9,0,0
BRDA:78,9,1,0
BRDA:79,10,0,0
BRDA:79,10,1,0
BRDA:80,11,0,0
BRDA:80,11,1,0
BRDA:81,12,0,0
BRDA:81,12,1,0
BRDA:81,13,0,0
BRDA:81,13,1,0
BRDA:86,14,0,0
BRDA:86,14,1,0
BRDA:90,15,0,0
BRDA:90,15,1,0
BRDA:103,16,0,0
BRDA:103,16,1,0
BRDA:109,17,0,0
BRDA:109,17,1,0
BRDA:172,18,0,0
BRDA:173,19,0,0
BRDA:173,19,1,0
BRDA:175,20,0,0
BRDA:175,20,1,0
BRDA:175,21,0,0
BRDA:175,21,1,0
BRDA:182,22,0,0
BRDA:182,22,1,0
BRDA:190,23,0,0
BRDA:190,23,1,0
BRDA:195,24,0,0
BRDA:195,24,1,0
BRDA:197,25,0,0
BRDA:197,25,1,0
BRDA:200,26,0,0
BRDA:200,26,1,0
BRDA:209,27,0,0
BRDA:213,28,0,0
BRDA:213,28,1,0
BRDA:217,29,0,0
BRDA:217,29,1,0
BRDA:217,30,0,0
BRDA:217,30,1,0
BRDA:224,31,0,0
BRDA:225,32,0,0
BRDA:225,32,1,0
BRDA:230,33,0,0
BRDA:230,33,1,0
BRDA:235,34,0,0
BRDA:235,34,1,0
BRDA:235,35,0,0
BRDA:235,35,1,0
BRDA:237,36,0,0
BRDA:237,36,1,0
BRDA:242,37,0,0
BRDA:242,37,1,0
BRDA:242,38,0,0
BRDA:242,38,1,0
BRDA:244,39,0,0
BRDA:244,39,1,0
BRDA:251,40,0,0
BRDA:252,41,0,0
BRDA:252,41,1,0
BRDA:253,42,0,0
BRDA:253,42,1,0
BRDA:254,43,0,0
BRDA:254,43,1,0
BRDA:257,44,0,0
BRDA:257,44,1,0
BRDA:257,44,2,0
BRDA:258,45,0,0
BRDA:258,45,1,0
BRDA:259,46,0,0
BRDA:259,46,1,0
BRDA:260,47,0,0
BRDA:260,47,1,0
BRDA:261,48,0,0
BRDA:261,48,1,0
BRDA:276,49,0,0
BRDA:276,49,1,0
BRDA:278,50,0,0
BRDA:278,50,1,0
BRDA:278,50,2,0
BRDA:279,51,0,0
BRDA:279,51,1,0
BRDA:280,52,0,0
BRDA:280,52,1,0
BRDA:281,53,0,0
BRDA:281,53,1,0
BRDA:282,54,0,0
BRDA:282,54,1,0
BRDA:283,55,0,0
BRDA:283,55,1,0
BRDA:283,55,2,0
BRDA:284,56,0,0
BRDA:284,56,1,0
BRDA:285,57,0,0
BRDA:285,57,1,0
BRDA:286,58,0,0
BRDA:286,58,1,0
BRDA:287,59,0,0
BRDA:287,59,1,0
BRDA:295,60,0,0
BRDA:295,60,1,0
BRDA:295,61,0,0
BRDA:295,61,1,0
BRDA:296,62,0,0
BRDA:296,62,1,0
BRF:122
BRH:0
end_of_record
TN:
SF:src\services\parking.service.js
FN:52,serializeParking
FN:111,buildParkingCreatePayload
FN:144,buildPublicParkingFilter
FN:220,buildParkingSort
FN:239,canManageParking
FN:243,createParking
FN:250,listPublicParkings
FN:266,(anonymous_7)
FN:276,(anonymous_8)
FN:288,(anonymous_9)
FN:307,(anonymous_10)
FN:314,(anonymous_11)
FN:328,listNearbyParkings
FN:364,(anonymous_13)
FN:374,(anonymous_14)
FN:386,(anonymous_15)
FN:405,(anonymous_16)
FN:412,(anonymous_17)
FN:426,listOwnerParkings
FN:432,(anonymous_19)
FN:436,(anonymous_20)
FN:450,getParkingDetail
FN:488,updateParking
FN:511,softDeleteParking
FN:525,approveParking
FN:537,rejectParking
FN:549,toggleParkingActive
FN:559,addParkingImages
FN:579,(anonymous_28)
FN:599,removeParkingImage
FN:615,(anonymous_30)
FN:617,(anonymous_31)
FN:627,setPrimaryParkingImage
FN:641,(anonymous_33)
FN:650,findParkingById
FN:664,applyParkingUpdates
FN:700,escapeRegExp
FN:704,getPaginationSkip
FN:713,serializeParkingImage
FN:723,serializeCoverImage
FN:736,findParkingImage
FN:741,(anonymous_41)
FN:744,syncParkingImageSummary
FN:752,(anonymous_43)
FN:759,(anonymous_44)
FN:771,normalizePricingForJson
FN:791,applyRanking
FN:792,(anonymous_47)
FN:798,(anonymous_48)
FN:802,(anonymous_49)
FN:812,(anonymous_50)
FN:818,calculateRankingScore
FN:828,normalize
FN:836,safeNumber
FN:841,clamp01
FN:845,computeParkingScore
FN:869,addLabels
FN:891,generateExplanation
FN:919,getDistanceInKm
FN:924,applySmartRecommendations
FN:929,(anonymous_60)
FN:930,(anonymous_61)
FN:937,(anonymous_62)
FN:951,(anonymous_63)
FN:960,enrichParkingsWithReviewStats
FN:966,(anonymous_65)
FN:979,(anonymous_66)
FN:988,(anonymous_67)
FN:994,getCurrentTime
FN:1023,listSmartParkings
FN:1037,(anonymous_70)
FN:1046,(anonymous_71)
FN:1052,(anonymous_72)
FN:1053,(anonymous_73)
FN:1061,(anonymous_74)
FNF:75
FNH:26
FNDA:2,serializeParking
FNDA:0,buildParkingCreatePayload
FNDA:2,buildPublicParkingFilter
FNDA:2,buildParkingSort
FNDA:0,canManageParking
FNDA:0,createParking
FNDA:2,listPublicParkings
FNDA:2,(anonymous_7)
FNDA:0,(anonymous_8)
FNDA:2,(anonymous_9)
FNDA:0,(anonymous_10)
FNDA:0,(anonymous_11)
FNDA:0,listNearbyParkings
FNDA:0,(anonymous_13)
FNDA:0,(anonymous_14)
FNDA:0,(anonymous_15)
FNDA:0,(anonymous_16)
FNDA:0,(anonymous_17)
FNDA:0,listOwnerParkings
FNDA:0,(anonymous_19)
FNDA:0,(anonymous_20)
FNDA:0,getParkingDetail
FNDA:0,updateParking
FNDA:0,softDeleteParking
FNDA:0,approveParking
FNDA:0,rejectParking
FNDA:0,toggleParkingActive
FNDA:0,addParkingImages
FNDA:0,(anonymous_28)
FNDA:0,removeParkingImage
FNDA:0,(anonymous_30)
FNDA:0,(anonymous_31)
FNDA:0,setPrimaryParkingImage
FNDA:0,(anonymous_33)
FNDA:0,findParkingById
FNDA:0,applyParkingUpdates
FNDA:0,escapeRegExp
FNDA:2,getPaginationSkip
FNDA:0,serializeParkingImage
FNDA:2,serializeCoverImage
FNDA:0,findParkingImage
FNDA:0,(anonymous_41)
FNDA:0,syncParkingImageSummary
FNDA:0,(anonymous_43)
FNDA:0,(anonymous_44)
FNDA:2,normalizePricingForJson
FNDA:2,applyRanking
FNDA:2,(anonymous_47)
FNDA:0,(anonymous_48)
FNDA:0,(anonymous_49)
FNDA:0,(anonymous_50)
FNDA:2,calculateRankingScore
FNDA:4,normalize
FNDA:36,safeNumber
FNDA:10,clamp01
FNDA:2,computeParkingScore
FNDA:2,addLabels
FNDA:2,generateExplanation
FNDA:2,getDistanceInKm
FNDA:2,applySmartRecommendations
FNDA:2,(anonymous_60)
FNDA:2,(anonymous_61)
FNDA:2,(anonymous_62)
FNDA:0,(anonymous_63)
FNDA:2,enrichParkingsWithReviewStats
FNDA:2,(anonymous_65)
FNDA:0,(anonymous_66)
FNDA:2,(anonymous_67)
FNDA:0,getCurrentTime
FNDA:0,listSmartParkings
FNDA:0,(anonymous_70)
FNDA:0,(anonymous_71)
FNDA:0,(anonymous_72)
FNDA:0,(anonymous_73)
FNDA:0,(anonymous_74)
DA:13,2
DA:14,2
DA:15,2
DA:21,2
DA:57,2
DA:58,2
DA:60,2
DA:112,0
DA:145,2
DA:150,2
DA:152,2
DA:153,0
DA:156,2
DA:157,0
DA:160,2
DA:161,0
DA:164,2
DA:165,0
DA:168,2
DA:169,0
DA:172,2
DA:173,0
DA:176,2
DA:177,0
DA:180,2
DA:181,0
DA:184,2
DA:185,0
DA:187,0
DA:188,0
DA:191,0
DA:192,0
DA:200,2
DA:201,0
DA:204,2
DA:205,0
DA:206,0
DA:217,2
DA:221,2
DA:233,2
DA:240,0
DA:244,0
DA:245,0
DA:247,0
DA:251,2
DA:252,2
DA:253,2
DA:254,2
DA:255,2
DA:256,2
DA:258,2
DA:262,2
DA:266,2
DA:269,2
DA:271,0
DA:276,0
DA:277,0
DA:278,0
DA:279,0
DA:287,2
DA:288,2
DA:289,2
DA:290,2
DA:291,2
DA:302,2
DA:303,2
DA:306,2
DA:307,0
DA:308,0
DA:313,2
DA:314,0
DA:317,2
DA:329,0
DA:330,0
DA:331,0
DA:332,0
DA:333,0
DA:334,0
DA:336,0
DA:357,0
DA:358,0
DA:359,0
DA:360,0
DA:364,0
DA:367,0
DA:369,0
DA:374,0
DA:375,0
DA:376,0
DA:377,0
DA:385,0
DA:386,0
DA:387,0
DA:388,0
DA:389,0
DA:400,0
DA:401,0
DA:404,0
DA:405,0
DA:406,0
DA:411,0
DA:412,0
DA:415,0
DA:427,0
DA:428,0
DA:431,0
DA:432,0
DA:436,0
DA:437,0
DA:438,0
DA:439,0
DA:451,0
DA:452,0
DA:454,0
DA:456,0
DA:459,0
DA:460,0
DA:461,0
DA:462,0
DA:463,0
DA:471,0
DA:472,0
DA:473,0
DA:474,0
DA:475,0
DA:476,0
DA:477,0
DA:485,0
DA:489,0
DA:490,0
DA:492,0
DA:493,0
DA:496,0
DA:497,0
DA:499,0
DA:500,0
DA:503,0
DA:504,0
DA:505,0
DA:507,0
DA:508,0
DA:512,0
DA:513,0
DA:515,0
DA:516,0
DA:519,0
DA:520,0
DA:522,0
DA:526,0
DA:527,0
DA:529,0
DA:530,0
DA:531,0
DA:532,0
DA:534,0
DA:538,0
DA:539,0
DA:541,0
DA:542,0
DA:543,0
DA:544,0
DA:546,0
DA:550,0
DA:551,0
DA:553,0
DA:554,0
DA:556,0
DA:560,0
DA:561,0
DA:562,0
DA:564,0
DA:565,0
DA:568,0
DA:569,0
DA:572,0
DA:574,0
DA:575,0
DA:578,0
DA:580,0
DA:582,0
DA:592,0
DA:593,0
DA:594,0
DA:596,0
DA:600,0
DA:601,0
DA:602,0
DA:604,0
DA:605,0
DA:608,0
DA:610,0
DA:611,0
DA:614,0
DA:615,0
DA:617,0
DA:618,0
DA:621,0
DA:622,0
DA:624,0
DA:628,0
DA:629,0
DA:631,0
DA:632,0
DA:635,0
DA:637,0
DA:638,0
DA:641,0
DA:642,0
DA:644,0
DA:645,0
DA:647,0
DA:651,0
DA:652,0
DA:655,0
DA:657,0
DA:658,0
DA:661,0
DA:665,0
DA:686,0
DA:687,0
DA:688,0
DA:692,0
DA:693,0
DA:701,0
DA:705,2
DA:714,0
DA:724,2
DA:725,2
DA:728,0
DA:737,0
DA:738,0
DA:741,0
DA:745,0
DA:747,0
DA:748,0
DA:749,0
DA:752,0
DA:754,0
DA:755,0
DA:756,0
DA:759,0
DA:760,0
DA:763,0
DA:772,2
DA:773,2
DA:776,0
DA:777,0
DA:780,0
DA:781,0
DA:784,0
DA:785,0
DA:788,0
DA:792,2
DA:797,2
DA:798,0
DA:801,2
DA:802,0
DA:805,2
DA:808,0
DA:811,2
DA:812,0
DA:815,2
DA:819,2
DA:820,2
DA:821,2
DA:822,2
DA:823,2
DA:825,2
DA:829,4
DA:830,0
DA:833,4
DA:837,36
DA:838,36
DA:842,10
DA:846,2
DA:847,2
DA:849,2
DA:850,2
DA:851,2
DA:852,2
DA:853,2
DA:855,2
DA:856,2
DA:857,2
DA:858,2
DA:861,2
DA:866,2
DA:870,2
DA:872,2
DA:873,0
DA:876,2
DA:877,0
DA:880,2
DA:881,0
DA:884,2
DA:885,0
DA:888,2
DA:892,2
DA:893,2
DA:894,2
DA:895,2
DA:896,2
DA:898,2
DA:899,0
DA:902,2
DA:903,0
DA:906,2
DA:907,0
DA:910,2
DA:911,2
DA:914,2
DA:920,2
DA:921,2
DA:925,2
DA:926,0
DA:929,2
DA:930,2
DA:932,2
DA:933,2
DA:935,2
DA:937,2
DA:938,2
DA:939,2
DA:944,2
DA:951,2
DA:952,0
DA:953,0
DA:954,0
DA:956,0
DA:961,2
DA:962,0
DA:965,2
DA:966,2
DA:967,2
DA:978,2
DA:979,0
DA:988,2
DA:995,0
DA:996,0
DA:997,0
DA:999,0
DA:1025,0
DA:1030,0
DA:1032,0
DA:1033,0
DA:1037,0
DA:1038,0
DA:1040,0
DA:1042,0
DA:1046,0
DA:1049,0
DA:1051,0
DA:1052,0
DA:1053,0
DA:1055,0
DA:1057,0
DA:1058,0
DA:1059,0
DA:1061,0
LF:359
LH:114
BRDA:57,0,0,2
BRDA:57,0,1,0
BRDA:58,1,0,2
BRDA:58,1,1,0
BRDA:66,2,0,2
BRDA:66,2,1,0
BRDA:67,3,0,2
BRDA:67,3,1,0
BRDA:88,4,0,2
BRDA:88,4,1,0
BRDA:89,5,0,2
BRDA:89,5,1,0
BRDA:90,6,0,2
BRDA:90,6,1,0
BRDA:91,7,0,2
BRDA:91,7,1,0
BRDA:92,8,0,2
BRDA:92,8,1,0
BRDA:94,9,0,2
BRDA:94,9,1,0
BRDA:94,9,2,0
BRDA:98,10,0,2
BRDA:98,10,1,2
BRDA:100,11,0,2
BRDA:100,11,1,0
BRDA:101,12,0,2
BRDA:101,12,1,2
BRDA:102,13,0,2
BRDA:102,13,1,2
BRDA:117,14,0,0
BRDA:117,14,1,0
BRDA:118,15,0,0
BRDA:118,15,1,0
BRDA:129,16,0,0
BRDA:129,16,1,0
BRDA:130,17,0,0
BRDA:130,17,1,0
BRDA:131,18,0,0
BRDA:131,18,1,0
BRDA:132,19,0,0
BRDA:132,19,1,0
BRDA:133,20,0,0
BRDA:133,20,1,0
BRDA:150,21,0,2
BRDA:150,21,1,2
BRDA:152,22,0,0
BRDA:152,22,1,2
BRDA:156,23,0,0
BRDA:156,23,1,2
BRDA:160,24,0,0
BRDA:160,24,1,2
BRDA:164,25,0,0
BRDA:164,25,1,2
BRDA:168,26,0,0
BRDA:168,26,1,2
BRDA:172,27,0,0
BRDA:172,27,1,2
BRDA:176,28,0,0
BRDA:176,28,1,2
BRDA:180,29,0,0
BRDA:180,29,1,2
BRDA:184,30,0,0
BRDA:184,30,1,2
BRDA:184,31,0,2
BRDA:184,31,1,2
BRDA:187,32,0,0
BRDA:187,32,1,0
BRDA:191,33,0,0
BRDA:191,33,1,0
BRDA:200,34,0,0
BRDA:200,34,1,2
BRDA:204,35,0,0
BRDA:204,35,1,2
BRDA:234,36,0,2
BRDA:234,36,1,0
BRDA:240,37,0,0
BRDA:240,37,1,0
BRDA:243,38,0,0
BRDA:244,39,0,0
BRDA:244,39,1,0
BRDA:250,40,0,2
BRDA:251,41,0,2
BRDA:251,41,1,2
BRDA:269,42,0,0
BRDA:269,42,1,2
BRDA:269,43,0,2
BRDA:269,43,1,0
BRDA:269,43,2,0
BRDA:278,44,0,0
BRDA:278,44,1,0
BRDA:291,45,0,2
BRDA:291,45,1,0
BRDA:306,46,0,0
BRDA:306,46,1,2
BRDA:308,47,0,0
BRDA:308,47,1,0
BRDA:308,48,0,0
BRDA:308,48,1,0
BRDA:308,49,0,0
BRDA:308,49,1,0
BRDA:308,50,0,0
BRDA:308,50,1,0
BRDA:308,51,0,0
BRDA:308,51,1,0
BRDA:313,52,0,0
BRDA:313,52,1,2
BRDA:314,53,0,0
BRDA:314,53,1,0
BRDA:328,54,0,0
BRDA:329,55,0,0
BRDA:329,55,1,0
BRDA:333,56,0,0
BRDA:333,56,1,0
BRDA:358,57,0,0
BRDA:358,57,1,0
BRDA:359,58,0,0
BRDA:359,58,1,0
BRDA:360,59,0,0
BRDA:360,59,1,0
BRDA:367,60,0,0
BRDA:367,60,1,0
BRDA:367,61,0,0
BRDA:367,61,1,0
BRDA:367,61,2,0
BRDA:376,62,0,0
BRDA:376,62,1,0
BRDA:389,63,0,0
BRDA:389,63,1,0
BRDA:404,64,0,0
BRDA:404,64,1,0
BRDA:406,65,0,0
BRDA:406,65,1,0
BRDA:406,66,0,0
BRDA:406,66,1,0
BRDA:406,67,0,0
BRDA:406,67,1,0
BRDA:406,68,0,0
BRDA:406,68,1,0
BRDA:406,69,0,0
BRDA:406,69,1,0
BRDA:411,70,0,0
BRDA:411,70,1,0
BRDA:412,71,0,0
BRDA:412,71,1,0
BRDA:426,72,0,0
BRDA:427,73,0,0
BRDA:427,73,1,0
BRDA:439,74,0,0
BRDA:439,74,1,0
BRDA:450,75,0,0
BRDA:450,76,0,0
BRDA:451,77,0,0
BRDA:451,77,1,0
BRDA:454,78,0,0
BRDA:454,78,1,0
BRDA:454,79,0,0
BRDA:454,79,1,0
BRDA:460,80,0,0
BRDA:460,80,1,0
BRDA:471,81,0,0
BRDA:471,81,1,0
BRDA:471,82,0,0
BRDA:471,82,1,0
BRDA:474,83,0,0
BRDA:474,83,1,0
BRDA:488,84,0,0
BRDA:489,85,0,0
BRDA:489,85,1,0
BRDA:492,86,0,0
BRDA:492,86,1,0
BRDA:496,87,0,0
BRDA:496,87,1,0
BRDA:497,88,0,0
BRDA:497,88,1,0
BRDA:499,89,0,0
BRDA:499,89,1,0
BRDA:511,90,0,0
BRDA:512,91,0,0
BRDA:512,91,1,0
BRDA:515,92,0,0
BRDA:515,92,1,0
BRDA:525,93,0,0
BRDA:526,94,0,0
BRDA:526,94,1,0
BRDA:537,95,0,0
BRDA:537,96,0,0
BRDA:538,97,0,0
BRDA:538,97,1,0
BRDA:549,98,0,0
BRDA:550,99,0,0
BRDA:550,99,1,0
BRDA:559,100,0,0
BRDA:560,101,0,0
BRDA:560,101,1,0
BRDA:561,102,0,0
BRDA:561,102,1,0
BRDA:564,103,0,0
BRDA:564,103,1,0
BRDA:568,104,0,0
BRDA:568,104,1,0
BRDA:572,105,0,0
BRDA:572,105,1,0
BRDA:574,106,0,0
BRDA:574,106,1,0
BRDA:586,107,0,0
BRDA:586,107,1,0
BRDA:587,108,0,0
BRDA:587,108,1,0
BRDA:599,109,0,0
BRDA:600,110,0,0
BRDA:600,110,1,0
BRDA:601,111,0,0
BRDA:601,111,1,0
BRDA:604,112,0,0
BRDA:604,112,1,0
BRDA:610,113,0,0
BRDA:610,113,1,0
BRDA:617,114,0,0
BRDA:617,114,1,0
BRDA:617,115,0,0
BRDA:617,115,1,0
BRDA:627,116,0,0
BRDA:628,117,0,0
BRDA:628,117,1,0
BRDA:631,118,0,0
BRDA:631,118,1,0
BRDA:637,119,0,0
BRDA:637,119,1,0
BRDA:650,120,0,0
BRDA:651,121,0,0
BRDA:651,121,1,0
BRDA:657,122,0,0
BRDA:657,122,1,0
BRDA:657,123,0,0
BRDA:657,123,1,0
BRDA:657,123,2,0
BRDA:687,124,0,0
BRDA:687,124,1,0
BRDA:692,125,0,0
BRDA:692,125,1,0
BRDA:715,126,0,0
BRDA:715,126,1,0
BRDA:719,127,0,0
BRDA:719,127,1,0
BRDA:724,128,0,2
BRDA:724,128,1,0
BRDA:729,129,0,0
BRDA:729,129,1,0
BRDA:732,130,0,0
BRDA:732,130,1,0
BRDA:737,131,0,0
BRDA:737,131,1,0
BRDA:747,132,0,0
BRDA:747,132,1,0
BRDA:754,133,0,0
BRDA:754,133,1,0
BRDA:767,134,0,0
BRDA:767,134,1,0
BRDA:772,135,0,2
BRDA:772,135,1,0
BRDA:776,136,0,0
BRDA:776,136,1,0
BRDA:780,137,0,0
BRDA:780,137,1,0
BRDA:784,138,0,0
BRDA:784,138,1,0
BRDA:784,139,0,0
BRDA:784,139,1,0
BRDA:791,140,0,0
BRDA:797,141,0,0
BRDA:797,141,1,2
BRDA:798,142,0,0
BRDA:798,142,1,0
BRDA:798,143,0,0
BRDA:798,143,1,0
BRDA:801,144,0,0
BRDA:801,144,1,2
BRDA:801,145,0,2
BRDA:801,145,1,2
BRDA:802,146,0,0
BRDA:802,146,1,0
BRDA:805,147,0,0
BRDA:805,147,1,2
BRDA:811,148,0,0
BRDA:811,148,1,2
BRDA:819,149,0,2
BRDA:819,149,1,0
BRDA:821,150,0,2
BRDA:821,150,1,0
BRDA:823,151,0,2
BRDA:823,151,1,0
BRDA:829,152,0,0
BRDA:829,152,1,4
BRDA:829,153,0,4
BRDA:829,153,1,4
BRDA:829,153,2,4
BRDA:829,153,3,4
BRDA:836,154,0,0
BRDA:837,155,0,36
BRDA:837,155,1,0
BRDA:838,156,0,30
BRDA:838,156,1,6
BRDA:850,157,0,2
BRDA:850,157,1,2
BRDA:858,158,0,2
BRDA:858,158,1,0
BRDA:872,159,0,0
BRDA:872,159,1,2
BRDA:872,160,0,2
BRDA:872,160,1,2
BRDA:876,161,0,0
BRDA:876,161,1,2
BRDA:880,162,0,0
BRDA:880,162,1,2
BRDA:880,163,0,2
BRDA:880,163,1,2
BRDA:880,163,2,0
BRDA:884,164,0,0
BRDA:884,164,1,2
BRDA:884,165,0,2
BRDA:884,165,1,0
BRDA:895,166,0,2
BRDA:895,166,1,2
BRDA:898,167,0,0
BRDA:898,167,1,2
BRDA:902,168,0,0
BRDA:902,168,1,2
BRDA:906,169,0,0
BRDA:906,169,1,2
BRDA:910,170,0,2
BRDA:910,170,1,0
BRDA:914,171,0,2
BRDA:914,171,1,0
BRDA:921,172,0,2
BRDA:921,172,1,0
BRDA:925,173,0,0
BRDA:925,173,1,2
BRDA:930,174,0,2
BRDA:930,174,1,2
BRDA:952,175,0,0
BRDA:952,175,1,0
BRDA:953,176,0,0
BRDA:953,176,1,0
BRDA:953,177,0,0
BRDA:953,177,1,0
BRDA:953,178,0,0
BRDA:953,178,1,0
BRDA:954,179,0,0
BRDA:954,179,1,0
BRDA:954,180,0,0
BRDA:954,180,1,0
BRDA:956,181,0,0
BRDA:956,181,1,0
BRDA:956,182,0,0
BRDA:956,182,1,0
BRDA:960,183,0,0
BRDA:961,184,0,0
BRDA:961,184,1,2
BRDA:965,185,0,2
BRDA:965,185,1,2
BRDA:982,186,0,0
BRDA:982,186,1,0
BRDA:983,187,0,0
BRDA:983,187,1,0
BRDA:990,188,0,2
BRDA:990,188,1,2
BRDA:994,189,0,0
BRDA:995,190,0,0
BRDA:995,190,1,0
BRDA:1023,191,0,0
BRDA:1023,192,0,0
BRDA:1023,193,0,0
BRDA:1032,194,0,0
BRDA:1032,194,1,0
BRDA:1038,195,0,0
BRDA:1038,195,1,0
BRDA:1052,196,0,0
BRDA:1052,196,1,0
BRDA:1052,197,0,0
BRDA:1052,197,1,0
BRDA:1063,198,0,0
BRDA:1063,198,1,0
BRF:382
BRH:88
end_of_record
TN:
SF:src\services\payment.service.js
FN:20,createOrder
FN:44,fetchOrder
FN:61,verifySignature
FN:81,verifyWebhookSignature
FN:100,createPaymentOrder
FN:145,verifyPayment
FN:211,handlePaymentWebhook
FN:255,(anonymous_7)
FN:280,createConfirmedPaidBooking
FN:286,createConfirmedPaidBookingIdempotently
FN:303,validatePaymentAmount
FN:311,normalizeBookingInput
FN:322,validatePaymentBookingRequest
FN:373,buildOrderNotes
FN:386,extractBookingInputFromOrder
FN:397,getOrderNote
FN:401,logPaymentVerification
FN:410,notifyBookingConfirmed
FN:448,(anonymous_18)
FNF:19
FNH:0
FNDA:0,createOrder
FNDA:0,fetchOrder
FNDA:0,verifySignature
FNDA:0,verifyWebhookSignature
FNDA:0,createPaymentOrder
FNDA:0,verifyPayment
FNDA:0,handlePaymentWebhook
FNDA:0,(anonymous_7)
FNDA:0,createConfirmedPaidBooking
FNDA:0,createConfirmedPaidBookingIdempotently
FNDA:0,validatePaymentAmount
FNDA:0,normalizeBookingInput
FNDA:0,validatePaymentBookingRequest
FNDA:0,buildOrderNotes
FNDA:0,extractBookingInputFromOrder
FNDA:0,getOrderNote
FNDA:0,logPaymentVerification
FNDA:0,notifyBookingConfirmed
FNDA:0,(anonymous_18)
DA:21,0
DA:23,0
DA:24,0
DA:27,0
DA:28,0
DA:31,0
DA:36,0
DA:45,0
DA:46,0
DA:49,0
DA:50,0
DA:53,0
DA:58,0
DA:62,0
DA:63,0
DA:66,0
DA:71,0
DA:72,0
DA:74,0
DA:75,0
DA:78,0
DA:82,0
DA:83,0
DA:86,0
DA:90,0
DA:91,0
DA:93,0
DA:94,0
DA:97,0
DA:101,0
DA:102,0
DA:103,0
DA:104,0
DA:105,0
DA:106,0
DA:108,0
DA:109,0
DA:119,0
DA:126,0
DA:131,0
DA:146,0
DA:147,0
DA:148,0
DA:149,0
DA:150,0
DA:152,0
DA:153,0
DA:160,0
DA:162,0
DA:163,0
DA:164,0
DA:166,0
DA:167,0
DA:170,0
DA:171,0
DA:174,0
DA:180,0
DA:181,0
DA:187,0
DA:188,0
DA:189,0
DA:205,0
DA:212,0
DA:214,0
DA:215,0
DA:220,0
DA:221,0
DA:223,0
DA:226,0
DA:228,0
DA:229,0
DA:232,0
DA:233,0
DA:234,0
DA:235,0
DA:237,0
DA:238,0
DA:245,0
DA:248,0
DA:249,0
DA:251,0
DA:252,0
DA:255,0
DA:256,0
DA:257,0
DA:258,0
DA:274,0
DA:281,0
DA:282,0
DA:283,0
DA:287,0
DA:288,0
DA:290,0
DA:291,0
DA:294,0
DA:295,0
DA:296,0
DA:299,0
DA:304,0
DA:306,0
DA:307,0
DA:312,0
DA:323,0
DA:324,0
DA:327,0
DA:328,0
DA:329,0
DA:332,0
DA:338,0
DA:339,0
DA:342,0
DA:343,0
DA:346,0
DA:356,0
DA:358,0
DA:359,0
DA:362,0
DA:364,0
DA:367,0
DA:370,0
DA:374,0
DA:387,0
DA:398,0
DA:402,0
DA:403,0
DA:411,0
DA:412,0
DA:413,0
DA:418,0
DA:420,0
DA:424,0
DA:425,0
DA:429,0
DA:430,0
DA:431,0
DA:434,0
DA:435,0
DA:438,0
DA:439,0
DA:440,0
DA:444,0
DA:445,0
DA:447,0
DA:448,0
LF:144
LH:0
BRDA:20,0,0,0
BRDA:23,1,0,0
BRDA:23,1,1,0
BRDA:23,2,0,0
BRDA:23,2,1,0
BRDA:27,3,0,0
BRDA:27,3,1,0
BRDA:27,4,0,0
BRDA:27,4,1,0
BRDA:39,5,0,0
BRDA:39,5,1,0
BRDA:45,6,0,0
BRDA:45,6,1,0
BRDA:49,7,0,0
BRDA:49,7,1,0
BRDA:49,8,0,0
BRDA:49,8,1,0
BRDA:62,9,0,0
BRDA:62,9,1,0
BRDA:62,10,0,0
BRDA:62,10,1,0
BRDA:62,10,2,0
BRDA:62,10,3,0
BRDA:74,11,0,0
BRDA:74,11,1,0
BRDA:82,12,0,0
BRDA:82,12,1,0
BRDA:82,13,0,0
BRDA:82,13,1,0
BRDA:82,13,2,0
BRDA:93,14,0,0
BRDA:93,14,1,0
BRDA:100,15,0,0
BRDA:101,16,0,0
BRDA:101,16,1,0
BRDA:102,17,0,0
BRDA:102,17,1,0
BRDA:103,18,0,0
BRDA:103,18,1,0
BRDA:108,19,0,0
BRDA:108,19,1,0
BRDA:108,20,0,0
BRDA:108,20,1,0
BRDA:145,21,0,0
BRDA:146,22,0,0
BRDA:146,22,1,0
BRDA:147,23,0,0
BRDA:147,23,1,0
BRDA:148,24,0,0
BRDA:148,24,1,0
BRDA:149,25,0,0
BRDA:149,25,1,0
BRDA:152,26,0,0
BRDA:152,26,1,0
BRDA:166,27,0,0
BRDA:166,27,1,0
BRDA:166,28,0,0
BRDA:166,28,1,0
BRDA:166,28,2,0
BRDA:170,29,0,0
BRDA:170,29,1,0
BRDA:180,30,0,0
BRDA:180,30,1,0
BRDA:211,31,0,0
BRDA:212,32,0,0
BRDA:212,32,1,0
BRDA:214,33,0,0
BRDA:214,33,1,0
BRDA:228,34,0,0
BRDA:228,34,1,0
BRDA:228,35,0,0
BRDA:228,35,1,0
BRDA:232,36,0,0
BRDA:232,36,1,0
BRDA:233,37,0,0
BRDA:233,37,1,0
BRDA:234,38,0,0
BRDA:234,38,1,0
BRDA:237,39,0,0
BRDA:237,39,1,0
BRDA:245,40,0,0
BRDA:245,40,1,0
BRDA:251,41,0,0
BRDA:251,41,1,0
BRDA:280,42,0,0
BRDA:286,43,0,0
BRDA:290,44,0,0
BRDA:290,44,1,0
BRDA:290,45,0,0
BRDA:290,45,1,0
BRDA:290,45,2,0
BRDA:295,46,0,0
BRDA:295,46,1,0
BRDA:306,47,0,0
BRDA:306,47,1,0
BRDA:306,48,0,0
BRDA:306,48,1,0
BRDA:323,49,0,0
BRDA:323,49,1,0
BRDA:328,50,0,0
BRDA:328,50,1,0
BRDA:338,51,0,0
BRDA:338,51,1,0
BRDA:342,52,0,0
BRDA:342,52,1,0
BRDA:358,53,0,0
BRDA:358,53,1,0
BRDA:362,54,0,0
BRDA:362,54,1,0
BRDA:364,55,0,0
BRDA:364,55,1,0
BRDA:386,56,0,0
BRDA:388,57,0,0
BRDA:388,57,1,0
BRDA:389,58,0,0
BRDA:389,58,1,0
BRDA:390,59,0,0
BRDA:390,59,1,0
BRDA:391,60,0,0
BRDA:391,60,1,0
BRDA:392,61,0,0
BRDA:392,61,1,0
BRDA:393,62,0,0
BRDA:393,62,1,0
BRDA:398,63,0,0
BRDA:398,63,1,0
BRDA:402,64,0,0
BRDA:402,64,1,0
BRDA:410,65,0,0
BRDA:411,66,0,0
BRDA:411,66,1,0
BRDA:412,67,0,0
BRDA:412,67,1,0
BRDA:413,68,0,0
BRDA:413,68,1,0
BRDA:424,69,0,0
BRDA:424,69,1,0
BRDA:430,70,0,0
BRDA:430,70,1,0
BRDA:431,71,0,0
BRDA:431,71,1,0
BRDA:438,72,0,0
BRDA:438,72,1,0
BRDA:440,73,0,0
BRDA:440,73,1,0
BRF:145
BRH:0
end_of_record
TN:
SF:src\services\review.service.js
FN:12,serializeReview
FN:47,createReview
FN:98,listMyReviews
FN:116,getParkingReviews
FN:175,getOwnerReviews
FN:181,(anonymous_5)
FN:221,(anonymous_6)
FN:238,(anonymous_7)
FN:250,getAllReviews
FN:266,deleteReview
FN:286,getReviewedBookingIds
FN:289,(anonymous_11)
FN:300,(anonymous_12)
FNF:13
FNH:0
FNDA:0,serializeReview
FNDA:0,createReview
FNDA:0,listMyReviews
FNDA:0,getParkingReviews
FNDA:0,getOwnerReviews
FNDA:0,(anonymous_5)
FNDA:0,(anonymous_6)
FNDA:0,(anonymous_7)
FNDA:0,getAllReviews
FNDA:0,deleteReview
FNDA:0,getReviewedBookingIds
FNDA:0,(anonymous_11)
FNDA:0,(anonymous_12)
DA:13,0
DA:48,0
DA:49,0
DA:52,0
DA:53,0
DA:56,0
DA:58,0
DA:59,0
DA:62,0
DA:63,0
DA:67,0
DA:68,0
DA:72,0
DA:74,0
DA:75,0
DA:78,0
DA:86,0
DA:91,0
DA:99,0
DA:101,0
DA:106,0
DA:117,0
DA:118,0
DA:120,0
DA:121,0
DA:124,0
DA:126,0
DA:127,0
DA:130,0
DA:151,0
DA:154,0
DA:155,0
DA:156,0
DA:159,0
DA:176,0
DA:177,0
DA:180,0
DA:181,0
DA:183,0
DA:184,0
DA:187,0
DA:206,0
DA:209,0
DA:220,0
DA:221,0
DA:230,0
DA:238,0
DA:251,0
DA:253,0
DA:259,0
DA:267,0
DA:269,0
DA:270,0
DA:273,0
DA:275,0
DA:276,0
DA:279,0
DA:287,0
DA:289,0
DA:291,0
DA:292,0
DA:295,0
DA:300,0
LF:63
LH:0
BRDA:15,0,0,0
BRDA:15,0,1,0
BRDA:18,1,0,0
BRDA:18,1,1,0
BRDA:21,2,0,0
BRDA:21,2,1,0
BRDA:24,3,0,0
BRDA:24,3,1,0
BRDA:27,4,0,0
BRDA:27,4,1,0
BRDA:29,5,0,0
BRDA:29,5,1,0
BRDA:47,6,0,0
BRDA:48,7,0,0
BRDA:48,7,1,0
BRDA:49,8,0,0
BRDA:49,8,1,0
BRDA:52,9,0,0
BRDA:52,9,1,0
BRDA:58,10,0,0
BRDA:58,10,1,0
BRDA:62,11,0,0
BRDA:62,11,1,0
BRDA:67,12,0,0
BRDA:67,12,1,0
BRDA:74,13,0,0
BRDA:74,13,1,0
BRDA:83,14,0,0
BRDA:83,14,1,0
BRDA:98,15,0,0
BRDA:99,16,0,0
BRDA:99,16,1,0
BRDA:116,17,0,0
BRDA:117,18,0,0
BRDA:117,18,1,0
BRDA:118,19,0,0
BRDA:118,19,1,0
BRDA:120,20,0,0
BRDA:120,20,1,0
BRDA:126,21,0,0
BRDA:126,21,1,0
BRDA:151,22,0,0
BRDA:151,22,1,0
BRDA:156,23,0,0
BRDA:156,23,1,0
BRDA:162,24,0,0
BRDA:162,24,1,0
BRDA:175,25,0,0
BRDA:176,26,0,0
BRDA:176,26,1,0
BRDA:177,27,0,0
BRDA:177,27,1,0
BRDA:183,28,0,0
BRDA:183,28,1,0
BRDA:206,29,0,0
BRDA:206,29,1,0
BRDA:233,30,0,0
BRDA:233,30,1,0
BRDA:241,31,0,0
BRDA:241,31,1,0
BRDA:250,32,0,0
BRDA:251,33,0,0
BRDA:251,33,1,0
BRDA:266,34,0,0
BRDA:267,35,0,0
BRDA:267,35,1,0
BRDA:269,36,0,0
BRDA:269,36,1,0
BRDA:275,37,0,0
BRDA:275,37,1,0
BRDA:286,38,0,0
BRDA:287,39,0,0
BRDA:287,39,1,0
BRDA:291,40,0,0
BRDA:291,40,1,0
BRF:75
BRH:0
end_of_record
TN:
SF:src\services\search.service.js
FN:3,getSearchSuggestions
FN:27,(anonymous_1)
FN:28,(anonymous_2)
FN:29,(anonymous_3)
FN:39,escapeRegExp
FNF:5
FNH:0
FNDA:0,getSearchSuggestions
FNDA:0,(anonymous_1)
FNDA:0,(anonymous_2)
FNDA:0,(anonymous_3)
FNDA:0,escapeRegExp
DA:4,0
DA:5,0
DA:7,0
DA:8,0
DA:13,0
DA:14,0
DA:19,0
DA:25,0
DA:27,0
DA:28,0
DA:29,0
DA:40,0
LF:12
LH:0
BRDA:3,0,0,0
BRDA:4,1,0,0
BRDA:4,1,1,0
BRDA:7,2,0,0
BRDA:7,2,1,0
BRDA:7,3,0,0
BRDA:7,3,1,0
BRF:7
BRH:0
end_of_record
TN:
SF:src\services\slot.service.js
FNF:0
FNH:0
LF:0
LH:0
BRF:0
BRH:0
end_of_record
